2022-07-18 21:39:32,008 --> Main.py              [line:20] --> INFO --> 运行./case/testcase.xlsx测试用例
2022-07-18 21:39:32,050 --> ReadExcel.py         [line:20] --> INFO --> ---------------Sheet1---------------
2022-07-18 21:39:32,050 --> ReadExcel.py         [line:24] --> INFO --> 执行用例第1步骤：创建Chrome浏览器
2022-07-18 21:39:33,313 --> WebDriverWrapper.py  [line:59] --> INFO --> 启动浏览器 --> Chrome
2022-07-18 21:39:33,314 --> ReadExcel.py         [line:24] --> INFO --> 执行用例第2步骤：访问电商系统
2022-07-18 21:39:33,314 --> SeleniumWrapper.py   [line:62] --> INFO --> 访问[http://www.testingedu.com.cn:8000/Home/User/login.html]地址
2022-07-18 21:39:37,430 --> ReadExcel.py         [line:24] --> INFO --> 执行用例第3步骤：输入账号
2022-07-18 21:39:37,430 --> SeleniumWrapper.py   [line:68] --> INFO --> 以[name]方式定位[username]元素
2022-07-18 21:39:38,378 --> SeleniumWrapper.py   [line:86] --> INFO --> 以[name]方式定位[username]元素并输入[13800138006]文本
2022-07-18 21:39:38,378 --> ReadExcel.py         [line:24] --> INFO --> 执行用例第4步骤：输入密码
2022-07-18 21:39:38,378 --> SeleniumWrapper.py   [line:68] --> INFO --> 以[id]方式定位[password]元素
2022-07-18 21:39:39,306 --> SeleniumWrapper.py   [line:86] --> INFO --> 以[id]方式定位[password]元素并输入[0000]文本
2022-07-18 21:39:39,306 --> ReadExcel.py         [line:24] --> INFO --> 执行用例第5步骤：输入验证码
2022-07-18 21:39:39,306 --> SeleniumWrapper.py   [line:68] --> INFO --> 以[id]方式定位[verify_code]元素
2022-07-18 21:39:40,220 --> SeleniumWrapper.py   [line:86] --> INFO --> 以[id]方式定位[verify_code]元素并输入[0000]文本
2022-07-18 21:39:40,220 --> ReadExcel.py         [line:24] --> INFO --> 执行用例第6步骤：点击登录按钮
2022-07-18 21:39:40,221 --> SeleniumWrapper.py   [line:68] --> INFO --> 以[xpath]方式定位[//a[@name="sbtbutton"]]元素
2022-07-18 21:39:41,156 --> SeleniumWrapper.py   [line:95] --> INFO --> 以[xpath]方式定位[//a[@name="sbtbutton"]]元素并点击
2022-07-18 21:39:41,157 --> ReadExcel.py         [line:24] --> INFO --> 执行用例第7步骤：校验登录后是否存在退出的元素
2022-07-18 21:39:41,157 --> SeleniumWrapper.py   [line:68] --> INFO --> 以[link text]方式定位[安全退出]元素
2022-07-18 21:39:51,709 --> SeleniumWrapper.py   [line:71] --> ERROR --> 找不到元素，以[link text]方式定位[安全退出]元素定位失败！
2022-07-18 21:40:01,806 --> SeleniumWrapper.py   [line:130] --> ERROR --> Traceback (most recent call last):
  File "E:\UIAutomation\base\SeleniumWrapper.py", line 126, in assert_text
    reality = self.locator_element(name, value).text
  File "E:\UIAutomation\base\SeleniumWrapper.py", line 73, in locator_element
    element = self.driver.find_element(name, value)
  File "E:\ITWork\Python365\lib\site-packages\selenium\webdriver\remote\webdriver.py", line 978, in find_element
    'value': value})['value']
  File "E:\ITWork\Python365\lib\site-packages\selenium\webdriver\remote\webdriver.py", line 321, in execute
    self.error_handler.check_response(response)
  File "E:\ITWork\Python365\lib\site-packages\selenium\webdriver\remote\errorhandler.py", line 242, in check_response
    raise exception_class(message, screen, stacktrace)
selenium.common.exceptions.NoSuchElementException: Message: no such element: Unable to locate element: {"method":"link text","selector":"安全退出"}
  (Session info: chrome=99.0.4844.74)


2022-07-18 21:40:01,848 --> ReadExcel.py         [line:24] --> INFO --> 执行用例第8步骤：登录成功后截图
2022-07-18 21:40:01,848 --> SeleniumWrapper.py   [line:99] --> INFO --> 截图成功存放路径：[./picture/特斯汀电商系统登录成功1.png]
2022-07-18 21:40:02,197 --> ReadExcel.py         [line:20] --> INFO --> ---------------Sheet2---------------
2022-07-18 21:40:02,197 --> ReadExcel.py         [line:24] --> INFO --> 执行用例第1步骤：打开新的标签页
2022-07-18 21:40:02,232 --> ReadExcel.py         [line:24] --> INFO --> 执行用例第2步骤：访问电商系统
2022-07-18 21:40:02,233 --> SeleniumWrapper.py   [line:62] --> INFO --> 访问[http://www.baidu.com]地址
2022-07-18 21:40:05,423 --> ReadExcel.py         [line:24] --> INFO --> 执行用例第3步骤：输入账号
2022-07-18 21:40:05,423 --> SeleniumWrapper.py   [line:68] --> INFO --> 以[name]方式定位[username]元素
2022-07-18 21:40:15,976 --> SeleniumWrapper.py   [line:71] --> ERROR --> 找不到元素，以[name]方式定位[username]元素定位失败！
2022-07-18 21:40:26,026 --> SeleniumWrapper.py   [line:99] --> INFO --> 截图成功存放路径：[./picture/error_输入账号_34187270.png]
2022-07-18 21:40:26,203 --> SeleniumWrapper.py   [line:68] --> INFO --> 以[name]方式定位[username]元素
2022-07-18 21:40:36,750 --> SeleniumWrapper.py   [line:71] --> ERROR --> 找不到元素，以[name]方式定位[username]元素定位失败！
2022-07-18 21:40:46,790 --> ReadExcel.py         [line:58] --> ERROR --> Traceback (most recent call last):
  File "E:\UIAutomation\common\ReadExcel.py", line 43, in excel_ruuner
    actions(excel, sheet_temp, data, path, values, driver)
  File "E:\UIAutomation\biz\PageAction.py", line 35, in actions
    getattr(driver, branch(values[1]))(**data)
  File "E:\UIAutomation\base\SeleniumWrapper.py", line 85, in input_element
    self.locator_element(name, value).send_keys(text)
  File "E:\UIAutomation\base\SeleniumWrapper.py", line 73, in locator_element
    element = self.driver.find_element(name, value)
  File "E:\ITWork\Python365\lib\site-packages\selenium\webdriver\remote\webdriver.py", line 978, in find_element
    'value': value})['value']
  File "E:\ITWork\Python365\lib\site-packages\selenium\webdriver\remote\webdriver.py", line 321, in execute
    self.error_handler.check_response(response)
  File "E:\ITWork\Python365\lib\site-packages\selenium\webdriver\remote\errorhandler.py", line 242, in check_response
    raise exception_class(message, screen, stacktrace)
selenium.common.exceptions.NoSuchElementException: Message: no such element: Unable to locate element: {"method":"css selector","selector":"[name="username"]"}
  (Session info: chrome=99.0.4844.74)


During handling of the above exception, another exception occurred:

Traceback (most recent call last):
  File "E:\UIAutomation\common\ReadExcel.py", line 46, in excel_ruuner
    error_loc(sheet_temp,values,driver,data)
  File "E:\UIAutomation\common\PictureDispose.py", line 16, in error_loc
    element = driver.locator_element(values[2],values[3])
  File "E:\UIAutomation\base\SeleniumWrapper.py", line 73, in locator_element
    element = self.driver.find_element(name, value)
  File "E:\ITWork\Python365\lib\site-packages\selenium\webdriver\remote\webdriver.py", line 978, in find_element
    'value': value})['value']
  File "E:\ITWork\Python365\lib\site-packages\selenium\webdriver\remote\webdriver.py", line 321, in execute
    self.error_handler.check_response(response)
  File "E:\ITWork\Python365\lib\site-packages\selenium\webdriver\remote\errorhandler.py", line 242, in check_response
    raise exception_class(message, screen, stacktrace)
selenium.common.exceptions.NoSuchElementException: Message: no such element: Unable to locate element: {"method":"css selector","selector":"[name="username"]"}
  (Session info: chrome=99.0.4844.74)


2022-07-18 21:52:50,297 --> Main.py              [line:20] --> INFO --> 运行./case/testcase.xlsx测试用例
2022-07-18 21:52:50,343 --> ReadExcel.py         [line:20] --> INFO --> ---------------Sheet1---------------
2022-07-18 21:52:50,343 --> ReadExcel.py         [line:24] --> INFO --> 执行用例第1步骤：创建Chrome浏览器
2022-07-18 21:52:51,576 --> WebDriverWrapper.py  [line:59] --> INFO --> 启动浏览器 --> Chrome
2022-07-18 21:52:51,578 --> ReadExcel.py         [line:24] --> INFO --> 执行用例第2步骤：访问电商系统
2022-07-18 21:52:51,578 --> SeleniumWrapper.py   [line:62] --> INFO --> 访问[http://www.testingedu.com.cn:8000/Home/User/login.html]地址
2022-07-18 21:52:58,005 --> ReadExcel.py         [line:24] --> INFO --> 执行用例第3步骤：输入账号
2022-07-18 21:52:58,005 --> SeleniumWrapper.py   [line:68] --> INFO --> 以[name]方式定位[username]元素
2022-07-18 21:52:59,044 --> SeleniumWrapper.py   [line:86] --> INFO --> 以[name]方式定位[username]元素并输入[13800138006]文本
2022-07-18 21:52:59,045 --> ReadExcel.py         [line:24] --> INFO --> 执行用例第4步骤：输入密码
2022-07-18 21:52:59,045 --> SeleniumWrapper.py   [line:68] --> INFO --> 以[id]方式定位[password]元素
2022-07-18 21:52:59,982 --> SeleniumWrapper.py   [line:86] --> INFO --> 以[id]方式定位[password]元素并输入[0000]文本
2022-07-18 21:52:59,982 --> ReadExcel.py         [line:24] --> INFO --> 执行用例第5步骤：输入验证码
2022-07-18 21:52:59,982 --> SeleniumWrapper.py   [line:68] --> INFO --> 以[id]方式定位[verify_code]元素
2022-07-18 21:53:00,920 --> SeleniumWrapper.py   [line:86] --> INFO --> 以[id]方式定位[verify_code]元素并输入[0000]文本
2022-07-18 21:53:00,921 --> ReadExcel.py         [line:24] --> INFO --> 执行用例第6步骤：点击登录按钮
2022-07-18 21:53:00,921 --> SeleniumWrapper.py   [line:68] --> INFO --> 以[xpath]方式定位[//a[@name="sbtbutton"]]元素
2022-07-18 21:53:01,833 --> SeleniumWrapper.py   [line:95] --> INFO --> 以[xpath]方式定位[//a[@name="sbtbutton"]]元素并点击
2022-07-18 21:53:01,833 --> ReadExcel.py         [line:24] --> INFO --> 执行用例第7步骤：校验登录后是否存在退出的元素
2022-07-18 21:53:01,833 --> SeleniumWrapper.py   [line:68] --> INFO --> 以[link text]方式定位[安全退出]元素
2022-07-18 21:53:12,423 --> SeleniumWrapper.py   [line:71] --> ERROR --> 找不到元素，以[link text]方式定位[安全退出]元素定位失败！
2022-07-18 21:53:22,457 --> SeleniumWrapper.py   [line:130] --> ERROR --> Traceback (most recent call last):
  File "E:\UIAutomation\base\SeleniumWrapper.py", line 126, in assert_text
    reality = self.locator_element(name, value).text
  File "E:\UIAutomation\base\SeleniumWrapper.py", line 73, in locator_element
    element = self.driver.find_element(name, value)
  File "E:\ITWork\Python365\lib\site-packages\selenium\webdriver\remote\webdriver.py", line 978, in find_element
    'value': value})['value']
  File "E:\ITWork\Python365\lib\site-packages\selenium\webdriver\remote\webdriver.py", line 321, in execute
    self.error_handler.check_response(response)
  File "E:\ITWork\Python365\lib\site-packages\selenium\webdriver\remote\errorhandler.py", line 242, in check_response
    raise exception_class(message, screen, stacktrace)
selenium.common.exceptions.NoSuchElementException: Message: no such element: Unable to locate element: {"method":"link text","selector":"安全退出"}
  (Session info: chrome=99.0.4844.74)


2022-07-18 21:53:22,493 --> ReadExcel.py         [line:24] --> INFO --> 执行用例第8步骤：登录成功后截图
2022-07-18 21:53:22,493 --> SeleniumWrapper.py   [line:99] --> INFO --> 截图成功存放路径：[./picture/特斯汀电商系统登录成功1.png]
2022-07-18 21:53:22,789 --> ReadExcel.py         [line:20] --> INFO --> ---------------Sheet2---------------
2022-07-18 21:53:22,789 --> ReadExcel.py         [line:24] --> INFO --> 执行用例第1步骤：打开新的标签页
2022-07-18 21:53:22,824 --> ReadExcel.py         [line:24] --> INFO --> 执行用例第2步骤：访问电商系统
2022-07-18 21:53:22,824 --> SeleniumWrapper.py   [line:62] --> INFO --> 访问[http://www.baidu.com]地址
2022-07-18 21:53:25,483 --> ReadExcel.py         [line:24] --> INFO --> 执行用例第3步骤：输入账号
2022-07-18 21:53:25,484 --> SeleniumWrapper.py   [line:68] --> INFO --> 以[name]方式定位[username]元素
2022-07-18 21:53:36,015 --> SeleniumWrapper.py   [line:71] --> ERROR --> 找不到元素，以[name]方式定位[username]元素定位失败！
2022-07-18 21:53:46,091 --> SeleniumWrapper.py   [line:99] --> INFO --> 截图成功存放路径：[./picture/error_输入账号_55746715.png]
2022-07-18 21:53:46,327 --> ReadExcel.py         [line:58] --> ERROR --> Traceback (most recent call last):
  File "E:\UIAutomation\common\ReadExcel.py", line 43, in excel_ruuner
    actions(excel, sheet_temp, data, path, values, driver)
  File "E:\UIAutomation\biz\PageAction.py", line 35, in actions
    getattr(driver, branch(values[1]))(**data)
  File "E:\UIAutomation\base\SeleniumWrapper.py", line 85, in input_element
    self.locator_element(name, value).send_keys(text)
  File "E:\UIAutomation\base\SeleniumWrapper.py", line 73, in locator_element
    element = self.driver.find_element(name, value)
  File "E:\ITWork\Python365\lib\site-packages\selenium\webdriver\remote\webdriver.py", line 978, in find_element
    'value': value})['value']
  File "E:\ITWork\Python365\lib\site-packages\selenium\webdriver\remote\webdriver.py", line 321, in execute
    self.error_handler.check_response(response)
  File "E:\ITWork\Python365\lib\site-packages\selenium\webdriver\remote\errorhandler.py", line 242, in check_response
    raise exception_class(message, screen, stacktrace)
selenium.common.exceptions.NoSuchElementException: Message: no such element: Unable to locate element: {"method":"css selector","selector":"[name="username"]"}
  (Session info: chrome=99.0.4844.74)


During handling of the above exception, another exception occurred:

Traceback (most recent call last):
  File "E:\UIAutomation\common\ReadExcel.py", line 46, in excel_ruuner
    error_loc(sheet_temp,values,driver)
  File "E:\UIAutomation\common\PictureDispose.py", line 15, in error_loc
    driver.is_alert_exist()
  File "E:\UIAutomation\base\SeleniumWrapper.py", line 332, in is_alert_exist
    result = EC.alert_is_present()(self)
  File "E:\ITWork\Python365\lib\site-packages\selenium\webdriver\support\expected_conditions.py", line 401, in __call__
    alert = driver.switch_to.alert
AttributeError: 'SeleniumTools' object has no attribute 'switch_to'

2022-07-18 21:59:09,134 --> Main.py              [line:20] --> INFO --> 运行./case/testcase.xlsx测试用例
2022-07-18 21:59:09,178 --> ReadExcel.py         [line:20] --> INFO --> ---------------Sheet1---------------
2022-07-18 21:59:09,178 --> ReadExcel.py         [line:24] --> INFO --> 执行用例第1步骤：创建Chrome浏览器
2022-07-18 21:59:10,421 --> WebDriverWrapper.py  [line:59] --> INFO --> 启动浏览器 --> Chrome
2022-07-18 21:59:10,422 --> ReadExcel.py         [line:24] --> INFO --> 执行用例第2步骤：访问电商系统
2022-07-18 21:59:10,422 --> SeleniumWrapper.py   [line:62] --> INFO --> 访问[http://www.testingedu.com.cn:8000/Home/User/login.html]地址
2022-07-18 21:59:14,565 --> ReadExcel.py         [line:24] --> INFO --> 执行用例第3步骤：输入账号
2022-07-18 21:59:14,566 --> SeleniumWrapper.py   [line:68] --> INFO --> 以[name]方式定位[username]元素
2022-07-18 21:59:15,530 --> SeleniumWrapper.py   [line:86] --> INFO --> 以[name]方式定位[username]元素并输入[13800138006]文本
2022-07-18 21:59:15,531 --> ReadExcel.py         [line:24] --> INFO --> 执行用例第4步骤：输入密码
2022-07-18 21:59:15,531 --> SeleniumWrapper.py   [line:68] --> INFO --> 以[id]方式定位[password]元素
2022-07-18 21:59:16,464 --> SeleniumWrapper.py   [line:86] --> INFO --> 以[id]方式定位[password]元素并输入[0000]文本
2022-07-18 21:59:16,464 --> ReadExcel.py         [line:24] --> INFO --> 执行用例第5步骤：输入验证码
2022-07-18 21:59:16,465 --> SeleniumWrapper.py   [line:68] --> INFO --> 以[id]方式定位[verify_code]元素
2022-07-18 21:59:25,159 --> Main.py              [line:20] --> INFO --> 运行./case/testcase.xlsx测试用例
2022-07-18 21:59:25,206 --> ReadExcel.py         [line:20] --> INFO --> ---------------Sheet1---------------
2022-07-18 21:59:25,207 --> ReadExcel.py         [line:24] --> INFO --> 执行用例第1步骤：创建Chrome浏览器
2022-07-18 21:59:26,430 --> WebDriverWrapper.py  [line:59] --> INFO --> 启动浏览器 --> Chrome
2022-07-18 21:59:26,432 --> ReadExcel.py         [line:24] --> INFO --> 执行用例第2步骤：访问电商系统
2022-07-18 21:59:26,432 --> SeleniumWrapper.py   [line:62] --> INFO --> 访问[http://www.testingedu.com.cn:8000/Home/User/login.html]地址
2022-07-18 21:59:30,437 --> ReadExcel.py         [line:24] --> INFO --> 执行用例第3步骤：输入账号
2022-07-18 21:59:30,437 --> SeleniumWrapper.py   [line:68] --> INFO --> 以[name]方式定位[username]元素
2022-07-18 21:59:31,421 --> SeleniumWrapper.py   [line:86] --> INFO --> 以[name]方式定位[username]元素并输入[13800138006]文本
2022-07-18 21:59:31,422 --> ReadExcel.py         [line:24] --> INFO --> 执行用例第4步骤：输入密码
2022-07-18 21:59:31,422 --> SeleniumWrapper.py   [line:68] --> INFO --> 以[id]方式定位[password]元素
2022-07-18 21:59:32,366 --> SeleniumWrapper.py   [line:86] --> INFO --> 以[id]方式定位[password]元素并输入[0000]文本
2022-07-18 21:59:32,366 --> ReadExcel.py         [line:24] --> INFO --> 执行用例第5步骤：输入验证码
2022-07-18 21:59:32,366 --> SeleniumWrapper.py   [line:68] --> INFO --> 以[id]方式定位[verify_code]元素
2022-07-18 21:59:33,286 --> SeleniumWrapper.py   [line:86] --> INFO --> 以[id]方式定位[verify_code]元素并输入[0000]文本
2022-07-18 21:59:33,287 --> ReadExcel.py         [line:24] --> INFO --> 执行用例第6步骤：点击登录按钮
2022-07-18 21:59:33,287 --> SeleniumWrapper.py   [line:68] --> INFO --> 以[xpath]方式定位[//a[@name="sbtbutton"]]元素
2022-07-18 21:59:34,194 --> SeleniumWrapper.py   [line:95] --> INFO --> 以[xpath]方式定位[//a[@name="sbtbutton"]]元素并点击
2022-07-18 21:59:34,194 --> ReadExcel.py         [line:24] --> INFO --> 执行用例第7步骤：校验登录后是否存在退出的元素
2022-07-18 21:59:34,194 --> SeleniumWrapper.py   [line:68] --> INFO --> 以[link text]方式定位[安全退出]元素
2022-07-18 21:59:44,721 --> SeleniumWrapper.py   [line:71] --> ERROR --> 找不到元素，以[link text]方式定位[安全退出]元素定位失败！
2022-07-18 21:59:54,770 --> SeleniumWrapper.py   [line:130] --> ERROR --> Traceback (most recent call last):
  File "E:\UIAutomation\base\SeleniumWrapper.py", line 126, in assert_text
    reality = self.locator_element(name, value).text
  File "E:\UIAutomation\base\SeleniumWrapper.py", line 73, in locator_element
    element = self.driver.find_element(name, value)
  File "E:\ITWork\Python365\lib\site-packages\selenium\webdriver\remote\webdriver.py", line 978, in find_element
    'value': value})['value']
  File "E:\ITWork\Python365\lib\site-packages\selenium\webdriver\remote\webdriver.py", line 321, in execute
    self.error_handler.check_response(response)
  File "E:\ITWork\Python365\lib\site-packages\selenium\webdriver\remote\errorhandler.py", line 242, in check_response
    raise exception_class(message, screen, stacktrace)
selenium.common.exceptions.NoSuchElementException: Message: no such element: Unable to locate element: {"method":"link text","selector":"安全退出"}
  (Session info: chrome=99.0.4844.74)


2022-07-18 21:59:54,804 --> ReadExcel.py         [line:24] --> INFO --> 执行用例第8步骤：登录成功后截图
2022-07-18 21:59:54,804 --> SeleniumWrapper.py   [line:99] --> INFO --> 截图成功存放路径：[./picture/特斯汀电商系统登录成功1.png]
2022-07-18 21:59:55,119 --> ReadExcel.py         [line:20] --> INFO --> ---------------Sheet2---------------
2022-07-18 21:59:55,119 --> ReadExcel.py         [line:24] --> INFO --> 执行用例第1步骤：打开新的标签页
2022-07-18 21:59:55,155 --> ReadExcel.py         [line:24] --> INFO --> 执行用例第2步骤：访问电商系统
2022-07-18 21:59:55,155 --> SeleniumWrapper.py   [line:62] --> INFO --> 访问[http://www.baidu.com]地址
2022-07-18 21:59:58,434 --> ReadExcel.py         [line:24] --> INFO --> 执行用例第3步骤：输入账号
2022-07-18 21:59:58,434 --> SeleniumWrapper.py   [line:68] --> INFO --> 以[name]方式定位[username]元素
2022-07-18 22:00:08,966 --> SeleniumWrapper.py   [line:71] --> ERROR --> 找不到元素，以[name]方式定位[username]元素定位失败！
2022-07-18 22:00:18,984 --> SeleniumWrapper.py   [line:99] --> INFO --> 截图成功存放路径：[./picture/error_输入账号_24188981.png]
2022-07-18 22:00:19,152 --> SeleniumWrapper.py   [line:68] --> INFO --> 以[name]方式定位[username]元素
2022-07-18 22:00:29,704 --> SeleniumWrapper.py   [line:71] --> ERROR --> 找不到元素，以[name]方式定位[username]元素定位失败！
2022-07-18 22:00:39,779 --> SeleniumWrapper.py   [line:68] --> INFO --> 以[name]方式定位[username]元素
2022-07-18 22:00:50,311 --> SeleniumWrapper.py   [line:71] --> ERROR --> 找不到元素，以[name]方式定位[username]元素定位失败！
2022-07-18 22:01:00,360 --> ReadExcel.py         [line:58] --> ERROR --> Traceback (most recent call last):
  File "E:\UIAutomation\common\ReadExcel.py", line 43, in excel_ruuner
    actions(excel, sheet_temp, data, path, values, driver)
  File "E:\UIAutomation\biz\PageAction.py", line 35, in actions
    getattr(driver, branch(values[1]))(**data)
  File "E:\UIAutomation\base\SeleniumWrapper.py", line 85, in input_element
    self.locator_element(name, value).send_keys(text)
  File "E:\UIAutomation\base\SeleniumWrapper.py", line 73, in locator_element
    element = self.driver.find_element(name, value)
  File "E:\ITWork\Python365\lib\site-packages\selenium\webdriver\remote\webdriver.py", line 978, in find_element
    'value': value})['value']
  File "E:\ITWork\Python365\lib\site-packages\selenium\webdriver\remote\webdriver.py", line 321, in execute
    self.error_handler.check_response(response)
  File "E:\ITWork\Python365\lib\site-packages\selenium\webdriver\remote\errorhandler.py", line 242, in check_response
    raise exception_class(message, screen, stacktrace)
selenium.common.exceptions.NoSuchElementException: Message: no such element: Unable to locate element: {"method":"css selector","selector":"[name="username"]"}
  (Session info: chrome=99.0.4844.74)


During handling of the above exception, another exception occurred:

Traceback (most recent call last):
  File "E:\UIAutomation\common\ReadExcel.py", line 46, in excel_ruuner
    error_loc(sheet_temp,values,driver)
  File "E:\UIAutomation\common\PictureDispose.py", line 19, in error_loc
    element = driver.locator_element(values[2],values[3])
  File "E:\UIAutomation\base\SeleniumWrapper.py", line 73, in locator_element
    element = self.driver.find_element(name, value)
  File "E:\ITWork\Python365\lib\site-packages\selenium\webdriver\remote\webdriver.py", line 978, in find_element
    'value': value})['value']
  File "E:\ITWork\Python365\lib\site-packages\selenium\webdriver\remote\webdriver.py", line 321, in execute
    self.error_handler.check_response(response)
  File "E:\ITWork\Python365\lib\site-packages\selenium\webdriver\remote\errorhandler.py", line 242, in check_response
    raise exception_class(message, screen, stacktrace)
selenium.common.exceptions.NoSuchElementException: Message: no such element: Unable to locate element: {"method":"css selector","selector":"[name="username"]"}
  (Session info: chrome=99.0.4844.74)


2022-07-18 22:04:14,504 --> Main.py              [line:20] --> INFO --> 运行./case/testcase.xlsx测试用例
2022-07-18 22:04:14,552 --> ReadExcel.py         [line:20] --> INFO --> ---------------Sheet1---------------
2022-07-18 22:04:14,553 --> ReadExcel.py         [line:24] --> INFO --> 执行用例第1步骤：创建Chrome浏览器
2022-07-18 22:04:15,764 --> WebDriverWrapper.py  [line:59] --> INFO --> 启动浏览器 --> Chrome
2022-07-18 22:04:15,766 --> ReadExcel.py         [line:24] --> INFO --> 执行用例第2步骤：访问电商系统
2022-07-18 22:04:15,767 --> SeleniumWrapper.py   [line:62] --> INFO --> 访问[http://www.testingedu.com.cn:8000/Home/User/login.html]地址
2022-07-18 22:04:19,444 --> ReadExcel.py         [line:24] --> INFO --> 执行用例第3步骤：输入账号
2022-07-18 22:04:19,444 --> SeleniumWrapper.py   [line:68] --> INFO --> 以[name]方式定位[username]元素
2022-07-18 22:04:20,419 --> SeleniumWrapper.py   [line:86] --> INFO --> 以[name]方式定位[username]元素并输入[13800138006]文本
2022-07-18 22:04:20,420 --> ReadExcel.py         [line:24] --> INFO --> 执行用例第4步骤：输入密码
2022-07-18 22:04:20,420 --> SeleniumWrapper.py   [line:68] --> INFO --> 以[id]方式定位[password]元素
2022-07-18 22:04:21,354 --> SeleniumWrapper.py   [line:86] --> INFO --> 以[id]方式定位[password]元素并输入[0000]文本
2022-07-18 22:04:21,354 --> ReadExcel.py         [line:24] --> INFO --> 执行用例第5步骤：输入验证码
2022-07-18 22:04:21,355 --> SeleniumWrapper.py   [line:68] --> INFO --> 以[id]方式定位[verify_code]元素
2022-07-18 22:04:22,262 --> SeleniumWrapper.py   [line:86] --> INFO --> 以[id]方式定位[verify_code]元素并输入[0000]文本
2022-07-18 22:04:22,263 --> ReadExcel.py         [line:24] --> INFO --> 执行用例第6步骤：点击登录按钮
2022-07-18 22:04:22,263 --> SeleniumWrapper.py   [line:68] --> INFO --> 以[xpath]方式定位[//a[@name="sbtbutton"]]元素
2022-07-18 22:04:23,170 --> SeleniumWrapper.py   [line:95] --> INFO --> 以[xpath]方式定位[//a[@name="sbtbutton"]]元素并点击
2022-07-18 22:04:23,171 --> ReadExcel.py         [line:24] --> INFO --> 执行用例第7步骤：校验登录后是否存在退出的元素
2022-07-18 22:04:23,171 --> SeleniumWrapper.py   [line:68] --> INFO --> 以[link text]方式定位[安全退出]元素
2022-07-18 22:04:33,726 --> SeleniumWrapper.py   [line:71] --> ERROR --> 找不到元素，以[link text]方式定位[安全退出]元素定位失败！
2022-07-18 22:04:43,750 --> SeleniumWrapper.py   [line:130] --> ERROR --> Traceback (most recent call last):
  File "E:\UIAutomation\base\SeleniumWrapper.py", line 126, in assert_text
    reality = self.locator_element(name, value).text
  File "E:\UIAutomation\base\SeleniumWrapper.py", line 73, in locator_element
    element = self.driver.find_element(name, value)
  File "E:\ITWork\Python365\lib\site-packages\selenium\webdriver\remote\webdriver.py", line 978, in find_element
    'value': value})['value']
  File "E:\ITWork\Python365\lib\site-packages\selenium\webdriver\remote\webdriver.py", line 321, in execute
    self.error_handler.check_response(response)
  File "E:\ITWork\Python365\lib\site-packages\selenium\webdriver\remote\errorhandler.py", line 242, in check_response
    raise exception_class(message, screen, stacktrace)
selenium.common.exceptions.NoSuchElementException: Message: no such element: Unable to locate element: {"method":"link text","selector":"安全退出"}
  (Session info: chrome=99.0.4844.74)


2022-07-18 22:04:43,788 --> ReadExcel.py         [line:24] --> INFO --> 执行用例第8步骤：登录成功后截图
2022-07-18 22:04:43,789 --> SeleniumWrapper.py   [line:99] --> INFO --> 截图成功存放路径：[./picture/特斯汀电商系统登录成功1.png]
2022-07-18 22:04:44,104 --> ReadExcel.py         [line:20] --> INFO --> ---------------Sheet2---------------
2022-07-18 22:04:44,104 --> ReadExcel.py         [line:24] --> INFO --> 执行用例第1步骤：打开新的标签页
2022-07-18 22:04:44,145 --> ReadExcel.py         [line:24] --> INFO --> 执行用例第2步骤：访问电商系统
2022-07-18 22:04:44,145 --> SeleniumWrapper.py   [line:62] --> INFO --> 访问[http://www.baidu.com]地址
2022-07-18 22:04:47,509 --> ReadExcel.py         [line:24] --> INFO --> 执行用例第3步骤：输入账号
2022-07-18 22:04:47,510 --> SeleniumWrapper.py   [line:68] --> INFO --> 以[name]方式定位[username]元素
2022-07-18 22:04:58,076 --> SeleniumWrapper.py   [line:71] --> ERROR --> 找不到元素，以[name]方式定位[username]元素定位失败！
2022-07-18 22:05:08,110 --> SeleniumWrapper.py   [line:99] --> INFO --> 截图成功存放路径：[./picture/error_输入账号_46882780.png]
2022-07-18 22:05:08,277 --> SeleniumWrapper.py   [line:68] --> INFO --> 以[name]方式定位[username]元素
2022-07-18 22:05:18,824 --> SeleniumWrapper.py   [line:71] --> ERROR --> 找不到元素，以[name]方式定位[username]元素定位失败！
2022-07-18 22:05:28,842 --> SeleniumWrapper.py   [line:68] --> INFO --> 以[name]方式定位[username]元素
2022-07-18 22:05:39,378 --> SeleniumWrapper.py   [line:71] --> ERROR --> 找不到元素，以[name]方式定位[username]元素定位失败！
2022-07-18 22:05:49,461 --> ReadExcel.py         [line:58] --> ERROR --> Traceback (most recent call last):
  File "E:\UIAutomation\common\ReadExcel.py", line 43, in excel_ruuner
    actions(excel, sheet_temp, data, path, values, driver)
  File "E:\UIAutomation\biz\PageAction.py", line 35, in actions
    getattr(driver, branch(values[1]))(**data)
  File "E:\UIAutomation\base\SeleniumWrapper.py", line 85, in input_element
    self.locator_element(name, value).send_keys(text)
  File "E:\UIAutomation\base\SeleniumWrapper.py", line 73, in locator_element
    element = self.driver.find_element(name, value)
  File "E:\ITWork\Python365\lib\site-packages\selenium\webdriver\remote\webdriver.py", line 978, in find_element
    'value': value})['value']
  File "E:\ITWork\Python365\lib\site-packages\selenium\webdriver\remote\webdriver.py", line 321, in execute
    self.error_handler.check_response(response)
  File "E:\ITWork\Python365\lib\site-packages\selenium\webdriver\remote\errorhandler.py", line 242, in check_response
    raise exception_class(message, screen, stacktrace)
selenium.common.exceptions.NoSuchElementException: Message: no such element: Unable to locate element: {"method":"css selector","selector":"[name="username"]"}
  (Session info: chrome=99.0.4844.74)


During handling of the above exception, another exception occurred:

Traceback (most recent call last):
  File "E:\UIAutomation\common\ReadExcel.py", line 46, in excel_ruuner
    error_loc(sheet_temp,values,driver)
  File "E:\UIAutomation\common\PictureDispose.py", line 21, in error_loc
    element = driver.locator_element(values[2],values[3])
  File "E:\UIAutomation\base\SeleniumWrapper.py", line 73, in locator_element
    element = self.driver.find_element(name, value)
  File "E:\ITWork\Python365\lib\site-packages\selenium\webdriver\remote\webdriver.py", line 978, in find_element
    'value': value})['value']
  File "E:\ITWork\Python365\lib\site-packages\selenium\webdriver\remote\webdriver.py", line 321, in execute
    self.error_handler.check_response(response)
  File "E:\ITWork\Python365\lib\site-packages\selenium\webdriver\remote\errorhandler.py", line 242, in check_response
    raise exception_class(message, screen, stacktrace)
selenium.common.exceptions.NoSuchElementException: Message: no such element: Unable to locate element: {"method":"css selector","selector":"[name="username"]"}
  (Session info: chrome=99.0.4844.74)


2022-07-18 22:07:53,084 --> Main.py              [line:20] --> INFO --> 运行./case/testcase.xlsx测试用例
2022-07-18 22:07:53,131 --> ReadExcel.py         [line:20] --> INFO --> ---------------Sheet1---------------
2022-07-18 22:07:53,131 --> ReadExcel.py         [line:24] --> INFO --> 执行用例第1步骤：创建Chrome浏览器
2022-07-18 22:07:54,249 --> WebDriverWrapper.py  [line:59] --> INFO --> 启动浏览器 --> Chrome
2022-07-18 22:07:54,250 --> ReadExcel.py         [line:24] --> INFO --> 执行用例第2步骤：访问电商系统
2022-07-18 22:07:54,250 --> SeleniumWrapper.py   [line:62] --> INFO --> 访问[http://www.testingedu.com.cn:8000/Home/User/login.html]地址
2022-07-18 22:07:57,465 --> ReadExcel.py         [line:24] --> INFO --> 执行用例第3步骤：输入账号
2022-07-18 22:07:57,465 --> SeleniumWrapper.py   [line:68] --> INFO --> 以[name]方式定位[username]元素
2022-07-18 22:07:58,427 --> SeleniumWrapper.py   [line:86] --> INFO --> 以[name]方式定位[username]元素并输入[13800138006]文本
2022-07-18 22:07:58,428 --> ReadExcel.py         [line:24] --> INFO --> 执行用例第4步骤：输入密码
2022-07-18 22:07:58,428 --> SeleniumWrapper.py   [line:68] --> INFO --> 以[id]方式定位[password]元素
2022-07-18 22:07:59,372 --> SeleniumWrapper.py   [line:86] --> INFO --> 以[id]方式定位[password]元素并输入[0000]文本
2022-07-18 22:07:59,373 --> ReadExcel.py         [line:24] --> INFO --> 执行用例第5步骤：输入验证码
2022-07-18 22:07:59,373 --> SeleniumWrapper.py   [line:68] --> INFO --> 以[id]方式定位[verify_code]元素
2022-07-18 22:08:00,282 --> SeleniumWrapper.py   [line:86] --> INFO --> 以[id]方式定位[verify_code]元素并输入[0000]文本
2022-07-18 22:08:00,283 --> ReadExcel.py         [line:24] --> INFO --> 执行用例第6步骤：点击登录按钮
2022-07-18 22:08:00,283 --> SeleniumWrapper.py   [line:68] --> INFO --> 以[xpath]方式定位[//a[@name="sbtbutton"]]元素
2022-07-18 22:08:01,173 --> SeleniumWrapper.py   [line:95] --> INFO --> 以[xpath]方式定位[//a[@name="sbtbutton"]]元素并点击
2022-07-18 22:08:01,174 --> ReadExcel.py         [line:24] --> INFO --> 执行用例第7步骤：校验登录后是否存在退出的元素
2022-07-18 22:08:01,174 --> SeleniumWrapper.py   [line:68] --> INFO --> 以[link text]方式定位[安全退出]元素
2022-07-18 22:08:11,736 --> SeleniumWrapper.py   [line:71] --> ERROR --> 找不到元素，以[link text]方式定位[安全退出]元素定位失败！
2022-07-18 22:08:21,794 --> SeleniumWrapper.py   [line:130] --> ERROR --> Traceback (most recent call last):
  File "E:\UIAutomation\base\SeleniumWrapper.py", line 126, in assert_text
    reality = self.locator_element(name, value).text
  File "E:\UIAutomation\base\SeleniumWrapper.py", line 73, in locator_element
    element = self.driver.find_element(name, value)
  File "E:\ITWork\Python365\lib\site-packages\selenium\webdriver\remote\webdriver.py", line 978, in find_element
    'value': value})['value']
  File "E:\ITWork\Python365\lib\site-packages\selenium\webdriver\remote\webdriver.py", line 321, in execute
    self.error_handler.check_response(response)
  File "E:\ITWork\Python365\lib\site-packages\selenium\webdriver\remote\errorhandler.py", line 242, in check_response
    raise exception_class(message, screen, stacktrace)
selenium.common.exceptions.NoSuchElementException: Message: no such element: Unable to locate element: {"method":"link text","selector":"安全退出"}
  (Session info: chrome=99.0.4844.74)


2022-07-18 22:08:21,797 --> SeleniumWrapper.py   [line:99] --> INFO --> 截图成功存放路径：[./picture/error_校验登录后是否存在退出的元素_47963117.png]
2022-07-18 22:08:22,085 --> SeleniumWrapper.py   [line:68] --> INFO --> 以[link text]方式定位[安全退出]元素
2022-07-18 22:08:32,684 --> SeleniumWrapper.py   [line:71] --> ERROR --> 找不到元素，以[link text]方式定位[安全退出]元素定位失败！
2022-07-18 22:08:42,726 --> ReadExcel.py         [line:20] --> INFO --> ---------------Sheet2---------------
2022-07-18 22:08:42,727 --> ReadExcel.py         [line:24] --> INFO --> 执行用例第1步骤：打开新的标签页
2022-07-18 22:08:42,777 --> ReadExcel.py         [line:24] --> INFO --> 执行用例第2步骤：访问电商系统
2022-07-18 22:08:42,778 --> SeleniumWrapper.py   [line:62] --> INFO --> 访问[http://www.baidu.com]地址
2022-07-18 22:08:45,501 --> ReadExcel.py         [line:24] --> INFO --> 执行用例第3步骤：输入账号
2022-07-18 22:08:45,501 --> SeleniumWrapper.py   [line:68] --> INFO --> 以[name]方式定位[username]元素
2022-07-18 22:08:56,047 --> SeleniumWrapper.py   [line:71] --> ERROR --> 找不到元素，以[name]方式定位[username]元素定位失败！
2022-07-18 22:09:06,097 --> SeleniumWrapper.py   [line:99] --> INFO --> 截图成功存放路径：[./picture/error_输入账号_63824584.png]
2022-07-18 22:09:06,257 --> SeleniumWrapper.py   [line:68] --> INFO --> 以[name]方式定位[username]元素
2022-07-18 22:09:16,827 --> SeleniumWrapper.py   [line:71] --> ERROR --> 找不到元素，以[name]方式定位[username]元素定位失败！
2022-07-18 22:09:26,880 --> ReadExcel.py         [line:20] --> INFO --> ---------------Sheet3---------------
2022-07-18 22:09:26,881 --> ReadExcel.py         [line:24] --> INFO --> 执行用例第1步骤：打开新的标签页
2022-07-18 22:09:26,960 --> ReadExcel.py         [line:24] --> INFO --> 执行用例第2步骤：访问电商系统
2022-07-18 22:09:26,960 --> SeleniumWrapper.py   [line:62] --> INFO --> 访问[http://www.testingedu.com.cn:8000/Home/User/login.html]地址
2022-07-18 22:09:29,726 --> ReadExcel.py         [line:24] --> INFO --> 执行用例第3步骤：输入账号
2022-07-18 22:09:29,726 --> SeleniumWrapper.py   [line:68] --> INFO --> 以[name]方式定位[username]元素
2022-07-18 22:09:30,695 --> SeleniumWrapper.py   [line:86] --> INFO --> 以[name]方式定位[username]元素并输入[13800138006]文本
2022-07-18 22:09:30,695 --> ReadExcel.py         [line:24] --> INFO --> 执行用例第4步骤：输入密码
2022-07-18 22:09:30,695 --> SeleniumWrapper.py   [line:68] --> INFO --> 以[id]方式定位[password]元素
2022-07-18 22:09:31,635 --> SeleniumWrapper.py   [line:86] --> INFO --> 以[id]方式定位[password]元素并输入[123456]文本
2022-07-18 22:09:31,635 --> ReadExcel.py         [line:24] --> INFO --> 执行用例第5步骤：输入验证码
2022-07-18 22:09:31,635 --> SeleniumWrapper.py   [line:68] --> INFO --> 以[id]方式定位[verify_code]元素
2022-07-18 22:09:32,619 --> SeleniumWrapper.py   [line:86] --> INFO --> 以[id]方式定位[verify_code]元素并输入[0000]文本
2022-07-18 22:09:32,619 --> ReadExcel.py         [line:24] --> INFO --> 执行用例第6步骤：点击登录按钮
2022-07-18 22:09:32,619 --> SeleniumWrapper.py   [line:68] --> INFO --> 以[xpath]方式定位[//a[@name="sbtbutton"]]元素
2022-07-18 22:09:33,594 --> SeleniumWrapper.py   [line:95] --> INFO --> 以[xpath]方式定位[//a[@name="sbtbutton"]]元素并点击
2022-07-18 22:09:33,595 --> ReadExcel.py         [line:24] --> INFO --> 执行用例第7步骤：登录成功后截图
2022-07-18 22:09:33,595 --> SeleniumWrapper.py   [line:99] --> INFO --> 截图成功存放路径：[./picture/特斯汀电商系统登录成功3.png]
2022-07-18 22:09:35,203 --> SeleniumWrapper.py   [line:99] --> INFO --> 截图成功存放路径：[./picture/error_登录成功后截图_90948083.png]
2022-07-18 22:09:35,441 --> SeleniumWrapper.py   [line:68] --> INFO --> 以[None]方式定位[None]元素
2022-07-18 22:09:35,455 --> ReadExcel.py         [line:58] --> ERROR --> Traceback (most recent call last):
  File "E:\UIAutomation\common\ReadExcel.py", line 43, in excel_ruuner
    actions(excel, sheet_temp, data, path, values, driver)
  File "E:\UIAutomation\biz\PageAction.py", line 30, in actions
    excel.save(path)    # 保存写入
  File "E:\ITWork\Python365\lib\site-packages\openpyxl\workbook\workbook.py", line 407, in save
    save_workbook(self, filename)
  File "E:\ITWork\Python365\lib\site-packages\openpyxl\writer\excel.py", line 291, in save_workbook
    archive = ZipFile(filename, 'w', ZIP_DEFLATED, allowZip64=True)
  File "E:\ITWork\Python365\lib\zipfile.py", line 1090, in __init__
    self.fp = io.open(file, filemode)
PermissionError: [Errno 13] Permission denied: './case/testcase.xlsx'

During handling of the above exception, another exception occurred:

Traceback (most recent call last):
  File "E:\UIAutomation\base\SeleniumWrapper.py", line 69, in locator_element
    self.hide_wait(name,value)
  File "E:\UIAutomation\base\SeleniumWrapper.py", line 28, in hide_wait
    hide_wait.until(lambda driver: driver.find_element(name,value))
  File "E:\ITWork\Python365\lib\site-packages\selenium\webdriver\support\wait.py", line 71, in until
    value = method(self._driver)
  File "E:\UIAutomation\base\SeleniumWrapper.py", line 28, in <lambda>
    hide_wait.until(lambda driver: driver.find_element(name,value))
  File "E:\ITWork\Python365\lib\site-packages\selenium\webdriver\remote\webdriver.py", line 978, in find_element
    'value': value})['value']
  File "E:\ITWork\Python365\lib\site-packages\selenium\webdriver\remote\webdriver.py", line 321, in execute
    self.error_handler.check_response(response)
  File "E:\ITWork\Python365\lib\site-packages\selenium\webdriver\remote\errorhandler.py", line 242, in check_response
    raise exception_class(message, screen, stacktrace)
selenium.common.exceptions.InvalidArgumentException: Message: invalid argument: 'using' must be a string
  (Session info: chrome=99.0.4844.74)


During handling of the above exception, another exception occurred:

Traceback (most recent call last):
  File "E:\UIAutomation\common\ReadExcel.py", line 46, in excel_ruuner
    error_loc(sheet_temp,values,driver)
  File "E:\UIAutomation\common\PictureDispose.py", line 18, in error_loc
    aa = driver.is_element_exist(values[2],values[3])
  File "E:\UIAutomation\base\SeleniumWrapper.py", line 324, in is_element_exist
    self.locator_element(name, value)
  File "E:\UIAutomation\base\SeleniumWrapper.py", line 73, in locator_element
    element = self.driver.find_element(name, value)
  File "E:\ITWork\Python365\lib\site-packages\selenium\webdriver\remote\webdriver.py", line 978, in find_element
    'value': value})['value']
  File "E:\ITWork\Python365\lib\site-packages\selenium\webdriver\remote\webdriver.py", line 321, in execute
    self.error_handler.check_response(response)
  File "E:\ITWork\Python365\lib\site-packages\selenium\webdriver\remote\errorhandler.py", line 242, in check_response
    raise exception_class(message, screen, stacktrace)
selenium.common.exceptions.InvalidArgumentException: Message: invalid argument: 'using' must be a string
  (Session info: chrome=99.0.4844.74)


2022-07-18 22:09:35,455 --> Main.py              [line:20] --> INFO --> 运行./case/~$testcase.xlsx测试用例
2022-07-18 22:10:24,273 --> Main.py              [line:20] --> INFO --> 运行./case/testcase.xlsx测试用例
2022-07-18 22:10:24,320 --> ReadExcel.py         [line:20] --> INFO --> ---------------Sheet1---------------
2022-07-18 22:10:24,320 --> ReadExcel.py         [line:24] --> INFO --> 执行用例第1步骤：创建Chrome浏览器
2022-07-18 22:10:25,532 --> WebDriverWrapper.py  [line:59] --> INFO --> 启动浏览器 --> Chrome
2022-07-18 22:10:25,534 --> ReadExcel.py         [line:24] --> INFO --> 执行用例第2步骤：访问电商系统
2022-07-18 22:10:25,534 --> SeleniumWrapper.py   [line:62] --> INFO --> 访问[http://www.testingedu.com.cn:8000/Home/User/login.html]地址
2022-07-18 22:10:29,489 --> ReadExcel.py         [line:24] --> INFO --> 执行用例第3步骤：输入账号
2022-07-18 22:10:29,489 --> SeleniumWrapper.py   [line:68] --> INFO --> 以[name]方式定位[username]元素
2022-07-18 22:10:30,499 --> SeleniumWrapper.py   [line:86] --> INFO --> 以[name]方式定位[username]元素并输入[13800138006]文本
2022-07-18 22:10:30,500 --> ReadExcel.py         [line:24] --> INFO --> 执行用例第4步骤：输入密码
2022-07-18 22:10:30,500 --> SeleniumWrapper.py   [line:68] --> INFO --> 以[id]方式定位[password]元素
2022-07-18 22:10:31,458 --> SeleniumWrapper.py   [line:86] --> INFO --> 以[id]方式定位[password]元素并输入[0000]文本
2022-07-18 22:10:31,459 --> ReadExcel.py         [line:24] --> INFO --> 执行用例第5步骤：输入验证码
2022-07-18 22:10:31,459 --> SeleniumWrapper.py   [line:68] --> INFO --> 以[id]方式定位[verify_code]元素
2022-07-18 22:10:32,383 --> SeleniumWrapper.py   [line:86] --> INFO --> 以[id]方式定位[verify_code]元素并输入[0000]文本
2022-07-18 22:10:32,383 --> ReadExcel.py         [line:24] --> INFO --> 执行用例第6步骤：点击登录按钮
2022-07-18 22:10:32,383 --> SeleniumWrapper.py   [line:68] --> INFO --> 以[xpath]方式定位[//a[@name="sbtbutton"]]元素
2022-07-18 22:10:33,300 --> SeleniumWrapper.py   [line:95] --> INFO --> 以[xpath]方式定位[//a[@name="sbtbutton"]]元素并点击
2022-07-18 22:10:33,300 --> ReadExcel.py         [line:24] --> INFO --> 执行用例第7步骤：校验登录后是否存在退出的元素
2022-07-18 22:10:33,301 --> SeleniumWrapper.py   [line:68] --> INFO --> 以[link text]方式定位[安全退出]元素
2022-07-18 22:10:43,889 --> SeleniumWrapper.py   [line:71] --> ERROR --> 找不到元素，以[link text]方式定位[安全退出]元素定位失败！
2022-07-18 22:10:53,971 --> SeleniumWrapper.py   [line:130] --> ERROR --> Traceback (most recent call last):
  File "E:\UIAutomation\base\SeleniumWrapper.py", line 126, in assert_text
    reality = self.locator_element(name, value).text
  File "E:\UIAutomation\base\SeleniumWrapper.py", line 73, in locator_element
    element = self.driver.find_element(name, value)
  File "E:\ITWork\Python365\lib\site-packages\selenium\webdriver\remote\webdriver.py", line 978, in find_element
    'value': value})['value']
  File "E:\ITWork\Python365\lib\site-packages\selenium\webdriver\remote\webdriver.py", line 321, in execute
    self.error_handler.check_response(response)
  File "E:\ITWork\Python365\lib\site-packages\selenium\webdriver\remote\errorhandler.py", line 242, in check_response
    raise exception_class(message, screen, stacktrace)
selenium.common.exceptions.NoSuchElementException: Message: no such element: Unable to locate element: {"method":"link text","selector":"安全退出"}
  (Session info: chrome=99.0.4844.74)


2022-07-18 22:10:54,014 --> ReadExcel.py         [line:24] --> INFO --> 执行用例第8步骤：登录成功后截图
2022-07-18 22:10:54,014 --> SeleniumWrapper.py   [line:99] --> INFO --> 截图成功存放路径：[./picture/特斯汀电商系统登录成功1.png]
2022-07-18 22:10:54,332 --> ReadExcel.py         [line:20] --> INFO --> ---------------Sheet2---------------
2022-07-18 22:10:54,332 --> ReadExcel.py         [line:24] --> INFO --> 执行用例第1步骤：打开新的标签页
2022-07-18 22:10:54,365 --> ReadExcel.py         [line:24] --> INFO --> 执行用例第2步骤：访问电商系统
2022-07-18 22:10:54,366 --> SeleniumWrapper.py   [line:62] --> INFO --> 访问[http://www.baidu.com]地址
2022-07-18 22:10:57,493 --> ReadExcel.py         [line:24] --> INFO --> 执行用例第3步骤：输入账号
2022-07-18 22:10:57,493 --> SeleniumWrapper.py   [line:68] --> INFO --> 以[name]方式定位[username]元素
2022-07-18 22:11:08,090 --> SeleniumWrapper.py   [line:71] --> ERROR --> 找不到元素，以[name]方式定位[username]元素定位失败！
2022-07-18 22:11:18,133 --> SeleniumWrapper.py   [line:99] --> INFO --> 截图成功存放路径：[./picture/error_输入账号_78839448.png]
2022-07-18 22:11:18,353 --> SeleniumWrapper.py   [line:68] --> INFO --> 以[name]方式定位[username]元素
2022-07-18 22:11:28,912 --> SeleniumWrapper.py   [line:71] --> ERROR --> 找不到元素，以[name]方式定位[username]元素定位失败！
2022-07-18 22:11:38,984 --> ReadExcel.py         [line:20] --> INFO --> ---------------Sheet3---------------
2022-07-18 22:11:38,984 --> ReadExcel.py         [line:24] --> INFO --> 执行用例第1步骤：打开新的标签页
2022-07-18 22:11:39,085 --> ReadExcel.py         [line:24] --> INFO --> 执行用例第2步骤：访问电商系统
2022-07-18 22:11:39,085 --> SeleniumWrapper.py   [line:62] --> INFO --> 访问[http://www.testingedu.com.cn:8000/Home/User/login.html]地址
2022-07-18 22:11:41,678 --> ReadExcel.py         [line:24] --> INFO --> 执行用例第3步骤：输入账号
2022-07-18 22:11:41,678 --> SeleniumWrapper.py   [line:68] --> INFO --> 以[name]方式定位[username]元素
2022-07-18 22:11:42,616 --> SeleniumWrapper.py   [line:86] --> INFO --> 以[name]方式定位[username]元素并输入[13800138006]文本
2022-07-18 22:11:42,617 --> ReadExcel.py         [line:24] --> INFO --> 执行用例第4步骤：输入密码
2022-07-18 22:11:42,617 --> SeleniumWrapper.py   [line:68] --> INFO --> 以[id]方式定位[password]元素
2022-07-18 22:11:43,630 --> SeleniumWrapper.py   [line:86] --> INFO --> 以[id]方式定位[password]元素并输入[123456]文本
2022-07-18 22:11:43,631 --> ReadExcel.py         [line:24] --> INFO --> 执行用例第5步骤：输入验证码
2022-07-18 22:11:43,631 --> SeleniumWrapper.py   [line:68] --> INFO --> 以[id]方式定位[verify_code]元素
2022-07-18 22:11:44,617 --> SeleniumWrapper.py   [line:86] --> INFO --> 以[id]方式定位[verify_code]元素并输入[0000]文本
2022-07-18 22:11:44,618 --> ReadExcel.py         [line:24] --> INFO --> 执行用例第6步骤：点击登录按钮
2022-07-18 22:11:44,618 --> SeleniumWrapper.py   [line:68] --> INFO --> 以[xpath]方式定位[//a[@name="sbtbutton"]]元素
2022-07-18 22:11:45,562 --> SeleniumWrapper.py   [line:95] --> INFO --> 以[xpath]方式定位[//a[@name="sbtbutton"]]元素并点击
2022-07-18 22:11:45,563 --> ReadExcel.py         [line:24] --> INFO --> 执行用例第7步骤：登录成功后截图
2022-07-18 22:11:45,563 --> SeleniumWrapper.py   [line:99] --> INFO --> 截图成功存放路径：[./picture/特斯汀电商系统登录成功3.png]
2022-07-18 22:11:47,063 --> ReadExcel.py         [line:24] --> INFO --> 执行用例第8步骤：校验登录后是否存在退出的元素
2022-07-18 22:11:47,064 --> SeleniumWrapper.py   [line:68] --> INFO --> 以[link text]方式定位[安全退出]元素
2022-07-18 22:11:48,049 --> ReadExcel.py         [line:24] --> INFO --> 执行用例第9步骤：强制等待2秒
2022-07-18 22:11:50,058 --> ReadExcel.py         [line:24] --> INFO --> 执行用例第10步骤：跳转到商城首页
2022-07-18 22:11:50,058 --> SeleniumWrapper.py   [line:68] --> INFO --> 以[link text]方式定位[返回商城首页]元素
2022-07-18 22:12:23,816 --> SeleniumWrapper.py   [line:95] --> INFO --> 以[link text]方式定位[返回商城首页]元素并点击
2022-07-18 22:12:23,817 --> ReadExcel.py         [line:24] --> INFO --> 执行用例第11步骤：强制等待2秒
2022-07-18 22:12:25,827 --> ReadExcel.py         [line:24] --> INFO --> 执行用例第12步骤：鼠标悬停到手机数码控件树上
2022-07-18 22:12:25,828 --> SeleniumWrapper.py   [line:68] --> INFO --> 以[link text]方式定位[手机数码]元素
2022-07-18 22:12:27,057 --> ReadExcel.py         [line:24] --> INFO --> 执行用例第13步骤：点击上步骤展开后菜单中的手机
2022-07-18 22:12:27,057 --> SeleniumWrapper.py   [line:68] --> INFO --> 以[xpath]方式定位[//*[@id="cata-nav"]/div[1]/div[2]/div[1]/div[2]/dl[1]/dd/a[1]]元素
2022-07-18 22:12:28,100 --> SeleniumWrapper.py   [line:95] --> INFO --> 以[xpath]方式定位[//*[@id="cata-nav"]/div[1]/div[2]/div[1]/div[2]/dl[1]/dd/a[1]]元素并点击
2022-07-18 22:12:28,100 --> ReadExcel.py         [line:24] --> INFO --> 执行用例第14步骤：跳转到新的页面
2022-07-18 22:12:28,111 --> ReadExcel.py         [line:24] --> INFO --> 执行用例第15步骤：点击第一个商品
2022-07-18 22:12:28,111 --> SeleniumWrapper.py   [line:68] --> INFO --> 以[xpath]方式定位[/html/body/div[4]/div/div[2]/div[2]/ul/li[1]/div/div[1]/a/img]元素
2022-07-18 22:12:33,587 --> SeleniumWrapper.py   [line:95] --> INFO --> 以[xpath]方式定位[/html/body/div[4]/div/div[2]/div[2]/ul/li[1]/div/div[1]/a/img]元素并点击
2022-07-18 22:12:33,588 --> ReadExcel.py         [line:24] --> INFO --> 执行用例第16步骤：强制等待2秒
2022-07-18 22:12:35,597 --> ReadExcel.py         [line:24] --> INFO --> 执行用例第17步骤：选择版本：全网通4G+64G
2022-07-18 22:12:35,597 --> SeleniumWrapper.py   [line:68] --> INFO --> 以[id]方式定位[goods_spec_a_10]元素
2022-07-18 22:12:36,579 --> SeleniumWrapper.py   [line:95] --> INFO --> 以[id]方式定位[goods_spec_a_10]元素并点击
2022-07-18 22:12:36,580 --> ReadExcel.py         [line:24] --> INFO --> 执行用例第18步骤：选择配色：铂光色
2022-07-18 22:12:36,580 --> SeleniumWrapper.py   [line:68] --> INFO --> 以[id]方式定位[goods_spec_a_12]元素
2022-07-18 22:12:37,560 --> SeleniumWrapper.py   [line:95] --> INFO --> 以[id]方式定位[goods_spec_a_12]元素并点击
2022-07-18 22:12:37,560 --> ReadExcel.py         [line:24] --> INFO --> 执行用例第19步骤：选择套餐：套餐二
2022-07-18 22:12:37,560 --> SeleniumWrapper.py   [line:68] --> INFO --> 以[id]方式定位[goods_spec_a_17]元素
2022-07-18 22:12:38,519 --> SeleniumWrapper.py   [line:95] --> INFO --> 以[id]方式定位[goods_spec_a_17]元素并点击
2022-07-18 22:12:38,520 --> ReadExcel.py         [line:24] --> INFO --> 执行用例第20步骤：加入购物车
2022-07-18 22:12:38,520 --> SeleniumWrapper.py   [line:68] --> INFO --> 以[id]方式定位[join_cart]元素
2022-07-18 22:12:39,442 --> SeleniumWrapper.py   [line:95] --> INFO --> 以[id]方式定位[join_cart]元素并点击
2022-07-18 22:12:39,443 --> ReadExcel.py         [line:24] --> INFO --> 执行用例第21步骤：切入弹出frame
2022-07-18 22:12:40,602 --> ReadExcel.py         [line:24] --> INFO --> 执行用例第22步骤：校验是否成功加入购物车
2022-07-18 22:12:40,603 --> SeleniumWrapper.py   [line:68] --> INFO --> 以[xpath]方式定位[//span[text()="添加成功"]]元素
2022-07-18 22:12:41,603 --> ReadExcel.py         [line:24] --> INFO --> 执行用例第23步骤：商品加入购物车成功截图
2022-07-18 22:12:41,603 --> SeleniumWrapper.py   [line:99] --> INFO --> 截图成功存放路径：[./picture/商品加入购物车成功.png]
2022-07-18 22:12:41,884 --> ReadExcel.py         [line:24] --> INFO --> 执行用例第24步骤：去购物车结算
2022-07-18 22:12:41,885 --> SeleniumWrapper.py   [line:68] --> INFO --> 以[xpath]方式定位[//a[text()="去购物车结算"]]元素
2022-07-18 22:12:43,147 --> SeleniumWrapper.py   [line:95] --> INFO --> 以[xpath]方式定位[//a[text()="去购物车结算"]]元素并点击
2022-07-18 22:12:43,148 --> ReadExcel.py         [line:24] --> INFO --> 执行用例第25步骤：去结算
2022-07-18 22:12:43,148 --> SeleniumWrapper.py   [line:68] --> INFO --> 以[xpath]方式定位[//a[text()="去结算"]]元素
2022-07-18 22:12:45,687 --> SeleniumWrapper.py   [line:95] --> INFO --> 以[xpath]方式定位[//a[text()="去结算"]]元素并点击
2022-07-18 22:12:45,687 --> ReadExcel.py         [line:24] --> INFO --> 执行用例第26步骤：下单备注留言
2022-07-18 22:12:45,688 --> SeleniumWrapper.py   [line:68] --> INFO --> 以[xpath]方式定位[//textarea[@placeholder="最多输入50个字"]]元素
2022-07-18 22:12:46,666 --> SeleniumWrapper.py   [line:86] --> INFO --> 以[xpath]方式定位[//textarea[@placeholder="最多输入50个字"]]元素并输入[给辉辉买个破烂手机]文本
2022-07-18 22:12:46,666 --> ReadExcel.py         [line:24] --> INFO --> 执行用例第27步骤：强制等待2秒
2022-07-18 22:12:48,670 --> ReadExcel.py         [line:24] --> INFO --> 执行用例第28步骤：向下滑动
2022-07-18 22:12:48,687 --> ReadExcel.py         [line:24] --> INFO --> 执行用例第29步骤：提交定单
2022-07-18 22:12:48,687 --> SeleniumWrapper.py   [line:68] --> INFO --> 以[xpath]方式定位[/html/body/div[14]/div/button]元素
2022-07-18 22:12:49,696 --> SeleniumWrapper.py   [line:95] --> INFO --> 以[xpath]方式定位[/html/body/div[14]/div/button]元素并点击
2022-07-18 22:12:49,696 --> ReadExcel.py         [line:24] --> INFO --> 执行用例第30步骤：强制等待2秒
2022-07-18 22:12:51,704 --> ReadExcel.py         [line:24] --> INFO --> 执行用例第31步骤：校验订单提交是否成功
2022-07-18 22:12:51,704 --> SeleniumWrapper.py   [line:68] --> INFO --> 以[xpath]方式定位[//h3[text()="订单提交成功，请您尽快付款！"]]元素
2022-07-18 22:12:53,605 --> ReadExcel.py         [line:24] --> INFO --> 执行用例第32步骤：订单提交成功截图
2022-07-18 22:12:53,605 --> SeleniumWrapper.py   [line:99] --> INFO --> 截图成功存放路径：[./picture/订单提交成功截图.png]
2022-07-18 22:12:53,817 --> ReadExcel.py         [line:24] --> INFO --> 执行用例第33步骤：强制等待2秒
2022-07-18 22:12:55,822 --> ReadExcel.py         [line:24] --> INFO --> 执行用例第34步骤：获取当前URL
2022-07-18 22:12:55,860 --> ReadExcel.py         [line:24] --> INFO --> 执行用例第35步骤：打开一个新的窗口
2022-07-18 22:12:55,917 --> ReadExcel.py         [line:24] --> INFO --> 执行用例第36步骤：获取当前URL
2022-07-18 22:16:28,823 --> Main.py              [line:20] --> INFO --> 运行./case/testcase.xlsx测试用例
2022-07-18 22:16:28,868 --> ReadExcel.py         [line:20] --> INFO --> ---------------Sheet1---------------
2022-07-18 22:16:28,868 --> ReadExcel.py         [line:24] --> INFO --> 执行用例第1步骤：创建Chrome浏览器
2022-07-18 22:16:30,102 --> WebDriverWrapper.py  [line:59] --> INFO --> 启动浏览器 --> Chrome
2022-07-18 22:16:30,103 --> ReadExcel.py         [line:24] --> INFO --> 执行用例第2步骤：访问电商系统
2022-07-18 22:16:30,103 --> SeleniumWrapper.py   [line:62] --> INFO --> 访问[http://www.testingedu.com.cn:8000/Home/User/login.html]地址
2022-07-18 22:16:33,563 --> ReadExcel.py         [line:24] --> INFO --> 执行用例第3步骤：输入账号
2022-07-18 22:16:33,563 --> SeleniumWrapper.py   [line:68] --> INFO --> 以[name]方式定位[username]元素
2022-07-18 22:16:34,491 --> SeleniumWrapper.py   [line:86] --> INFO --> 以[name]方式定位[username]元素并输入[13800138006]文本
2022-07-18 22:16:34,492 --> ReadExcel.py         [line:24] --> INFO --> 执行用例第4步骤：输入密码
2022-07-18 22:16:34,492 --> SeleniumWrapper.py   [line:68] --> INFO --> 以[id]方式定位[password]元素
2022-07-18 22:16:35,444 --> SeleniumWrapper.py   [line:86] --> INFO --> 以[id]方式定位[password]元素并输入[0000]文本
2022-07-18 22:16:35,445 --> ReadExcel.py         [line:24] --> INFO --> 执行用例第5步骤：输入验证码
2022-07-18 22:16:35,445 --> SeleniumWrapper.py   [line:68] --> INFO --> 以[id]方式定位[verify_code]元素
2022-07-18 22:16:36,361 --> SeleniumWrapper.py   [line:86] --> INFO --> 以[id]方式定位[verify_code]元素并输入[0000]文本
2022-07-18 22:16:36,361 --> ReadExcel.py         [line:24] --> INFO --> 执行用例第6步骤：点击登录按钮
2022-07-18 22:16:36,361 --> SeleniumWrapper.py   [line:68] --> INFO --> 以[xpath]方式定位[//a[@name="sbtbutton"]]元素
2022-07-18 22:16:37,253 --> SeleniumWrapper.py   [line:95] --> INFO --> 以[xpath]方式定位[//a[@name="sbtbutton"]]元素并点击
2022-07-18 22:16:37,254 --> ReadExcel.py         [line:24] --> INFO --> 执行用例第7步骤：校验登录后是否存在退出的元素
2022-07-18 22:16:37,254 --> SeleniumWrapper.py   [line:68] --> INFO --> 以[link text]方式定位[安全退出]元素
2022-07-18 22:16:47,802 --> SeleniumWrapper.py   [line:71] --> ERROR --> 找不到元素，以[link text]方式定位[安全退出]元素定位失败！
2022-07-18 22:16:57,831 --> SeleniumWrapper.py   [line:130] --> ERROR --> Traceback (most recent call last):
  File "E:\UIAutomation\base\SeleniumWrapper.py", line 126, in assert_text
    reality = self.locator_element(name, value).text
  File "E:\UIAutomation\base\SeleniumWrapper.py", line 73, in locator_element
    element = self.driver.find_element(name, value)
  File "E:\ITWork\Python365\lib\site-packages\selenium\webdriver\remote\webdriver.py", line 978, in find_element
    'value': value})['value']
  File "E:\ITWork\Python365\lib\site-packages\selenium\webdriver\remote\webdriver.py", line 321, in execute
    self.error_handler.check_response(response)
  File "E:\ITWork\Python365\lib\site-packages\selenium\webdriver\remote\errorhandler.py", line 242, in check_response
    raise exception_class(message, screen, stacktrace)
selenium.common.exceptions.NoSuchElementException: Message: no such element: Unable to locate element: {"method":"link text","selector":"安全退出"}
  (Session info: chrome=99.0.4844.74)


2022-07-18 22:16:57,834 --> SeleniumWrapper.py   [line:99] --> INFO --> 截图成功存放路径：[./picture/error_校验登录后是否存在退出的元素_14304477.png]
2022-07-18 22:16:58,129 --> SeleniumWrapper.py   [line:68] --> INFO --> 以[link text]方式定位[安全退出]元素
2022-07-18 22:17:08,638 --> SeleniumWrapper.py   [line:71] --> ERROR --> 找不到元素，以[link text]方式定位[安全退出]元素定位失败！
2022-07-18 22:17:18,670 --> SeleniumWrapper.py   [line:68] --> INFO --> 以[link text]方式定位[安全退出]元素
2022-07-18 22:17:29,204 --> SeleniumWrapper.py   [line:71] --> ERROR --> 找不到元素，以[link text]方式定位[安全退出]元素定位失败！
2022-07-18 22:17:39,266 --> ReadExcel.py         [line:58] --> ERROR --> Traceback (most recent call last):
  File "E:\UIAutomation\common\ReadExcel.py", line 43, in excel_ruuner
    actions(excel, sheet_temp, data, path, values, driver)
  File "E:\UIAutomation\biz\PageAction.py", line 15, in actions
    excel.save(path)    # 保存写入
  File "E:\ITWork\Python365\lib\site-packages\openpyxl\workbook\workbook.py", line 407, in save
    save_workbook(self, filename)
  File "E:\ITWork\Python365\lib\site-packages\openpyxl\writer\excel.py", line 291, in save_workbook
    archive = ZipFile(filename, 'w', ZIP_DEFLATED, allowZip64=True)
  File "E:\ITWork\Python365\lib\zipfile.py", line 1090, in __init__
    self.fp = io.open(file, filemode)
PermissionError: [Errno 13] Permission denied: './case/testcase.xlsx'

During handling of the above exception, another exception occurred:

Traceback (most recent call last):
  File "E:\UIAutomation\common\ReadExcel.py", line 46, in excel_ruuner
    error_loc(sheet_temp,values,driver)
  File "E:\UIAutomation\common\PictureDispose.py", line 21, in error_loc
    element = driver.locator_element(values[2],values[3])
  File "E:\UIAutomation\base\SeleniumWrapper.py", line 73, in locator_element
    element = self.driver.find_element(name, value)
  File "E:\ITWork\Python365\lib\site-packages\selenium\webdriver\remote\webdriver.py", line 978, in find_element
    'value': value})['value']
  File "E:\ITWork\Python365\lib\site-packages\selenium\webdriver\remote\webdriver.py", line 321, in execute
    self.error_handler.check_response(response)
  File "E:\ITWork\Python365\lib\site-packages\selenium\webdriver\remote\errorhandler.py", line 242, in check_response
    raise exception_class(message, screen, stacktrace)
selenium.common.exceptions.NoSuchElementException: Message: no such element: Unable to locate element: {"method":"link text","selector":"安全退出"}
  (Session info: chrome=99.0.4844.74)


2022-07-18 22:17:39,267 --> Main.py              [line:20] --> INFO --> 运行./case/~$testcase.xlsx测试用例
2022-07-18 22:17:51,565 --> Main.py              [line:20] --> INFO --> 运行./case/testcase.xlsx测试用例
2022-07-18 22:17:51,617 --> ReadExcel.py         [line:20] --> INFO --> ---------------Sheet1---------------
2022-07-18 22:17:51,617 --> ReadExcel.py         [line:24] --> INFO --> 执行用例第1步骤：创建Chrome浏览器
2022-07-18 22:17:52,753 --> WebDriverWrapper.py  [line:59] --> INFO --> 启动浏览器 --> Chrome
2022-07-18 22:17:52,755 --> ReadExcel.py         [line:24] --> INFO --> 执行用例第2步骤：访问电商系统
2022-07-18 22:17:52,755 --> SeleniumWrapper.py   [line:62] --> INFO --> 访问[http://www.testingedu.com.cn:8000/Home/User/login.html]地址
2022-07-18 22:17:56,462 --> ReadExcel.py         [line:24] --> INFO --> 执行用例第3步骤：输入账号
2022-07-18 22:17:56,462 --> SeleniumWrapper.py   [line:68] --> INFO --> 以[name]方式定位[username]元素
2022-07-18 22:17:57,407 --> SeleniumWrapper.py   [line:86] --> INFO --> 以[name]方式定位[username]元素并输入[13800138006]文本
2022-07-18 22:17:57,407 --> ReadExcel.py         [line:24] --> INFO --> 执行用例第4步骤：输入密码
2022-07-18 22:17:57,407 --> SeleniumWrapper.py   [line:68] --> INFO --> 以[id]方式定位[password]元素
2022-07-18 22:17:58,347 --> SeleniumWrapper.py   [line:86] --> INFO --> 以[id]方式定位[password]元素并输入[0000]文本
2022-07-18 22:17:58,348 --> ReadExcel.py         [line:24] --> INFO --> 执行用例第5步骤：输入验证码
2022-07-18 22:17:58,348 --> SeleniumWrapper.py   [line:68] --> INFO --> 以[id]方式定位[verify_code]元素
2022-07-18 22:17:59,286 --> SeleniumWrapper.py   [line:86] --> INFO --> 以[id]方式定位[verify_code]元素并输入[0000]文本
2022-07-18 22:17:59,286 --> ReadExcel.py         [line:24] --> INFO --> 执行用例第6步骤：点击登录按钮
2022-07-18 22:17:59,287 --> SeleniumWrapper.py   [line:68] --> INFO --> 以[xpath]方式定位[//a[@name="sbtbutton"]]元素
2022-07-18 22:18:00,182 --> SeleniumWrapper.py   [line:95] --> INFO --> 以[xpath]方式定位[//a[@name="sbtbutton"]]元素并点击
2022-07-18 22:18:00,183 --> ReadExcel.py         [line:24] --> INFO --> 执行用例第7步骤：校验登录后是否存在退出的元素
2022-07-18 22:18:00,183 --> SeleniumWrapper.py   [line:68] --> INFO --> 以[link text]方式定位[安全退出]元素
2022-07-18 22:18:10,711 --> SeleniumWrapper.py   [line:71] --> ERROR --> 找不到元素，以[link text]方式定位[安全退出]元素定位失败！
2022-07-18 22:18:20,744 --> SeleniumWrapper.py   [line:130] --> ERROR --> Traceback (most recent call last):
  File "E:\UIAutomation\base\SeleniumWrapper.py", line 126, in assert_text
    reality = self.locator_element(name, value).text
  File "E:\UIAutomation\base\SeleniumWrapper.py", line 73, in locator_element
    element = self.driver.find_element(name, value)
  File "E:\ITWork\Python365\lib\site-packages\selenium\webdriver\remote\webdriver.py", line 978, in find_element
    'value': value})['value']
  File "E:\ITWork\Python365\lib\site-packages\selenium\webdriver\remote\webdriver.py", line 321, in execute
    self.error_handler.check_response(response)
  File "E:\ITWork\Python365\lib\site-packages\selenium\webdriver\remote\errorhandler.py", line 242, in check_response
    raise exception_class(message, screen, stacktrace)
selenium.common.exceptions.NoSuchElementException: Message: no such element: Unable to locate element: {"method":"link text","selector":"安全退出"}
  (Session info: chrome=99.0.4844.74)


2022-07-18 22:18:20,777 --> ReadExcel.py         [line:24] --> INFO --> 执行用例第8步骤：登录成功后截图
2022-07-18 22:18:20,777 --> SeleniumWrapper.py   [line:99] --> INFO --> 截图成功存放路径：[./picture/特斯汀电商系统登录成功1.png]
2022-07-18 22:18:21,101 --> ReadExcel.py         [line:20] --> INFO --> ---------------Sheet2---------------
2022-07-18 22:18:21,101 --> ReadExcel.py         [line:24] --> INFO --> 执行用例第1步骤：打开新的标签页
2022-07-18 22:18:21,136 --> ReadExcel.py         [line:24] --> INFO --> 执行用例第2步骤：访问电商系统
2022-07-18 22:18:21,137 --> SeleniumWrapper.py   [line:62] --> INFO --> 访问[http://www.baidu.com]地址
2022-07-18 22:18:24,504 --> ReadExcel.py         [line:24] --> INFO --> 执行用例第3步骤：输入账号
2022-07-18 22:18:24,504 --> SeleniumWrapper.py   [line:68] --> INFO --> 以[name]方式定位[username]元素
2022-07-18 22:18:35,074 --> SeleniumWrapper.py   [line:71] --> ERROR --> 找不到元素，以[name]方式定位[username]元素定位失败！
2022-07-18 22:18:45,095 --> SeleniumWrapper.py   [line:99] --> INFO --> 截图成功存放路径：[./picture/error_输入账号_44982874.png]
2022-07-18 22:18:45,295 --> SeleniumWrapper.py   [line:68] --> INFO --> 以[name]方式定位[username]元素
2022-07-18 22:18:55,844 --> SeleniumWrapper.py   [line:71] --> ERROR --> 找不到元素，以[name]方式定位[username]元素定位失败！
2022-07-18 22:19:05,886 --> SeleniumWrapper.py   [line:68] --> INFO --> 以[name]方式定位[username]元素
2022-07-18 22:19:16,456 --> SeleniumWrapper.py   [line:71] --> ERROR --> 找不到元素，以[name]方式定位[username]元素定位失败！
2022-07-18 22:19:26,467 --> ReadExcel.py         [line:58] --> ERROR --> Traceback (most recent call last):
  File "E:\UIAutomation\common\ReadExcel.py", line 43, in excel_ruuner
    actions(excel, sheet_temp, data, path, values, driver)
  File "E:\UIAutomation\biz\PageAction.py", line 35, in actions
    getattr(driver, branch(values[1]))(**data)
  File "E:\UIAutomation\base\SeleniumWrapper.py", line 85, in input_element
    self.locator_element(name, value).send_keys(text)
  File "E:\UIAutomation\base\SeleniumWrapper.py", line 73, in locator_element
    element = self.driver.find_element(name, value)
  File "E:\ITWork\Python365\lib\site-packages\selenium\webdriver\remote\webdriver.py", line 978, in find_element
    'value': value})['value']
  File "E:\ITWork\Python365\lib\site-packages\selenium\webdriver\remote\webdriver.py", line 321, in execute
    self.error_handler.check_response(response)
  File "E:\ITWork\Python365\lib\site-packages\selenium\webdriver\remote\errorhandler.py", line 242, in check_response
    raise exception_class(message, screen, stacktrace)
selenium.common.exceptions.NoSuchElementException: Message: no such element: Unable to locate element: {"method":"css selector","selector":"[name="username"]"}
  (Session info: chrome=99.0.4844.74)


During handling of the above exception, another exception occurred:

Traceback (most recent call last):
  File "E:\UIAutomation\common\ReadExcel.py", line 46, in excel_ruuner
    error_loc(sheet_temp,values,driver)
  File "E:\UIAutomation\common\PictureDispose.py", line 21, in error_loc
    element = driver.locator_element(values[2],values[3])
  File "E:\UIAutomation\base\SeleniumWrapper.py", line 73, in locator_element
    element = self.driver.find_element(name, value)
  File "E:\ITWork\Python365\lib\site-packages\selenium\webdriver\remote\webdriver.py", line 978, in find_element
    'value': value})['value']
  File "E:\ITWork\Python365\lib\site-packages\selenium\webdriver\remote\webdriver.py", line 321, in execute
    self.error_handler.check_response(response)
  File "E:\ITWork\Python365\lib\site-packages\selenium\webdriver\remote\errorhandler.py", line 242, in check_response
    raise exception_class(message, screen, stacktrace)
selenium.common.exceptions.NoSuchElementException: Message: no such element: Unable to locate element: {"method":"css selector","selector":"[name="username"]"}
  (Session info: chrome=99.0.4844.74)


2022-07-18 22:22:31,431 --> Main.py              [line:20] --> INFO --> 运行./case/testcase.xlsx测试用例
2022-07-18 22:22:31,476 --> ReadExcel.py         [line:20] --> INFO --> ---------------Sheet1---------------
2022-07-18 22:22:31,476 --> ReadExcel.py         [line:24] --> INFO --> 执行用例第1步骤：创建Chrome浏览器
2022-07-18 22:22:32,658 --> WebDriverWrapper.py  [line:59] --> INFO --> 启动浏览器 --> Chrome
2022-07-18 22:22:32,659 --> ReadExcel.py         [line:24] --> INFO --> 执行用例第2步骤：访问电商系统
2022-07-18 22:22:32,660 --> SeleniumWrapper.py   [line:62] --> INFO --> 访问[http://www.testingedu.com.cn:8000/Home/User/login.html]地址
2022-07-18 22:22:36,584 --> ReadExcel.py         [line:24] --> INFO --> 执行用例第3步骤：输入账号
2022-07-18 22:22:36,585 --> SeleniumWrapper.py   [line:68] --> INFO --> 以[name]方式定位[username]元素
2022-07-18 22:22:37,621 --> SeleniumWrapper.py   [line:86] --> INFO --> 以[name]方式定位[username]元素并输入[13800138006]文本
2022-07-18 22:22:37,622 --> ReadExcel.py         [line:24] --> INFO --> 执行用例第4步骤：输入密码
2022-07-18 22:22:37,623 --> SeleniumWrapper.py   [line:68] --> INFO --> 以[id]方式定位[password]元素
2022-07-18 22:22:38,558 --> SeleniumWrapper.py   [line:86] --> INFO --> 以[id]方式定位[password]元素并输入[0000]文本
2022-07-18 22:22:38,559 --> ReadExcel.py         [line:24] --> INFO --> 执行用例第5步骤：输入验证码
2022-07-18 22:22:38,559 --> SeleniumWrapper.py   [line:68] --> INFO --> 以[id]方式定位[verify_code]元素
2022-07-18 22:22:39,446 --> SeleniumWrapper.py   [line:86] --> INFO --> 以[id]方式定位[verify_code]元素并输入[0000]文本
2022-07-18 22:22:39,446 --> ReadExcel.py         [line:24] --> INFO --> 执行用例第6步骤：点击登录按钮
2022-07-18 22:22:39,446 --> SeleniumWrapper.py   [line:68] --> INFO --> 以[xpath]方式定位[//a[@name="sbtbutton"]]元素
2022-07-18 22:22:40,351 --> SeleniumWrapper.py   [line:95] --> INFO --> 以[xpath]方式定位[//a[@name="sbtbutton"]]元素并点击
2022-07-18 22:22:40,351 --> ReadExcel.py         [line:24] --> INFO --> 执行用例第7步骤：校验登录后是否存在退出的元素
2022-07-18 22:22:40,351 --> SeleniumWrapper.py   [line:68] --> INFO --> 以[link text]方式定位[安全退出]元素
2022-07-18 22:22:50,888 --> SeleniumWrapper.py   [line:71] --> ERROR --> 找不到元素，以[link text]方式定位[安全退出]元素定位失败！
2022-07-18 22:23:00,935 --> SeleniumWrapper.py   [line:130] --> ERROR --> Traceback (most recent call last):
  File "E:\UIAutomation\base\SeleniumWrapper.py", line 126, in assert_text
    reality = self.locator_element(name, value).text
  File "E:\UIAutomation\base\SeleniumWrapper.py", line 73, in locator_element
    element = self.driver.find_element(name, value)
  File "E:\ITWork\Python365\lib\site-packages\selenium\webdriver\remote\webdriver.py", line 978, in find_element
    'value': value})['value']
  File "E:\ITWork\Python365\lib\site-packages\selenium\webdriver\remote\webdriver.py", line 321, in execute
    self.error_handler.check_response(response)
  File "E:\ITWork\Python365\lib\site-packages\selenium\webdriver\remote\errorhandler.py", line 242, in check_response
    raise exception_class(message, screen, stacktrace)
selenium.common.exceptions.NoSuchElementException: Message: no such element: Unable to locate element: {"method":"link text","selector":"安全退出"}
  (Session info: chrome=99.0.4844.74)


2022-07-18 22:23:00,966 --> ReadExcel.py         [line:24] --> INFO --> 执行用例第8步骤：登录成功后截图
2022-07-18 22:23:00,966 --> SeleniumWrapper.py   [line:99] --> INFO --> 截图成功存放路径：[./picture/特斯汀电商系统登录成功1.png]
2022-07-18 22:23:01,269 --> ReadExcel.py         [line:20] --> INFO --> ---------------Sheet2---------------
2022-07-18 22:23:01,270 --> ReadExcel.py         [line:24] --> INFO --> 执行用例第1步骤：打开新的标签页
2022-07-18 22:23:01,311 --> ReadExcel.py         [line:24] --> INFO --> 执行用例第2步骤：访问电商系统
2022-07-18 22:23:01,311 --> SeleniumWrapper.py   [line:62] --> INFO --> 访问[http://www.baidu.com]地址
2022-07-18 22:23:04,464 --> ReadExcel.py         [line:24] --> INFO --> 执行用例第3步骤：输入账号
2022-07-18 22:23:04,465 --> SeleniumWrapper.py   [line:68] --> INFO --> 以[name]方式定位[username]元素
2022-07-18 22:23:15,015 --> SeleniumWrapper.py   [line:71] --> ERROR --> 找不到元素，以[name]方式定位[username]元素定位失败！
2022-07-18 22:23:25,026 --> SeleniumWrapper.py   [line:99] --> INFO --> 截图成功存放路径：[./picture/error_输入账号_79539515.png]
2022-07-18 22:23:25,246 --> SeleniumWrapper.py   [line:68] --> INFO --> 以[None]方式定位[None]元素
2022-07-18 22:23:25,253 --> ReadExcel.py         [line:58] --> ERROR --> Traceback (most recent call last):
  File "E:\UIAutomation\common\ReadExcel.py", line 43, in excel_ruuner
    actions(excel, sheet_temp, data, path, values, driver)
  File "E:\UIAutomation\biz\PageAction.py", line 35, in actions
    getattr(driver, branch(values[1]))(**data)
  File "E:\UIAutomation\base\SeleniumWrapper.py", line 85, in input_element
    self.locator_element(name, value).send_keys(text)
  File "E:\UIAutomation\base\SeleniumWrapper.py", line 73, in locator_element
    element = self.driver.find_element(name, value)
  File "E:\ITWork\Python365\lib\site-packages\selenium\webdriver\remote\webdriver.py", line 978, in find_element
    'value': value})['value']
  File "E:\ITWork\Python365\lib\site-packages\selenium\webdriver\remote\webdriver.py", line 321, in execute
    self.error_handler.check_response(response)
  File "E:\ITWork\Python365\lib\site-packages\selenium\webdriver\remote\errorhandler.py", line 242, in check_response
    raise exception_class(message, screen, stacktrace)
selenium.common.exceptions.NoSuchElementException: Message: no such element: Unable to locate element: {"method":"css selector","selector":"[name="username"]"}
  (Session info: chrome=99.0.4844.74)


During handling of the above exception, another exception occurred:

Traceback (most recent call last):
  File "E:\UIAutomation\base\SeleniumWrapper.py", line 69, in locator_element
    self.hide_wait(name,value)
  File "E:\UIAutomation\base\SeleniumWrapper.py", line 28, in hide_wait
    hide_wait.until(lambda driver: driver.find_element(name,value))
  File "E:\ITWork\Python365\lib\site-packages\selenium\webdriver\support\wait.py", line 71, in until
    value = method(self._driver)
  File "E:\UIAutomation\base\SeleniumWrapper.py", line 28, in <lambda>
    hide_wait.until(lambda driver: driver.find_element(name,value))
  File "E:\ITWork\Python365\lib\site-packages\selenium\webdriver\remote\webdriver.py", line 978, in find_element
    'value': value})['value']
  File "E:\ITWork\Python365\lib\site-packages\selenium\webdriver\remote\webdriver.py", line 321, in execute
    self.error_handler.check_response(response)
  File "E:\ITWork\Python365\lib\site-packages\selenium\webdriver\remote\errorhandler.py", line 242, in check_response
    raise exception_class(message, screen, stacktrace)
selenium.common.exceptions.InvalidArgumentException: Message: invalid argument: 'using' must be a string
  (Session info: chrome=99.0.4844.74)


During handling of the above exception, another exception occurred:

Traceback (most recent call last):
  File "E:\UIAutomation\common\ReadExcel.py", line 46, in excel_ruuner
    error_loc(sheet_temp,values,driver)
  File "E:\UIAutomation\common\PictureDispose.py", line 17, in error_loc
    if not driver.is_element_exist(row[2],row[3]):
  File "E:\UIAutomation\base\SeleniumWrapper.py", line 324, in is_element_exist
    self.locator_element(name, value)
  File "E:\UIAutomation\base\SeleniumWrapper.py", line 73, in locator_element
    element = self.driver.find_element(name, value)
  File "E:\ITWork\Python365\lib\site-packages\selenium\webdriver\remote\webdriver.py", line 978, in find_element
    'value': value})['value']
  File "E:\ITWork\Python365\lib\site-packages\selenium\webdriver\remote\webdriver.py", line 321, in execute
    self.error_handler.check_response(response)
  File "E:\ITWork\Python365\lib\site-packages\selenium\webdriver\remote\errorhandler.py", line 242, in check_response
    raise exception_class(message, screen, stacktrace)
selenium.common.exceptions.InvalidArgumentException: Message: invalid argument: 'using' must be a string
  (Session info: chrome=99.0.4844.74)


2022-07-18 22:29:07,127 --> Main.py              [line:20] --> INFO --> 运行./case/testcase.xlsx测试用例
2022-07-18 22:29:07,164 --> ReadExcel.py         [line:20] --> INFO --> ---------------Sheet1---------------
2022-07-18 22:29:07,164 --> ReadExcel.py         [line:24] --> INFO --> 执行用例第1步骤：创建Chrome浏览器
2022-07-18 22:29:08,326 --> WebDriverWrapper.py  [line:59] --> INFO --> 启动浏览器 --> Chrome
2022-07-18 22:29:08,327 --> ReadExcel.py         [line:24] --> INFO --> 执行用例第2步骤：访问电商系统
2022-07-18 22:29:08,327 --> SeleniumWrapper.py   [line:62] --> INFO --> 访问[http://www.testingedu.com.cn:8000/Home/User/login.html]地址
2022-07-18 22:29:12,517 --> ReadExcel.py         [line:24] --> INFO --> 执行用例第3步骤：输入账号
2022-07-18 22:29:12,518 --> SeleniumWrapper.py   [line:68] --> INFO --> 以[name]方式定位[username]元素
2022-07-18 22:29:13,425 --> SeleniumWrapper.py   [line:86] --> INFO --> 以[name]方式定位[username]元素并输入[13800138006]文本
2022-07-18 22:29:13,426 --> ReadExcel.py         [line:24] --> INFO --> 执行用例第4步骤：输入密码
2022-07-18 22:29:13,426 --> SeleniumWrapper.py   [line:68] --> INFO --> 以[id]方式定位[password]元素
2022-07-18 22:29:14,369 --> SeleniumWrapper.py   [line:86] --> INFO --> 以[id]方式定位[password]元素并输入[0000]文本
2022-07-18 22:29:14,370 --> ReadExcel.py         [line:24] --> INFO --> 执行用例第5步骤：输入验证码
2022-07-18 22:29:14,370 --> SeleniumWrapper.py   [line:68] --> INFO --> 以[id]方式定位[verify_code11]元素
2022-07-18 22:29:24,943 --> SeleniumWrapper.py   [line:71] --> ERROR --> 找不到元素，以[id]方式定位[verify_code11]元素定位失败！
2022-07-18 22:29:34,998 --> SeleniumWrapper.py   [line:99] --> INFO --> 截图成功存放路径：[./picture/error_输入验证码_18471191.png]
2022-07-18 22:29:35,331 --> SeleniumWrapper.py   [line:68] --> INFO --> 以[id]方式定位[password]元素
2022-07-18 22:31:08,603 --> Main.py              [line:20] --> INFO --> 运行./case/testcase.xlsx测试用例
2022-07-18 22:31:08,637 --> ReadExcel.py         [line:20] --> INFO --> ---------------Sheet1---------------
2022-07-18 22:31:08,637 --> ReadExcel.py         [line:24] --> INFO --> 执行用例第1步骤：创建Chrome浏览器
2022-07-18 22:31:09,891 --> WebDriverWrapper.py  [line:59] --> INFO --> 启动浏览器 --> Chrome
2022-07-18 22:31:09,892 --> ReadExcel.py         [line:24] --> INFO --> 执行用例第2步骤：访问电商系统
2022-07-18 22:31:09,892 --> SeleniumWrapper.py   [line:62] --> INFO --> 访问[http://www.testingedu.com.cn:8000/Home/User/login.html]地址
2022-07-18 22:31:13,433 --> ReadExcel.py         [line:24] --> INFO --> 执行用例第3步骤：输入账号
2022-07-18 22:31:13,433 --> SeleniumWrapper.py   [line:68] --> INFO --> 以[name]方式定位[username]元素
2022-07-18 22:31:14,375 --> SeleniumWrapper.py   [line:86] --> INFO --> 以[name]方式定位[username]元素并输入[13800138006]文本
2022-07-18 22:31:14,375 --> ReadExcel.py         [line:24] --> INFO --> 执行用例第4步骤：输入密码
2022-07-18 22:31:14,375 --> SeleniumWrapper.py   [line:68] --> INFO --> 以[id]方式定位[password]元素
2022-07-18 22:31:15,306 --> SeleniumWrapper.py   [line:86] --> INFO --> 以[id]方式定位[password]元素并输入[0000]文本
2022-07-18 22:31:15,307 --> ReadExcel.py         [line:24] --> INFO --> 执行用例第5步骤：输入验证码
2022-07-18 22:31:15,307 --> SeleniumWrapper.py   [line:68] --> INFO --> 以[id]方式定位[verify_code11]元素
2022-07-18 22:31:25,893 --> SeleniumWrapper.py   [line:71] --> ERROR --> 找不到元素，以[id]方式定位[verify_code11]元素定位失败！
2022-07-18 22:31:30,832 --> SeleniumWrapper.py   [line:99] --> INFO --> 截图成功存放路径：[./picture/error_输入验证码_49779749.png]
2022-07-18 22:31:30,839 --> ReadExcel.py         [line:58] --> ERROR --> Traceback (most recent call last):
  File "E:\UIAutomation\common\ReadExcel.py", line 43, in excel_ruuner
    actions(excel, sheet_temp, data, path, values, driver)
  File "E:\UIAutomation\biz\PageAction.py", line 35, in actions
    getattr(driver, branch(values[1]))(**data)
  File "E:\UIAutomation\base\SeleniumWrapper.py", line 85, in input_element
    self.locator_element(name, value).send_keys(text)
  File "E:\UIAutomation\base\SeleniumWrapper.py", line 74, in locator_element
    self.HighLight(element)
  File "E:\UIAutomation\base\SeleniumWrapper.py", line 51, in HighLight
    element, "background: pink; border:5px solid red;")
  File "E:\UIAutomation\base\SeleniumWrapper.py", line 41, in exec_script
    self.driver.execute_script(text,*args)
  File "E:\ITWork\Python365\lib\site-packages\selenium\webdriver\remote\webdriver.py", line 636, in execute_script
    'args': converted_args})['value']
  File "E:\ITWork\Python365\lib\site-packages\selenium\webdriver\remote\webdriver.py", line 321, in execute
    self.error_handler.check_response(response)
  File "E:\ITWork\Python365\lib\site-packages\selenium\webdriver\remote\errorhandler.py", line 242, in check_response
    raise exception_class(message, screen, stacktrace)
selenium.common.exceptions.NoSuchWindowException: Message: no such window: target window already closed
from unknown error: web view not found
  (Session info: chrome=99.0.4844.74)


During handling of the above exception, another exception occurred:

Traceback (most recent call last):
  File "E:\UIAutomation\common\ReadExcel.py", line 46, in excel_ruuner
    error_loc(sheet_temp,values,driver)
  File "E:\UIAutomation\common\PictureDispose.py", line 14, in error_loc
    driver.screenshot_img(errorImg)
  File "E:\UIAutomation\base\SeleniumWrapper.py", line 100, in screenshot_img
    return self.driver.get_screenshot_as_file(text)
  File "E:\ITWork\Python365\lib\site-packages\selenium\webdriver\remote\webdriver.py", line 1032, in get_screenshot_as_file
    png = self.get_screenshot_as_png()
  File "E:\ITWork\Python365\lib\site-packages\selenium\webdriver\remote\webdriver.py", line 1064, in get_screenshot_as_png
    return base64.b64decode(self.get_screenshot_as_base64().encode('ascii'))
  File "E:\ITWork\Python365\lib\site-packages\selenium\webdriver\remote\webdriver.py", line 1074, in get_screenshot_as_base64
    return self.execute(Command.SCREENSHOT)['value']
  File "E:\ITWork\Python365\lib\site-packages\selenium\webdriver\remote\webdriver.py", line 321, in execute
    self.error_handler.check_response(response)
  File "E:\ITWork\Python365\lib\site-packages\selenium\webdriver\remote\errorhandler.py", line 242, in check_response
    raise exception_class(message, screen, stacktrace)
selenium.common.exceptions.NoSuchWindowException: Message: no such window: target window already closed
from unknown error: web view not found
  (Session info: chrome=99.0.4844.74)


2022-07-18 22:31:38,410 --> Main.py              [line:20] --> INFO --> 运行./case/testcase.xlsx测试用例
2022-07-18 22:31:38,443 --> ReadExcel.py         [line:20] --> INFO --> ---------------Sheet1---------------
2022-07-18 22:31:38,443 --> ReadExcel.py         [line:24] --> INFO --> 执行用例第1步骤：创建Chrome浏览器
2022-07-18 22:31:39,583 --> WebDriverWrapper.py  [line:59] --> INFO --> 启动浏览器 --> Chrome
2022-07-18 22:31:39,584 --> ReadExcel.py         [line:24] --> INFO --> 执行用例第2步骤：访问电商系统
2022-07-18 22:31:39,584 --> SeleniumWrapper.py   [line:62] --> INFO --> 访问[http://www.testingedu.com.cn:8000/Home/User/login.html]地址
2022-07-18 22:31:43,501 --> ReadExcel.py         [line:24] --> INFO --> 执行用例第3步骤：输入账号
2022-07-18 22:31:43,502 --> SeleniumWrapper.py   [line:68] --> INFO --> 以[name]方式定位[username]元素
2022-07-18 22:31:44,469 --> SeleniumWrapper.py   [line:86] --> INFO --> 以[name]方式定位[username]元素并输入[13800138006]文本
2022-07-18 22:31:44,470 --> ReadExcel.py         [line:24] --> INFO --> 执行用例第4步骤：输入密码
2022-07-18 22:31:44,470 --> SeleniumWrapper.py   [line:68] --> INFO --> 以[id]方式定位[password]元素
2022-07-18 22:31:45,415 --> SeleniumWrapper.py   [line:86] --> INFO --> 以[id]方式定位[password]元素并输入[0000]文本
2022-07-18 22:31:45,416 --> ReadExcel.py         [line:24] --> INFO --> 执行用例第5步骤：输入验证码
2022-07-18 22:31:45,416 --> SeleniumWrapper.py   [line:68] --> INFO --> 以[id]方式定位[verify_code11]元素
2022-07-18 22:31:55,991 --> SeleniumWrapper.py   [line:71] --> ERROR --> 找不到元素，以[id]方式定位[verify_code11]元素定位失败！
2022-07-18 22:32:06,064 --> SeleniumWrapper.py   [line:99] --> INFO --> 截图成功存放路径：[./picture/error_输入验证码_23608790.png]
2022-07-18 22:32:06,448 --> SeleniumWrapper.py   [line:68] --> INFO --> 以[id]方式定位[password]元素
2022-07-18 22:32:36,464 --> Main.py              [line:20] --> INFO --> 运行./case/testcase.xlsx测试用例
2022-07-18 22:32:36,497 --> ReadExcel.py         [line:20] --> INFO --> ---------------Sheet1---------------
2022-07-18 22:32:36,497 --> ReadExcel.py         [line:24] --> INFO --> 执行用例第1步骤：创建Chrome浏览器
2022-07-18 22:32:37,734 --> WebDriverWrapper.py  [line:59] --> INFO --> 启动浏览器 --> Chrome
2022-07-18 22:32:37,735 --> ReadExcel.py         [line:24] --> INFO --> 执行用例第2步骤：访问电商系统
2022-07-18 22:32:37,735 --> SeleniumWrapper.py   [line:62] --> INFO --> 访问[http://www.testingedu.com.cn:8000/Home/User/login.html]地址
2022-07-18 22:32:41,634 --> ReadExcel.py         [line:24] --> INFO --> 执行用例第3步骤：输入账号
2022-07-18 22:32:41,634 --> SeleniumWrapper.py   [line:68] --> INFO --> 以[name]方式定位[username]元素
2022-07-18 22:32:42,571 --> SeleniumWrapper.py   [line:86] --> INFO --> 以[name]方式定位[username]元素并输入[13800138006]文本
2022-07-18 22:32:42,572 --> ReadExcel.py         [line:24] --> INFO --> 执行用例第4步骤：输入密码
2022-07-18 22:32:42,572 --> SeleniumWrapper.py   [line:68] --> INFO --> 以[id]方式定位[password]元素
2022-07-18 22:32:43,504 --> SeleniumWrapper.py   [line:86] --> INFO --> 以[id]方式定位[password]元素并输入[0000]文本
2022-07-18 22:32:43,504 --> ReadExcel.py         [line:24] --> INFO --> 执行用例第5步骤：输入验证码
2022-07-18 22:32:43,504 --> SeleniumWrapper.py   [line:68] --> INFO --> 以[id]方式定位[verify_code11]元素
2022-07-18 22:32:54,067 --> SeleniumWrapper.py   [line:71] --> ERROR --> 找不到元素，以[id]方式定位[verify_code11]元素定位失败！
2022-07-18 22:33:04,078 --> SeleniumWrapper.py   [line:99] --> INFO --> 截图成功存放路径：[./picture/error_输入验证码_49070492.png]
2022-07-18 22:33:04,389 --> SeleniumWrapper.py   [line:68] --> INFO --> 以[id]方式定位[password]元素
2022-07-18 22:33:05,275 --> SeleniumWrapper.py   [line:68] --> INFO --> 以[id]方式定位[verify_code11]元素
2022-07-18 22:33:15,791 --> SeleniumWrapper.py   [line:71] --> ERROR --> 找不到元素，以[id]方式定位[verify_code11]元素定位失败！
2022-07-18 22:33:25,851 --> ReadExcel.py         [line:58] --> ERROR --> Traceback (most recent call last):
  File "E:\UIAutomation\common\ReadExcel.py", line 43, in excel_ruuner
    actions(excel, sheet_temp, data, path, values, driver)
  File "E:\UIAutomation\biz\PageAction.py", line 35, in actions
    getattr(driver, branch(values[1]))(**data)
  File "E:\UIAutomation\base\SeleniumWrapper.py", line 85, in input_element
    self.locator_element(name, value).send_keys(text)
  File "E:\UIAutomation\base\SeleniumWrapper.py", line 73, in locator_element
    element = self.driver.find_element(name, value)
  File "E:\ITWork\Python365\lib\site-packages\selenium\webdriver\remote\webdriver.py", line 978, in find_element
    'value': value})['value']
  File "E:\ITWork\Python365\lib\site-packages\selenium\webdriver\remote\webdriver.py", line 321, in execute
    self.error_handler.check_response(response)
  File "E:\ITWork\Python365\lib\site-packages\selenium\webdriver\remote\errorhandler.py", line 242, in check_response
    raise exception_class(message, screen, stacktrace)
selenium.common.exceptions.NoSuchElementException: Message: no such element: Unable to locate element: {"method":"css selector","selector":"[id="verify_code11"]"}
  (Session info: chrome=99.0.4844.74)


During handling of the above exception, another exception occurred:

Traceback (most recent call last):
  File "E:\UIAutomation\common\ReadExcel.py", line 46, in excel_ruuner
    error_loc(sheet_temp,values,driver)
  File "E:\UIAutomation\common\PictureDispose.py", line 20, in error_loc
    element = driver.locator_element(values[2],values[3])
  File "E:\UIAutomation\base\SeleniumWrapper.py", line 73, in locator_element
    element = self.driver.find_element(name, value)
  File "E:\ITWork\Python365\lib\site-packages\selenium\webdriver\remote\webdriver.py", line 978, in find_element
    'value': value})['value']
  File "E:\ITWork\Python365\lib\site-packages\selenium\webdriver\remote\webdriver.py", line 321, in execute
    self.error_handler.check_response(response)
  File "E:\ITWork\Python365\lib\site-packages\selenium\webdriver\remote\errorhandler.py", line 242, in check_response
    raise exception_class(message, screen, stacktrace)
selenium.common.exceptions.NoSuchElementException: Message: no such element: Unable to locate element: {"method":"css selector","selector":"[id="verify_code11"]"}
  (Session info: chrome=99.0.4844.74)


2022-07-18 22:34:30,298 --> Main.py              [line:20] --> INFO --> 运行./case/testcase.xlsx测试用例
2022-07-18 22:34:30,331 --> ReadExcel.py         [line:20] --> INFO --> ---------------Sheet1---------------
2022-07-18 22:34:30,331 --> ReadExcel.py         [line:24] --> INFO --> 执行用例第1步骤：创建Chrome浏览器
2022-07-18 22:34:31,460 --> WebDriverWrapper.py  [line:59] --> INFO --> 启动浏览器 --> Chrome
2022-07-18 22:34:31,462 --> ReadExcel.py         [line:24] --> INFO --> 执行用例第2步骤：访问电商系统
2022-07-18 22:34:31,462 --> SeleniumWrapper.py   [line:62] --> INFO --> 访问[http://www.testingedu.com.cn:8000/Home/User/login.html]地址
2022-07-18 22:34:35,557 --> ReadExcel.py         [line:24] --> INFO --> 执行用例第3步骤：输入账号
2022-07-18 22:34:35,557 --> SeleniumWrapper.py   [line:68] --> INFO --> 以[name]方式定位[username]元素
2022-07-18 22:34:36,575 --> SeleniumWrapper.py   [line:86] --> INFO --> 以[name]方式定位[username]元素并输入[13800138006]文本
2022-07-18 22:34:36,575 --> ReadExcel.py         [line:24] --> INFO --> 执行用例第4步骤：输入密码
2022-07-18 22:34:36,576 --> SeleniumWrapper.py   [line:68] --> INFO --> 以[id]方式定位[password]元素
2022-07-18 22:34:37,548 --> SeleniumWrapper.py   [line:86] --> INFO --> 以[id]方式定位[password]元素并输入[0000]文本
2022-07-18 22:34:37,549 --> ReadExcel.py         [line:24] --> INFO --> 执行用例第5步骤：输入验证码
2022-07-18 22:34:37,549 --> SeleniumWrapper.py   [line:68] --> INFO --> 以[id]方式定位[verify_code11]元素
2022-07-18 22:34:48,083 --> SeleniumWrapper.py   [line:71] --> ERROR --> 找不到元素，以[id]方式定位[verify_code11]元素定位失败！
2022-07-18 22:34:58,125 --> SeleniumWrapper.py   [line:99] --> INFO --> 截图成功存放路径：[./picture/error_输入验证码_44843025.png]
2022-07-18 22:34:58,442 --> SeleniumWrapper.py   [line:68] --> INFO --> 以[id]方式定位[password]元素
2022-07-18 22:34:59,321 --> SeleniumWrapper.py   [line:68] --> INFO --> 以[id]方式定位[password]元素
2022-07-18 22:35:00,326 --> ReadExcel.py         [line:58] --> ERROR --> Traceback (most recent call last):
  File "E:\UIAutomation\common\ReadExcel.py", line 43, in excel_ruuner
    actions(excel, sheet_temp, data, path, values, driver)
  File "E:\UIAutomation\biz\PageAction.py", line 35, in actions
    getattr(driver, branch(values[1]))(**data)
  File "E:\UIAutomation\base\SeleniumWrapper.py", line 85, in input_element
    self.locator_element(name, value).send_keys(text)
  File "E:\UIAutomation\base\SeleniumWrapper.py", line 73, in locator_element
    element = self.driver.find_element(name, value)
  File "E:\ITWork\Python365\lib\site-packages\selenium\webdriver\remote\webdriver.py", line 978, in find_element
    'value': value})['value']
  File "E:\ITWork\Python365\lib\site-packages\selenium\webdriver\remote\webdriver.py", line 321, in execute
    self.error_handler.check_response(response)
  File "E:\ITWork\Python365\lib\site-packages\selenium\webdriver\remote\errorhandler.py", line 242, in check_response
    raise exception_class(message, screen, stacktrace)
selenium.common.exceptions.NoSuchElementException: Message: no such element: Unable to locate element: {"method":"css selector","selector":"[id="verify_code11"]"}
  (Session info: chrome=99.0.4844.74)


During handling of the above exception, another exception occurred:

Traceback (most recent call last):
  File "E:\UIAutomation\common\ReadExcel.py", line 46, in excel_ruuner
    error_loc(sheet_temp,values,driver)
  File "E:\UIAutomation\common\PictureDispose.py", line 21, in error_loc
    draw(errorImg,element)
  File "E:\UIAutomation\common\PictureDispose.py", line 37, in draw
    cv2.imwrite(path, image)
cv2.error: OpenCV(4.6.0) D:\a\opencv-python\opencv-python\opencv\modules\imgcodecs\src\loadsave.cpp:801: error: (-215:Assertion failed) !_img.empty() in function 'cv::imwrite'


2022-07-18 22:36:39,011 --> Main.py              [line:20] --> INFO --> 运行./case/testcase.xlsx测试用例
2022-07-18 22:36:39,059 --> ReadExcel.py         [line:20] --> INFO --> ---------------Sheet1---------------
2022-07-18 22:36:39,059 --> ReadExcel.py         [line:24] --> INFO --> 执行用例第1步骤：创建Chrome浏览器
2022-07-18 22:36:40,166 --> WebDriverWrapper.py  [line:59] --> INFO --> 启动浏览器 --> Chrome
2022-07-18 22:36:40,167 --> ReadExcel.py         [line:24] --> INFO --> 执行用例第2步骤：访问电商系统
2022-07-18 22:36:40,167 --> SeleniumWrapper.py   [line:62] --> INFO --> 访问[http://www.testingedu.com.cn:8000/Home/User/login.html]地址
2022-07-18 22:36:43,524 --> ReadExcel.py         [line:24] --> INFO --> 执行用例第3步骤：输入账号
2022-07-18 22:36:43,524 --> SeleniumWrapper.py   [line:68] --> INFO --> 以[name]方式定位[username]元素
2022-07-18 22:36:44,541 --> SeleniumWrapper.py   [line:86] --> INFO --> 以[name]方式定位[username]元素并输入[13800138006]文本
2022-07-18 22:36:44,542 --> ReadExcel.py         [line:24] --> INFO --> 执行用例第4步骤：输入密码
2022-07-18 22:36:44,542 --> SeleniumWrapper.py   [line:68] --> INFO --> 以[id]方式定位[password]元素
2022-07-18 22:36:45,473 --> SeleniumWrapper.py   [line:86] --> INFO --> 以[id]方式定位[password]元素并输入[0000]文本
2022-07-18 22:36:45,474 --> ReadExcel.py         [line:24] --> INFO --> 执行用例第5步骤：输入验证码
2022-07-18 22:36:45,474 --> SeleniumWrapper.py   [line:68] --> INFO --> 以[id]方式定位[verify_code11]元素
2022-07-18 22:36:56,023 --> SeleniumWrapper.py   [line:71] --> ERROR --> 找不到元素，以[id]方式定位[verify_code11]元素定位失败！
2022-07-18 22:37:06,042 --> SeleniumWrapper.py   [line:99] --> INFO --> 截图成功存放路径：[./picture/error_['9', '0', '0', '5', '6', '1', '6', '3'].png]
2022-07-18 22:37:06,402 --> SeleniumWrapper.py   [line:68] --> INFO --> 以[id]方式定位[password]元素
2022-07-18 22:37:07,303 --> SeleniumWrapper.py   [line:68] --> INFO --> 以[id]方式定位[password]元素
2022-07-18 22:37:38,423 --> Main.py              [line:20] --> INFO --> 运行./case/testcase.xlsx测试用例
2022-07-18 22:37:38,456 --> ReadExcel.py         [line:20] --> INFO --> ---------------Sheet1---------------
2022-07-18 22:37:38,456 --> ReadExcel.py         [line:24] --> INFO --> 执行用例第1步骤：创建Chrome浏览器
2022-07-18 22:37:39,685 --> WebDriverWrapper.py  [line:59] --> INFO --> 启动浏览器 --> Chrome
2022-07-18 22:37:39,687 --> ReadExcel.py         [line:24] --> INFO --> 执行用例第2步骤：访问电商系统
2022-07-18 22:37:39,687 --> SeleniumWrapper.py   [line:62] --> INFO --> 访问[http://www.testingedu.com.cn:8000/Home/User/login.html]地址
2022-07-18 22:37:43,523 --> ReadExcel.py         [line:24] --> INFO --> 执行用例第3步骤：输入账号
2022-07-18 22:37:43,524 --> SeleniumWrapper.py   [line:68] --> INFO --> 以[name]方式定位[username]元素
2022-07-18 22:37:44,488 --> SeleniumWrapper.py   [line:86] --> INFO --> 以[name]方式定位[username]元素并输入[13800138006]文本
2022-07-18 22:37:44,489 --> ReadExcel.py         [line:24] --> INFO --> 执行用例第4步骤：输入密码
2022-07-18 22:37:44,489 --> SeleniumWrapper.py   [line:68] --> INFO --> 以[id]方式定位[password]元素
2022-07-18 22:37:45,409 --> SeleniumWrapper.py   [line:86] --> INFO --> 以[id]方式定位[password]元素并输入[0000]文本
2022-07-18 22:37:45,410 --> ReadExcel.py         [line:24] --> INFO --> 执行用例第5步骤：输入验证码
2022-07-18 22:37:45,410 --> SeleniumWrapper.py   [line:68] --> INFO --> 以[id]方式定位[verify_code11]元素
2022-07-18 22:37:55,953 --> SeleniumWrapper.py   [line:71] --> ERROR --> 找不到元素，以[id]方式定位[verify_code11]元素定位失败！
2022-07-18 22:38:06,001 --> SeleniumWrapper.py   [line:99] --> INFO --> 截图成功存放路径：[./picture/error_输入验证码_87842950.png]
2022-07-18 22:38:06,365 --> SeleniumWrapper.py   [line:68] --> INFO --> 以[id]方式定位[password]元素
2022-07-18 22:38:07,250 --> SeleniumWrapper.py   [line:68] --> INFO --> 以[id]方式定位[password]元素
2022-07-18 22:38:08,197 --> ReadExcel.py         [line:58] --> ERROR --> Traceback (most recent call last):
  File "E:\UIAutomation\common\ReadExcel.py", line 43, in excel_ruuner
    actions(excel, sheet_temp, data, path, values, driver)
  File "E:\UIAutomation\biz\PageAction.py", line 35, in actions
    getattr(driver, branch(values[1]))(**data)
  File "E:\UIAutomation\base\SeleniumWrapper.py", line 85, in input_element
    self.locator_element(name, value).send_keys(text)
  File "E:\UIAutomation\base\SeleniumWrapper.py", line 73, in locator_element
    element = self.driver.find_element(name, value)
  File "E:\ITWork\Python365\lib\site-packages\selenium\webdriver\remote\webdriver.py", line 978, in find_element
    'value': value})['value']
  File "E:\ITWork\Python365\lib\site-packages\selenium\webdriver\remote\webdriver.py", line 321, in execute
    self.error_handler.check_response(response)
  File "E:\ITWork\Python365\lib\site-packages\selenium\webdriver\remote\errorhandler.py", line 242, in check_response
    raise exception_class(message, screen, stacktrace)
selenium.common.exceptions.NoSuchElementException: Message: no such element: Unable to locate element: {"method":"css selector","selector":"[id="verify_code11"]"}
  (Session info: chrome=99.0.4844.74)


During handling of the above exception, another exception occurred:

Traceback (most recent call last):
  File "E:\UIAutomation\common\ReadExcel.py", line 46, in excel_ruuner
    error_loc(sheet_temp,values,driver)
  File "E:\UIAutomation\common\PictureDispose.py", line 22, in error_loc
    draw(errorImg,element)
  File "E:\UIAutomation\common\PictureDispose.py", line 38, in draw
    cv2.imwrite(path, image)
cv2.error: OpenCV(4.6.0) D:\a\opencv-python\opencv-python\opencv\modules\imgcodecs\src\loadsave.cpp:801: error: (-215:Assertion failed) !_img.empty() in function 'cv::imwrite'


2022-07-18 22:49:33,947 --> Main.py              [line:20] --> INFO --> 运行./case/testcase.xlsx测试用例
2022-07-18 22:49:33,981 --> ReadExcel.py         [line:20] --> INFO --> ---------------Sheet1---------------
2022-07-18 22:49:33,981 --> ReadExcel.py         [line:24] --> INFO --> 执行用例第1步骤：创建Chrome浏览器
2022-07-18 22:49:35,230 --> WebDriverWrapper.py  [line:59] --> INFO --> 启动浏览器 --> Chrome
2022-07-18 22:49:35,231 --> ReadExcel.py         [line:24] --> INFO --> 执行用例第2步骤：访问电商系统
2022-07-18 22:49:35,232 --> SeleniumWrapper.py   [line:62] --> INFO --> 访问[http://www.testingedu.com.cn:8000/Home/User/login.html]地址
2022-07-18 22:49:38,440 --> ReadExcel.py         [line:24] --> INFO --> 执行用例第3步骤：输入账号
2022-07-18 22:49:38,440 --> SeleniumWrapper.py   [line:68] --> INFO --> 以[name]方式定位[username]元素
2022-07-18 22:49:39,374 --> SeleniumWrapper.py   [line:86] --> INFO --> 以[name]方式定位[username]元素并输入[13800138006]文本
2022-07-18 22:49:39,374 --> ReadExcel.py         [line:24] --> INFO --> 执行用例第4步骤：输入密码
2022-07-18 22:49:39,375 --> SeleniumWrapper.py   [line:68] --> INFO --> 以[id]方式定位[password]元素
2022-07-18 22:49:40,303 --> SeleniumWrapper.py   [line:86] --> INFO --> 以[id]方式定位[password]元素并输入[0000]文本
2022-07-18 22:49:40,304 --> ReadExcel.py         [line:24] --> INFO --> 执行用例第5步骤：输入验证码
2022-07-18 22:49:40,304 --> SeleniumWrapper.py   [line:68] --> INFO --> 以[id]方式定位[verify_code11]元素
2022-07-18 22:49:50,829 --> SeleniumWrapper.py   [line:71] --> ERROR --> 找不到元素，以[id]方式定位[verify_code11]元素定位失败！
2022-07-18 22:50:00,861 --> SeleniumWrapper.py   [line:99] --> INFO --> 截图成功存放路径：[./picture/error_输入验证码_44357248.png]
2022-07-18 22:50:01,175 --> SeleniumWrapper.py   [line:68] --> INFO --> 以[id]方式定位[password]元素
2022-07-18 22:50:02,056 --> SeleniumWrapper.py   [line:68] --> INFO --> 以[id]方式定位[password]元素
2022-07-18 22:50:03,050 --> ReadExcel.py         [line:58] --> ERROR --> Traceback (most recent call last):
  File "E:\UIAutomation\common\ReadExcel.py", line 43, in excel_ruuner
    actions(excel, sheet_temp, data, path, values, driver)
  File "E:\UIAutomation\biz\PageAction.py", line 35, in actions
    getattr(driver, branch(values[1]))(**data)
  File "E:\UIAutomation\base\SeleniumWrapper.py", line 85, in input_element
    self.locator_element(name, value).send_keys(text)
  File "E:\UIAutomation\base\SeleniumWrapper.py", line 73, in locator_element
    element = self.driver.find_element(name, value)
  File "E:\ITWork\Python365\lib\site-packages\selenium\webdriver\remote\webdriver.py", line 978, in find_element
    'value': value})['value']
  File "E:\ITWork\Python365\lib\site-packages\selenium\webdriver\remote\webdriver.py", line 321, in execute
    self.error_handler.check_response(response)
  File "E:\ITWork\Python365\lib\site-packages\selenium\webdriver\remote\errorhandler.py", line 242, in check_response
    raise exception_class(message, screen, stacktrace)
selenium.common.exceptions.NoSuchElementException: Message: no such element: Unable to locate element: {"method":"css selector","selector":"[id="verify_code11"]"}
  (Session info: chrome=99.0.4844.74)


During handling of the above exception, another exception occurred:

Traceback (most recent call last):
  File "E:\UIAutomation\common\ReadExcel.py", line 46, in excel_ruuner
    error_loc(sheet_temp,values,driver)
  File "E:\UIAutomation\common\PictureDispose.py", line 23, in error_loc
    draw(errorImg,element)
  File "E:\UIAutomation\common\PictureDispose.py", line 39, in draw
    cv2.imwrite(path, image)
cv2.error: OpenCV(4.6.0) D:\a\opencv-python\opencv-python\opencv\modules\imgcodecs\src\loadsave.cpp:801: error: (-215:Assertion failed) !_img.empty() in function 'cv::imwrite'


2022-07-18 22:51:33,435 --> Main.py              [line:20] --> INFO --> 运行./case/testcase.xlsx测试用例
2022-07-18 22:51:33,467 --> ReadExcel.py         [line:20] --> INFO --> ---------------Sheet1---------------
2022-07-18 22:51:33,467 --> ReadExcel.py         [line:24] --> INFO --> 执行用例第1步骤：创建Chrome浏览器
2022-07-18 22:51:34,701 --> WebDriverWrapper.py  [line:59] --> INFO --> 启动浏览器 --> Chrome
2022-07-18 22:51:34,704 --> ReadExcel.py         [line:24] --> INFO --> 执行用例第2步骤：访问电商系统
2022-07-18 22:51:34,704 --> SeleniumWrapper.py   [line:62] --> INFO --> 访问[http://www.testingedu.com.cn:8000/Home/User/login.html]地址
2022-07-18 22:51:38,524 --> ReadExcel.py         [line:24] --> INFO --> 执行用例第3步骤：输入账号
2022-07-18 22:51:38,524 --> SeleniumWrapper.py   [line:68] --> INFO --> 以[name]方式定位[username]元素
2022-07-18 22:51:39,464 --> SeleniumWrapper.py   [line:86] --> INFO --> 以[name]方式定位[username]元素并输入[13800138006]文本
2022-07-18 22:51:39,464 --> ReadExcel.py         [line:24] --> INFO --> 执行用例第4步骤：输入密码
2022-07-18 22:51:39,464 --> SeleniumWrapper.py   [line:68] --> INFO --> 以[id]方式定位[password]元素
2022-07-18 22:51:40,388 --> SeleniumWrapper.py   [line:86] --> INFO --> 以[id]方式定位[password]元素并输入[0000]文本
2022-07-18 22:51:40,388 --> ReadExcel.py         [line:24] --> INFO --> 执行用例第5步骤：输入验证码
2022-07-18 22:51:40,388 --> SeleniumWrapper.py   [line:68] --> INFO --> 以[id]方式定位[verify_code11]元素
2022-07-18 22:51:50,907 --> SeleniumWrapper.py   [line:71] --> ERROR --> 找不到元素，以[id]方式定位[verify_code11]元素定位失败！
2022-07-18 22:52:00,914 --> SeleniumWrapper.py   [line:99] --> INFO --> 截图成功存放路径：[E:\UIAutomation\picture\输入验证码_49760534.png]
2022-07-18 22:52:01,239 --> SeleniumWrapper.py   [line:68] --> INFO --> 以[id]方式定位[password]元素
2022-07-18 22:52:02,110 --> SeleniumWrapper.py   [line:68] --> INFO --> 以[id]方式定位[password]元素
2022-07-18 22:52:03,144 --> ReadExcel.py         [line:58] --> ERROR --> Traceback (most recent call last):
  File "E:\UIAutomation\common\ReadExcel.py", line 43, in excel_ruuner
    actions(excel, sheet_temp, data, path, values, driver)
  File "E:\UIAutomation\biz\PageAction.py", line 35, in actions
    getattr(driver, branch(values[1]))(**data)
  File "E:\UIAutomation\base\SeleniumWrapper.py", line 85, in input_element
    self.locator_element(name, value).send_keys(text)
  File "E:\UIAutomation\base\SeleniumWrapper.py", line 73, in locator_element
    element = self.driver.find_element(name, value)
  File "E:\ITWork\Python365\lib\site-packages\selenium\webdriver\remote\webdriver.py", line 978, in find_element
    'value': value})['value']
  File "E:\ITWork\Python365\lib\site-packages\selenium\webdriver\remote\webdriver.py", line 321, in execute
    self.error_handler.check_response(response)
  File "E:\ITWork\Python365\lib\site-packages\selenium\webdriver\remote\errorhandler.py", line 242, in check_response
    raise exception_class(message, screen, stacktrace)
selenium.common.exceptions.NoSuchElementException: Message: no such element: Unable to locate element: {"method":"css selector","selector":"[id="verify_code11"]"}
  (Session info: chrome=99.0.4844.74)


During handling of the above exception, another exception occurred:

Traceback (most recent call last):
  File "E:\UIAutomation\common\ReadExcel.py", line 46, in excel_ruuner
    error_loc(sheet_temp,values,driver)
  File "E:\UIAutomation\common\PictureDispose.py", line 25, in error_loc
    draw(errorImg,element)
  File "E:\UIAutomation\common\PictureDispose.py", line 41, in draw
    cv2.imwrite(path, image)
cv2.error: OpenCV(4.6.0) D:\a\opencv-python\opencv-python\opencv\modules\imgcodecs\src\loadsave.cpp:801: error: (-215:Assertion failed) !_img.empty() in function 'cv::imwrite'


2022-07-18 22:52:37,449 --> Main.py              [line:20] --> INFO --> 运行./case/testcase.xlsx测试用例
2022-07-18 22:52:37,484 --> ReadExcel.py         [line:20] --> INFO --> ---------------Sheet1---------------
2022-07-18 22:52:37,484 --> ReadExcel.py         [line:24] --> INFO --> 执行用例第1步骤：创建Chrome浏览器
2022-07-18 22:52:38,750 --> WebDriverWrapper.py  [line:59] --> INFO --> 启动浏览器 --> Chrome
2022-07-18 22:52:38,752 --> ReadExcel.py         [line:24] --> INFO --> 执行用例第2步骤：访问电商系统
2022-07-18 22:52:38,752 --> SeleniumWrapper.py   [line:62] --> INFO --> 访问[http://www.testingedu.com.cn:8000/Home/User/login.html]地址
2022-07-18 22:52:42,513 --> ReadExcel.py         [line:24] --> INFO --> 执行用例第3步骤：输入账号
2022-07-18 22:52:42,514 --> SeleniumWrapper.py   [line:68] --> INFO --> 以[name]方式定位[username]元素
2022-07-18 22:52:43,486 --> SeleniumWrapper.py   [line:86] --> INFO --> 以[name]方式定位[username]元素并输入[13800138006]文本
2022-07-18 22:52:43,486 --> ReadExcel.py         [line:24] --> INFO --> 执行用例第4步骤：输入密码
2022-07-18 22:52:43,486 --> SeleniumWrapper.py   [line:68] --> INFO --> 以[id]方式定位[password]元素
2022-07-18 22:52:44,413 --> SeleniumWrapper.py   [line:86] --> INFO --> 以[id]方式定位[password]元素并输入[0000]文本
2022-07-18 22:52:44,414 --> ReadExcel.py         [line:24] --> INFO --> 执行用例第5步骤：输入验证码
2022-07-18 22:52:44,414 --> SeleniumWrapper.py   [line:68] --> INFO --> 以[id]方式定位[verify_code11]元素
2022-07-18 22:52:54,970 --> SeleniumWrapper.py   [line:71] --> ERROR --> 找不到元素，以[id]方式定位[verify_code11]元素定位失败！
2022-07-18 22:53:05,000 --> SeleniumWrapper.py   [line:99] --> INFO --> 截图成功存放路径：[E:\UIAutomation\picture\_10506610.png]
2022-07-18 22:53:05,302 --> SeleniumWrapper.py   [line:68] --> INFO --> 以[id]方式定位[password]元素
2022-07-18 22:53:06,191 --> SeleniumWrapper.py   [line:68] --> INFO --> 以[id]方式定位[password]元素
2022-07-18 22:53:07,148 --> ReadExcel.py         [line:58] --> ERROR --> Traceback (most recent call last):
  File "E:\UIAutomation\common\ReadExcel.py", line 43, in excel_ruuner
    actions(excel, sheet_temp, data, path, values, driver)
  File "E:\UIAutomation\biz\PageAction.py", line 35, in actions
    getattr(driver, branch(values[1]))(**data)
  File "E:\UIAutomation\base\SeleniumWrapper.py", line 85, in input_element
    self.locator_element(name, value).send_keys(text)
  File "E:\UIAutomation\base\SeleniumWrapper.py", line 73, in locator_element
    element = self.driver.find_element(name, value)
  File "E:\ITWork\Python365\lib\site-packages\selenium\webdriver\remote\webdriver.py", line 978, in find_element
    'value': value})['value']
  File "E:\ITWork\Python365\lib\site-packages\selenium\webdriver\remote\webdriver.py", line 321, in execute
    self.error_handler.check_response(response)
  File "E:\ITWork\Python365\lib\site-packages\selenium\webdriver\remote\errorhandler.py", line 242, in check_response
    raise exception_class(message, screen, stacktrace)
selenium.common.exceptions.NoSuchElementException: Message: no such element: Unable to locate element: {"method":"css selector","selector":"[id="verify_code11"]"}
  (Session info: chrome=99.0.4844.74)


During handling of the above exception, another exception occurred:

Traceback (most recent call last):
  File "E:\UIAutomation\common\ReadExcel.py", line 46, in excel_ruuner
    error_loc(sheet_temp,values,driver)
  File "E:\UIAutomation\common\PictureDispose.py", line 25, in error_loc
    draw(errorImg,element)
  File "E:\UIAutomation\common\PictureDispose.py", line 41, in draw
    cv2.imwrite(path, image)
cv2.error: OpenCV(4.6.0) D:\a\opencv-python\opencv-python\opencv\modules\imgcodecs\src\loadsave.cpp:801: error: (-215:Assertion failed) !_img.empty() in function 'cv::imwrite'


2022-07-18 22:53:37,231 --> Main.py              [line:20] --> INFO --> 运行./case/testcase.xlsx测试用例
2022-07-18 22:53:37,269 --> ReadExcel.py         [line:20] --> INFO --> ---------------Sheet1---------------
2022-07-18 22:53:37,269 --> ReadExcel.py         [line:24] --> INFO --> 执行用例第1步骤：创建Chrome浏览器
2022-07-18 22:53:38,366 --> WebDriverWrapper.py  [line:59] --> INFO --> 启动浏览器 --> Chrome
2022-07-18 22:53:38,368 --> ReadExcel.py         [line:24] --> INFO --> 执行用例第2步骤：访问电商系统
2022-07-18 22:53:38,368 --> SeleniumWrapper.py   [line:62] --> INFO --> 访问[http://www.testingedu.com.cn:8000/Home/User/login.html]地址
2022-07-18 22:53:42,534 --> ReadExcel.py         [line:24] --> INFO --> 执行用例第3步骤：输入账号
2022-07-18 22:53:42,535 --> SeleniumWrapper.py   [line:68] --> INFO --> 以[name]方式定位[username]元素
2022-07-18 22:53:43,498 --> SeleniumWrapper.py   [line:86] --> INFO --> 以[name]方式定位[username]元素并输入[13800138006]文本
2022-07-18 22:53:43,498 --> ReadExcel.py         [line:24] --> INFO --> 执行用例第4步骤：输入密码
2022-07-18 22:53:43,498 --> SeleniumWrapper.py   [line:68] --> INFO --> 以[id]方式定位[password]元素
2022-07-18 22:53:44,418 --> SeleniumWrapper.py   [line:86] --> INFO --> 以[id]方式定位[password]元素并输入[0000]文本
2022-07-18 22:53:44,419 --> ReadExcel.py         [line:24] --> INFO --> 执行用例第5步骤：输入验证码
2022-07-18 22:53:44,419 --> SeleniumWrapper.py   [line:68] --> INFO --> 以[id]方式定位[verify_code11]元素
2022-07-18 22:53:54,949 --> SeleniumWrapper.py   [line:71] --> ERROR --> 找不到元素，以[id]方式定位[verify_code11]元素定位失败！
2022-07-18 22:54:05,004 --> SeleniumWrapper.py   [line:99] --> INFO --> 截图成功存放路径：[E:\UIAutomation\picture\67641036.png]
2022-07-18 22:54:05,418 --> SeleniumWrapper.py   [line:68] --> INFO --> 以[id]方式定位[password]元素
2022-07-18 22:54:06,303 --> SeleniumWrapper.py   [line:68] --> INFO --> 以[id]方式定位[password]元素
2022-07-18 22:54:07,303 --> ReadExcel.py         [line:58] --> ERROR --> Traceback (most recent call last):
  File "E:\UIAutomation\common\ReadExcel.py", line 43, in excel_ruuner
    actions(excel, sheet_temp, data, path, values, driver)
  File "E:\UIAutomation\biz\PageAction.py", line 35, in actions
    getattr(driver, branch(values[1]))(**data)
  File "E:\UIAutomation\base\SeleniumWrapper.py", line 85, in input_element
    self.locator_element(name, value).send_keys(text)
  File "E:\UIAutomation\base\SeleniumWrapper.py", line 73, in locator_element
    element = self.driver.find_element(name, value)
  File "E:\ITWork\Python365\lib\site-packages\selenium\webdriver\remote\webdriver.py", line 978, in find_element
    'value': value})['value']
  File "E:\ITWork\Python365\lib\site-packages\selenium\webdriver\remote\webdriver.py", line 321, in execute
    self.error_handler.check_response(response)
  File "E:\ITWork\Python365\lib\site-packages\selenium\webdriver\remote\errorhandler.py", line 242, in check_response
    raise exception_class(message, screen, stacktrace)
selenium.common.exceptions.NoSuchElementException: Message: no such element: Unable to locate element: {"method":"css selector","selector":"[id="verify_code11"]"}
  (Session info: chrome=99.0.4844.74)


During handling of the above exception, another exception occurred:

Traceback (most recent call last):
  File "E:\UIAutomation\common\ReadExcel.py", line 46, in excel_ruuner
    error_loc(sheet_temp,values,driver)
  File "E:\UIAutomation\common\PictureDispose.py", line 25, in error_loc
    draw(errorImg,element)
  File "E:\UIAutomation\common\PictureDispose.py", line 41, in draw
    cv2.imwrite(path, image)
cv2.error: OpenCV(4.6.0) D:\a\opencv-python\opencv-python\opencv\modules\imgcodecs\src\loadsave.cpp:801: error: (-215:Assertion failed) !_img.empty() in function 'cv::imwrite'


2022-07-18 22:54:26,250 --> Main.py              [line:20] --> INFO --> 运行./case/testcase.xlsx测试用例
2022-07-18 22:54:26,291 --> ReadExcel.py         [line:20] --> INFO --> ---------------Sheet1---------------
2022-07-18 22:54:26,291 --> ReadExcel.py         [line:24] --> INFO --> 执行用例第1步骤：创建Chrome浏览器
2022-07-18 22:54:27,470 --> WebDriverWrapper.py  [line:59] --> INFO --> 启动浏览器 --> Chrome
2022-07-18 22:54:27,472 --> ReadExcel.py         [line:24] --> INFO --> 执行用例第2步骤：访问电商系统
2022-07-18 22:54:27,472 --> SeleniumWrapper.py   [line:62] --> INFO --> 访问[http://www.testingedu.com.cn:8000/Home/User/login.html]地址
2022-07-18 22:54:31,570 --> ReadExcel.py         [line:24] --> INFO --> 执行用例第3步骤：输入账号
2022-07-18 22:54:31,570 --> SeleniumWrapper.py   [line:68] --> INFO --> 以[name]方式定位[username]元素
2022-07-18 22:54:32,611 --> SeleniumWrapper.py   [line:86] --> INFO --> 以[name]方式定位[username]元素并输入[13800138006]文本
2022-07-18 22:54:32,612 --> ReadExcel.py         [line:24] --> INFO --> 执行用例第4步骤：输入密码
2022-07-18 22:54:32,612 --> SeleniumWrapper.py   [line:68] --> INFO --> 以[id]方式定位[password]元素
2022-07-18 22:54:33,549 --> SeleniumWrapper.py   [line:86] --> INFO --> 以[id]方式定位[password]元素并输入[0000]文本
2022-07-18 22:54:33,549 --> ReadExcel.py         [line:24] --> INFO --> 执行用例第5步骤：输入验证码
2022-07-18 22:54:33,550 --> SeleniumWrapper.py   [line:68] --> INFO --> 以[id]方式定位[verify_code11]元素
2022-07-18 22:54:44,111 --> SeleniumWrapper.py   [line:71] --> ERROR --> 找不到元素，以[id]方式定位[verify_code11]元素定位失败！
2022-07-18 22:54:54,148 --> SeleniumWrapper.py   [line:99] --> INFO --> 截图成功存放路径：[E:\UIAutomation\picture\12345678.png]
2022-07-18 22:54:54,466 --> SeleniumWrapper.py   [line:68] --> INFO --> 以[id]方式定位[password]元素
2022-07-18 22:54:55,343 --> SeleniumWrapper.py   [line:68] --> INFO --> 以[id]方式定位[password]元素
2022-07-18 22:54:56,322 --> ReadExcel.py         [line:58] --> ERROR --> Traceback (most recent call last):
  File "E:\UIAutomation\common\ReadExcel.py", line 43, in excel_ruuner
    actions(excel, sheet_temp, data, path, values, driver)
  File "E:\UIAutomation\biz\PageAction.py", line 35, in actions
    getattr(driver, branch(values[1]))(**data)
  File "E:\UIAutomation\base\SeleniumWrapper.py", line 85, in input_element
    self.locator_element(name, value).send_keys(text)
  File "E:\UIAutomation\base\SeleniumWrapper.py", line 73, in locator_element
    element = self.driver.find_element(name, value)
  File "E:\ITWork\Python365\lib\site-packages\selenium\webdriver\remote\webdriver.py", line 978, in find_element
    'value': value})['value']
  File "E:\ITWork\Python365\lib\site-packages\selenium\webdriver\remote\webdriver.py", line 321, in execute
    self.error_handler.check_response(response)
  File "E:\ITWork\Python365\lib\site-packages\selenium\webdriver\remote\errorhandler.py", line 242, in check_response
    raise exception_class(message, screen, stacktrace)
selenium.common.exceptions.NoSuchElementException: Message: no such element: Unable to locate element: {"method":"css selector","selector":"[id="verify_code11"]"}
  (Session info: chrome=99.0.4844.74)


During handling of the above exception, another exception occurred:

Traceback (most recent call last):
  File "E:\UIAutomation\common\ReadExcel.py", line 46, in excel_ruuner
    error_loc(sheet_temp,values,driver)
  File "E:\UIAutomation\common\PictureDispose.py", line 25, in error_loc
    draw(errorImg,element)
  File "E:\UIAutomation\common\PictureDispose.py", line 41, in draw
    cv2.imwrite(path, image)
cv2.error: OpenCV(4.6.0) D:\a\opencv-python\opencv-python\opencv\modules\imgcodecs\src\loadsave.cpp:801: error: (-215:Assertion failed) !_img.empty() in function 'cv::imwrite'


2022-07-18 22:55:50,219 --> Main.py              [line:20] --> INFO --> 运行./case/testcase.xlsx测试用例
2022-07-18 22:55:50,254 --> ReadExcel.py         [line:20] --> INFO --> ---------------Sheet1---------------
2022-07-18 22:55:50,254 --> ReadExcel.py         [line:24] --> INFO --> 执行用例第1步骤：创建Chrome浏览器
2022-07-18 22:55:51,486 --> WebDriverWrapper.py  [line:59] --> INFO --> 启动浏览器 --> Chrome
2022-07-18 22:55:51,487 --> ReadExcel.py         [line:24] --> INFO --> 执行用例第2步骤：访问电商系统
2022-07-18 22:55:51,488 --> SeleniumWrapper.py   [line:62] --> INFO --> 访问[http://www.testingedu.com.cn:8000/Home/User/login.html]地址
2022-07-18 22:55:55,510 --> ReadExcel.py         [line:24] --> INFO --> 执行用例第3步骤：输入账号
2022-07-18 22:55:55,511 --> SeleniumWrapper.py   [line:68] --> INFO --> 以[name]方式定位[username]元素
2022-07-18 22:55:56,469 --> SeleniumWrapper.py   [line:86] --> INFO --> 以[name]方式定位[username]元素并输入[13800138006]文本
2022-07-18 22:55:56,470 --> ReadExcel.py         [line:24] --> INFO --> 执行用例第4步骤：输入密码
2022-07-18 22:55:56,470 --> SeleniumWrapper.py   [line:68] --> INFO --> 以[id]方式定位[password]元素
2022-07-18 22:55:57,424 --> SeleniumWrapper.py   [line:86] --> INFO --> 以[id]方式定位[password]元素并输入[0000]文本
2022-07-18 22:55:57,425 --> ReadExcel.py         [line:24] --> INFO --> 执行用例第5步骤：输入验证码
2022-07-18 22:55:57,425 --> SeleniumWrapper.py   [line:68] --> INFO --> 以[id]方式定位[verify_code11]元素
2022-07-18 22:56:07,995 --> SeleniumWrapper.py   [line:71] --> ERROR --> 找不到元素，以[id]方式定位[verify_code11]元素定位失败！
2022-07-18 22:56:18,041 --> SeleniumWrapper.py   [line:99] --> INFO --> 截图成功存放路径：[E:\UIAutomation\picture\1111.png]
2022-07-18 22:56:18,389 --> SeleniumWrapper.py   [line:68] --> INFO --> 以[id]方式定位[password]元素
2022-07-18 22:56:19,275 --> SeleniumWrapper.py   [line:68] --> INFO --> 以[id]方式定位[password]元素
2022-07-18 22:56:20,297 --> ReadExcel.py         [line:58] --> ERROR --> Traceback (most recent call last):
  File "E:\UIAutomation\common\ReadExcel.py", line 43, in excel_ruuner
    actions(excel, sheet_temp, data, path, values, driver)
  File "E:\UIAutomation\biz\PageAction.py", line 35, in actions
    getattr(driver, branch(values[1]))(**data)
  File "E:\UIAutomation\base\SeleniumWrapper.py", line 85, in input_element
    self.locator_element(name, value).send_keys(text)
  File "E:\UIAutomation\base\SeleniumWrapper.py", line 73, in locator_element
    element = self.driver.find_element(name, value)
  File "E:\ITWork\Python365\lib\site-packages\selenium\webdriver\remote\webdriver.py", line 978, in find_element
    'value': value})['value']
  File "E:\ITWork\Python365\lib\site-packages\selenium\webdriver\remote\webdriver.py", line 321, in execute
    self.error_handler.check_response(response)
  File "E:\ITWork\Python365\lib\site-packages\selenium\webdriver\remote\errorhandler.py", line 242, in check_response
    raise exception_class(message, screen, stacktrace)
selenium.common.exceptions.NoSuchElementException: Message: no such element: Unable to locate element: {"method":"css selector","selector":"[id="verify_code11"]"}
  (Session info: chrome=99.0.4844.74)


During handling of the above exception, another exception occurred:

Traceback (most recent call last):
  File "E:\UIAutomation\common\ReadExcel.py", line 46, in excel_ruuner
    error_loc(sheet_temp,values,driver)
  File "E:\UIAutomation\common\PictureDispose.py", line 25, in error_loc
    draw(errorImg,element)
  File "E:\UIAutomation\common\PictureDispose.py", line 41, in draw
    cv2.imwrite(path, image)
cv2.error: OpenCV(4.6.0) D:\a\opencv-python\opencv-python\opencv\modules\imgcodecs\src\loadsave.cpp:801: error: (-215:Assertion failed) !_img.empty() in function 'cv::imwrite'


2022-07-18 22:57:52,539 --> Main.py              [line:20] --> INFO --> 运行./case/testcase.xlsx测试用例
2022-07-18 22:57:52,572 --> ReadExcel.py         [line:20] --> INFO --> ---------------Sheet1---------------
2022-07-18 22:57:52,573 --> ReadExcel.py         [line:24] --> INFO --> 执行用例第1步骤：创建Chrome浏览器
2022-07-18 22:57:53,781 --> WebDriverWrapper.py  [line:59] --> INFO --> 启动浏览器 --> Chrome
2022-07-18 22:57:53,782 --> ReadExcel.py         [line:24] --> INFO --> 执行用例第2步骤：访问电商系统
2022-07-18 22:57:53,782 --> SeleniumWrapper.py   [line:62] --> INFO --> 访问[http://www.testingedu.com.cn:8000/Home/User/login.html]地址
2022-07-18 22:57:57,445 --> ReadExcel.py         [line:24] --> INFO --> 执行用例第3步骤：输入账号
2022-07-18 22:57:57,445 --> SeleniumWrapper.py   [line:68] --> INFO --> 以[name]方式定位[username]元素
2022-07-18 22:57:58,372 --> SeleniumWrapper.py   [line:86] --> INFO --> 以[name]方式定位[username]元素并输入[13800138006]文本
2022-07-18 22:57:58,372 --> ReadExcel.py         [line:24] --> INFO --> 执行用例第4步骤：输入密码
2022-07-18 22:57:58,373 --> SeleniumWrapper.py   [line:68] --> INFO --> 以[id]方式定位[password]元素
2022-07-18 22:57:59,295 --> SeleniumWrapper.py   [line:86] --> INFO --> 以[id]方式定位[password]元素并输入[0000]文本
2022-07-18 22:57:59,295 --> ReadExcel.py         [line:24] --> INFO --> 执行用例第5步骤：输入验证码
2022-07-18 22:57:59,296 --> SeleniumWrapper.py   [line:68] --> INFO --> 以[id]方式定位[verify_code11]元素
2022-07-18 22:58:09,843 --> SeleniumWrapper.py   [line:71] --> ERROR --> 找不到元素，以[id]方式定位[verify_code11]元素定位失败！
2022-07-18 22:58:19,879 --> SeleniumWrapper.py   [line:99] --> INFO --> 截图成功存放路径：[E:\UIAutomation\picture\1111.png]
2022-07-18 22:58:20,128 --> SeleniumWrapper.py   [line:68] --> INFO --> 以[id]方式定位[password]元素
2022-07-18 22:58:21,012 --> SeleniumWrapper.py   [line:68] --> INFO --> 以[id]方式定位[password]元素
2022-07-18 22:58:21,947 --> ReadExcel.py         [line:58] --> ERROR --> Traceback (most recent call last):
  File "E:\UIAutomation\common\ReadExcel.py", line 43, in excel_ruuner
    actions(excel, sheet_temp, data, path, values, driver)
  File "E:\UIAutomation\biz\PageAction.py", line 35, in actions
    getattr(driver, branch(values[1]))(**data)
  File "E:\UIAutomation\base\SeleniumWrapper.py", line 85, in input_element
    self.locator_element(name, value).send_keys(text)
  File "E:\UIAutomation\base\SeleniumWrapper.py", line 73, in locator_element
    element = self.driver.find_element(name, value)
  File "E:\ITWork\Python365\lib\site-packages\selenium\webdriver\remote\webdriver.py", line 978, in find_element
    'value': value})['value']
  File "E:\ITWork\Python365\lib\site-packages\selenium\webdriver\remote\webdriver.py", line 321, in execute
    self.error_handler.check_response(response)
  File "E:\ITWork\Python365\lib\site-packages\selenium\webdriver\remote\errorhandler.py", line 242, in check_response
    raise exception_class(message, screen, stacktrace)
selenium.common.exceptions.NoSuchElementException: Message: no such element: Unable to locate element: {"method":"css selector","selector":"[id="verify_code11"]"}
  (Session info: chrome=99.0.4844.74)


During handling of the above exception, another exception occurred:

Traceback (most recent call last):
  File "E:\UIAutomation\common\ReadExcel.py", line 46, in excel_ruuner
    error_loc(sheet_temp,values,driver)
  File "E:\UIAutomation\common\PictureDispose.py", line 25, in error_loc
    draw(errorImg,element)
  File "E:\UIAutomation\common\PictureDispose.py", line 43, in draw
    cv2.imwrite(path, image)
cv2.error: OpenCV(4.6.0) D:\a\opencv-python\opencv-python\opencv\modules\imgcodecs\src\loadsave.cpp:801: error: (-215:Assertion failed) !_img.empty() in function 'cv::imwrite'


2022-07-18 22:59:06,318 --> Main.py              [line:20] --> INFO --> 运行./case/testcase.xlsx测试用例
2022-07-18 22:59:06,352 --> ReadExcel.py         [line:20] --> INFO --> ---------------Sheet1---------------
2022-07-18 22:59:06,352 --> ReadExcel.py         [line:24] --> INFO --> 执行用例第1步骤：创建Chrome浏览器
2022-07-18 22:59:07,512 --> WebDriverWrapper.py  [line:59] --> INFO --> 启动浏览器 --> Chrome
2022-07-18 22:59:07,513 --> ReadExcel.py         [line:24] --> INFO --> 执行用例第2步骤：访问电商系统
2022-07-18 22:59:07,513 --> SeleniumWrapper.py   [line:62] --> INFO --> 访问[http://www.testingedu.com.cn:8000/Home/User/login.html]地址
2022-07-18 22:59:11,538 --> ReadExcel.py         [line:24] --> INFO --> 执行用例第3步骤：输入账号
2022-07-18 22:59:11,539 --> SeleniumWrapper.py   [line:68] --> INFO --> 以[name]方式定位[username]元素
2022-07-18 22:59:12,537 --> SeleniumWrapper.py   [line:86] --> INFO --> 以[name]方式定位[username]元素并输入[13800138006]文本
2022-07-18 22:59:12,538 --> ReadExcel.py         [line:24] --> INFO --> 执行用例第4步骤：输入密码
2022-07-18 22:59:12,538 --> SeleniumWrapper.py   [line:68] --> INFO --> 以[id]方式定位[password]元素
2022-07-18 22:59:13,472 --> SeleniumWrapper.py   [line:86] --> INFO --> 以[id]方式定位[password]元素并输入[0000]文本
2022-07-18 22:59:13,473 --> ReadExcel.py         [line:24] --> INFO --> 执行用例第5步骤：输入验证码
2022-07-18 22:59:13,473 --> SeleniumWrapper.py   [line:68] --> INFO --> 以[id]方式定位[verify_code11]元素
2022-07-18 22:59:24,012 --> SeleniumWrapper.py   [line:71] --> ERROR --> 找不到元素，以[id]方式定位[verify_code11]元素定位失败！
2022-07-18 22:59:34,066 --> SeleniumWrapper.py   [line:99] --> INFO --> 截图成功存放路径：[E:\UIAutomation\picture\输入验证码_18587317.png]
2022-07-18 22:59:34,374 --> SeleniumWrapper.py   [line:68] --> INFO --> 以[id]方式定位[password]元素
2022-07-18 22:59:35,275 --> SeleniumWrapper.py   [line:68] --> INFO --> 以[id]方式定位[password]元素
2022-07-18 22:59:36,227 --> ReadExcel.py         [line:58] --> ERROR --> Traceback (most recent call last):
  File "E:\UIAutomation\common\ReadExcel.py", line 43, in excel_ruuner
    actions(excel, sheet_temp, data, path, values, driver)
  File "E:\UIAutomation\biz\PageAction.py", line 35, in actions
    getattr(driver, branch(values[1]))(**data)
  File "E:\UIAutomation\base\SeleniumWrapper.py", line 85, in input_element
    self.locator_element(name, value).send_keys(text)
  File "E:\UIAutomation\base\SeleniumWrapper.py", line 73, in locator_element
    element = self.driver.find_element(name, value)
  File "E:\ITWork\Python365\lib\site-packages\selenium\webdriver\remote\webdriver.py", line 978, in find_element
    'value': value})['value']
  File "E:\ITWork\Python365\lib\site-packages\selenium\webdriver\remote\webdriver.py", line 321, in execute
    self.error_handler.check_response(response)
  File "E:\ITWork\Python365\lib\site-packages\selenium\webdriver\remote\errorhandler.py", line 242, in check_response
    raise exception_class(message, screen, stacktrace)
selenium.common.exceptions.NoSuchElementException: Message: no such element: Unable to locate element: {"method":"css selector","selector":"[id="verify_code11"]"}
  (Session info: chrome=99.0.4844.74)


During handling of the above exception, another exception occurred:

Traceback (most recent call last):
  File "E:\UIAutomation\common\ReadExcel.py", line 46, in excel_ruuner
    error_loc(sheet_temp,values,driver)
  File "E:\UIAutomation\common\PictureDispose.py", line 25, in error_loc
    draw(current_path+errorImg,element)
  File "E:\UIAutomation\common\PictureDispose.py", line 41, in draw
    cv2.imwrite(path, image)
cv2.error: OpenCV(4.6.0) D:\a\opencv-python\opencv-python\opencv\modules\imgcodecs\src\loadsave.cpp:801: error: (-215:Assertion failed) !_img.empty() in function 'cv::imwrite'


2022-07-18 23:00:03,036 --> Main.py              [line:20] --> INFO --> 运行./case/testcase.xlsx测试用例
2022-07-18 23:00:03,069 --> ReadExcel.py         [line:20] --> INFO --> ---------------Sheet1---------------
2022-07-18 23:00:03,069 --> ReadExcel.py         [line:24] --> INFO --> 执行用例第1步骤：创建Chrome浏览器
2022-07-18 23:00:04,294 --> WebDriverWrapper.py  [line:59] --> INFO --> 启动浏览器 --> Chrome
2022-07-18 23:00:04,294 --> ReadExcel.py         [line:24] --> INFO --> 执行用例第2步骤：访问电商系统
2022-07-18 23:00:04,294 --> SeleniumWrapper.py   [line:62] --> INFO --> 访问[http://www.testingedu.com.cn:8000/Home/User/login.html]地址
2022-07-18 23:00:07,446 --> ReadExcel.py         [line:24] --> INFO --> 执行用例第3步骤：输入账号
2022-07-18 23:00:07,446 --> SeleniumWrapper.py   [line:68] --> INFO --> 以[name]方式定位[username]元素
2022-07-18 23:00:08,422 --> SeleniumWrapper.py   [line:86] --> INFO --> 以[name]方式定位[username]元素并输入[13800138006]文本
2022-07-18 23:00:08,422 --> ReadExcel.py         [line:24] --> INFO --> 执行用例第4步骤：输入密码
2022-07-18 23:00:08,422 --> SeleniumWrapper.py   [line:68] --> INFO --> 以[id]方式定位[password]元素
2022-07-18 23:00:09,355 --> SeleniumWrapper.py   [line:86] --> INFO --> 以[id]方式定位[password]元素并输入[0000]文本
2022-07-18 23:00:09,356 --> ReadExcel.py         [line:24] --> INFO --> 执行用例第5步骤：输入验证码
2022-07-18 23:00:09,356 --> SeleniumWrapper.py   [line:68] --> INFO --> 以[id]方式定位[verify_code11]元素
2022-07-18 23:00:19,901 --> SeleniumWrapper.py   [line:71] --> ERROR --> 找不到元素，以[id]方式定位[verify_code11]元素定位失败！
2022-07-18 23:00:29,908 --> SeleniumWrapper.py   [line:99] --> INFO --> 截图成功存放路径：[E:\UIAutomation\picture\输入验证码_35758671.png]
2022-07-18 23:00:30,196 --> SeleniumWrapper.py   [line:68] --> INFO --> 以[id]方式定位[password]元素
2022-07-18 23:00:31,071 --> SeleniumWrapper.py   [line:68] --> INFO --> 以[id]方式定位[password]元素
2022-07-18 23:00:32,030 --> ReadExcel.py         [line:58] --> ERROR --> Traceback (most recent call last):
  File "E:\UIAutomation\common\ReadExcel.py", line 43, in excel_ruuner
    actions(excel, sheet_temp, data, path, values, driver)
  File "E:\UIAutomation\biz\PageAction.py", line 35, in actions
    getattr(driver, branch(values[1]))(**data)
  File "E:\UIAutomation\base\SeleniumWrapper.py", line 85, in input_element
    self.locator_element(name, value).send_keys(text)
  File "E:\UIAutomation\base\SeleniumWrapper.py", line 73, in locator_element
    element = self.driver.find_element(name, value)
  File "E:\ITWork\Python365\lib\site-packages\selenium\webdriver\remote\webdriver.py", line 978, in find_element
    'value': value})['value']
  File "E:\ITWork\Python365\lib\site-packages\selenium\webdriver\remote\webdriver.py", line 321, in execute
    self.error_handler.check_response(response)
  File "E:\ITWork\Python365\lib\site-packages\selenium\webdriver\remote\errorhandler.py", line 242, in check_response
    raise exception_class(message, screen, stacktrace)
selenium.common.exceptions.NoSuchElementException: Message: no such element: Unable to locate element: {"method":"css selector","selector":"[id="verify_code11"]"}
  (Session info: chrome=99.0.4844.74)


During handling of the above exception, another exception occurred:

Traceback (most recent call last):
  File "E:\UIAutomation\common\ReadExcel.py", line 46, in excel_ruuner
    error_loc(sheet_temp,values,driver)
  File "E:\UIAutomation\common\PictureDispose.py", line 25, in error_loc
    draw(current_path+errorImg,element)
  File "E:\UIAutomation\common\PictureDispose.py", line 43, in draw
    cv2.imwrite(path, image)
cv2.error: OpenCV(4.6.0) D:\a\opencv-python\opencv-python\opencv\modules\imgcodecs\src\loadsave.cpp:801: error: (-215:Assertion failed) !_img.empty() in function 'cv::imwrite'


2022-07-18 23:01:23,471 --> Main.py              [line:20] --> INFO --> 运行./case/testcase.xlsx测试用例
2022-07-18 23:01:23,506 --> ReadExcel.py         [line:20] --> INFO --> ---------------Sheet1---------------
2022-07-18 23:01:23,507 --> ReadExcel.py         [line:24] --> INFO --> 执行用例第1步骤：创建Chrome浏览器
2022-07-18 23:01:24,710 --> WebDriverWrapper.py  [line:59] --> INFO --> 启动浏览器 --> Chrome
2022-07-18 23:01:24,712 --> ReadExcel.py         [line:24] --> INFO --> 执行用例第2步骤：访问电商系统
2022-07-18 23:01:24,712 --> SeleniumWrapper.py   [line:62] --> INFO --> 访问[http://www.testingedu.com.cn:8000/Home/User/login.html]地址
2022-07-18 23:01:28,496 --> ReadExcel.py         [line:24] --> INFO --> 执行用例第3步骤：输入账号
2022-07-18 23:01:28,496 --> SeleniumWrapper.py   [line:68] --> INFO --> 以[name]方式定位[username]元素
2022-07-18 23:01:29,476 --> SeleniumWrapper.py   [line:86] --> INFO --> 以[name]方式定位[username]元素并输入[13800138006]文本
2022-07-18 23:01:29,476 --> ReadExcel.py         [line:24] --> INFO --> 执行用例第4步骤：输入密码
2022-07-18 23:01:29,476 --> SeleniumWrapper.py   [line:68] --> INFO --> 以[id]方式定位[password]元素
2022-07-18 23:01:30,423 --> SeleniumWrapper.py   [line:86] --> INFO --> 以[id]方式定位[password]元素并输入[0000]文本
2022-07-18 23:01:30,424 --> ReadExcel.py         [line:24] --> INFO --> 执行用例第5步骤：输入验证码
2022-07-18 23:01:30,424 --> SeleniumWrapper.py   [line:68] --> INFO --> 以[id]方式定位[verify_code11]元素
2022-07-18 23:01:40,957 --> SeleniumWrapper.py   [line:71] --> ERROR --> 找不到元素，以[id]方式定位[verify_code11]元素定位失败！
2022-07-18 23:01:50,997 --> SeleniumWrapper.py   [line:99] --> INFO --> 截图成功存放路径：[E:\UIAutomation\picture\输入验证码_49648577.png]
2022-07-18 23:01:51,302 --> SeleniumWrapper.py   [line:68] --> INFO --> 以[id]方式定位[password]元素
2022-07-18 23:01:52,181 --> SeleniumWrapper.py   [line:68] --> INFO --> 以[id]方式定位[password]元素
2022-07-18 23:01:53,197 --> ReadExcel.py         [line:58] --> ERROR --> Traceback (most recent call last):
  File "E:\UIAutomation\common\ReadExcel.py", line 43, in excel_ruuner
    actions(excel, sheet_temp, data, path, values, driver)
  File "E:\UIAutomation\biz\PageAction.py", line 35, in actions
    getattr(driver, branch(values[1]))(**data)
  File "E:\UIAutomation\base\SeleniumWrapper.py", line 85, in input_element
    self.locator_element(name, value).send_keys(text)
  File "E:\UIAutomation\base\SeleniumWrapper.py", line 73, in locator_element
    element = self.driver.find_element(name, value)
  File "E:\ITWork\Python365\lib\site-packages\selenium\webdriver\remote\webdriver.py", line 978, in find_element
    'value': value})['value']
  File "E:\ITWork\Python365\lib\site-packages\selenium\webdriver\remote\webdriver.py", line 321, in execute
    self.error_handler.check_response(response)
  File "E:\ITWork\Python365\lib\site-packages\selenium\webdriver\remote\errorhandler.py", line 242, in check_response
    raise exception_class(message, screen, stacktrace)
selenium.common.exceptions.NoSuchElementException: Message: no such element: Unable to locate element: {"method":"css selector","selector":"[id="verify_code11"]"}
  (Session info: chrome=99.0.4844.74)


During handling of the above exception, another exception occurred:

Traceback (most recent call last):
  File "E:\UIAutomation\common\ReadExcel.py", line 46, in excel_ruuner
    error_loc(sheet_temp,values,driver)
  File "E:\UIAutomation\common\PictureDispose.py", line 25, in error_loc
    draw(current_path+errorImg,element)
  File "E:\UIAutomation\common\PictureDispose.py", line 43, in draw
    cv2.imwrite(path, image)
cv2.error: OpenCV(4.6.0) D:\a\opencv-python\opencv-python\opencv\modules\imgcodecs\src\loadsave.cpp:801: error: (-215:Assertion failed) !_img.empty() in function 'cv::imwrite'


2022-07-18 23:03:46,366 --> SeleniumWrapper.py   [line:62] --> INFO --> 访问[http://www.testingedu.com.cn:8000/Home/User/login.html]地址
2022-07-18 23:03:47,561 --> WebDriverWrapper.py  [line:59] --> INFO --> 启动浏览器 --> Chrome
2022-07-18 23:03:51,515 --> SeleniumWrapper.py   [line:68] --> INFO --> 以[xpath]方式定位[//*[@id="password"]]元素
2022-07-18 23:06:03,087 --> Main.py              [line:20] --> INFO --> 运行./case/testcase.xlsx测试用例
2022-07-18 23:06:03,142 --> ReadExcel.py         [line:20] --> INFO --> ---------------Sheet1---------------
2022-07-18 23:06:03,142 --> ReadExcel.py         [line:24] --> INFO --> 执行用例第1步骤：创建Chrome浏览器
2022-07-18 23:06:04,478 --> WebDriverWrapper.py  [line:59] --> INFO --> 启动浏览器 --> Chrome
2022-07-18 23:06:04,481 --> ReadExcel.py         [line:24] --> INFO --> 执行用例第2步骤：访问电商系统
2022-07-18 23:06:04,481 --> SeleniumWrapper.py   [line:62] --> INFO --> 访问[http://www.testingedu.com.cn:8000/Home/User/login.html]地址
2022-07-18 23:06:08,484 --> ReadExcel.py         [line:24] --> INFO --> 执行用例第3步骤：输入账号
2022-07-18 23:06:08,484 --> SeleniumWrapper.py   [line:68] --> INFO --> 以[name]方式定位[username]元素
2022-07-18 23:06:09,465 --> SeleniumWrapper.py   [line:86] --> INFO --> 以[name]方式定位[username]元素并输入[13800138006]文本
2022-07-18 23:06:09,466 --> ReadExcel.py         [line:24] --> INFO --> 执行用例第4步骤：输入密码
2022-07-18 23:06:09,466 --> SeleniumWrapper.py   [line:68] --> INFO --> 以[id]方式定位[password]元素
2022-07-18 23:06:10,394 --> SeleniumWrapper.py   [line:86] --> INFO --> 以[id]方式定位[password]元素并输入[0000]文本
2022-07-18 23:06:10,395 --> ReadExcel.py         [line:24] --> INFO --> 执行用例第5步骤：输入验证码
2022-07-18 23:06:10,395 --> SeleniumWrapper.py   [line:68] --> INFO --> 以[id]方式定位[verify_code11]元素
2022-07-18 23:06:20,948 --> SeleniumWrapper.py   [line:71] --> ERROR --> 找不到元素，以[id]方式定位[verify_code11]元素定位失败！
2022-07-18 23:06:30,961 --> SeleniumWrapper.py   [line:99] --> INFO --> 截图成功存放路径：[./picture/error_输入验证码_33876725.png]
2022-07-18 23:06:31,247 --> SeleniumWrapper.py   [line:68] --> INFO --> 以[id]方式定位[password]元素
2022-07-18 23:06:32,145 --> SeleniumWrapper.py   [line:68] --> INFO --> 以[id]方式定位[password]元素
2022-07-18 23:06:33,153 --> ReadExcel.py         [line:58] --> ERROR --> Traceback (most recent call last):
  File "E:\UIAutomation\common\ReadExcel.py", line 43, in excel_ruuner
    actions(excel, sheet_temp, data, path, values, driver)
  File "E:\UIAutomation\biz\PageAction.py", line 35, in actions
    getattr(driver, branch(values[1]))(**data)
  File "E:\UIAutomation\base\SeleniumWrapper.py", line 85, in input_element
    self.locator_element(name, value).send_keys(text)
  File "E:\UIAutomation\base\SeleniumWrapper.py", line 73, in locator_element
    element = self.driver.find_element(name, value)
  File "E:\ITWork\Python365\lib\site-packages\selenium\webdriver\remote\webdriver.py", line 978, in find_element
    'value': value})['value']
  File "E:\ITWork\Python365\lib\site-packages\selenium\webdriver\remote\webdriver.py", line 321, in execute
    self.error_handler.check_response(response)
  File "E:\ITWork\Python365\lib\site-packages\selenium\webdriver\remote\errorhandler.py", line 242, in check_response
    raise exception_class(message, screen, stacktrace)
selenium.common.exceptions.NoSuchElementException: Message: no such element: Unable to locate element: {"method":"css selector","selector":"[id="verify_code11"]"}
  (Session info: chrome=99.0.4844.74)


During handling of the above exception, another exception occurred:

Traceback (most recent call last):
  File "E:\UIAutomation\common\ReadExcel.py", line 46, in excel_ruuner
    error_loc(sheet_temp,values,driver)
  File "E:\UIAutomation\common\PictureDispose.py", line 25, in error_loc
    draw(errorImg,element)
  File "E:\UIAutomation\common\PictureDispose.py", line 43, in draw
    cv2.imwrite(path, image)
cv2.error: OpenCV(4.6.0) D:\a\opencv-python\opencv-python\opencv\modules\imgcodecs\src\loadsave.cpp:801: error: (-215:Assertion failed) !_img.empty() in function 'cv::imwrite'


2022-07-18 23:07:34,055 --> Main.py              [line:20] --> INFO --> 运行./case/testcase.xlsx测试用例
2022-07-18 23:07:34,091 --> ReadExcel.py         [line:20] --> INFO --> ---------------Sheet1---------------
2022-07-18 23:07:34,091 --> ReadExcel.py         [line:24] --> INFO --> 执行用例第1步骤：创建Chrome浏览器
2022-07-18 23:07:35,294 --> WebDriverWrapper.py  [line:59] --> INFO --> 启动浏览器 --> Chrome
2022-07-18 23:07:35,295 --> ReadExcel.py         [line:24] --> INFO --> 执行用例第2步骤：访问电商系统
2022-07-18 23:07:35,295 --> SeleniumWrapper.py   [line:62] --> INFO --> 访问[http://www.testingedu.com.cn:8000/Home/User/login.html]地址
2022-07-18 23:07:38,495 --> ReadExcel.py         [line:24] --> INFO --> 执行用例第3步骤：输入账号
2022-07-18 23:07:38,496 --> SeleniumWrapper.py   [line:68] --> INFO --> 以[name]方式定位[username]元素
2022-07-18 23:07:39,462 --> SeleniumWrapper.py   [line:86] --> INFO --> 以[name]方式定位[username]元素并输入[13800138006]文本
2022-07-18 23:07:39,462 --> ReadExcel.py         [line:24] --> INFO --> 执行用例第4步骤：输入密码
2022-07-18 23:07:39,463 --> SeleniumWrapper.py   [line:68] --> INFO --> 以[id]方式定位[password]元素
2022-07-18 23:07:40,389 --> SeleniumWrapper.py   [line:86] --> INFO --> 以[id]方式定位[password]元素并输入[0000]文本
2022-07-18 23:07:40,390 --> ReadExcel.py         [line:24] --> INFO --> 执行用例第5步骤：输入验证码
2022-07-18 23:07:40,390 --> SeleniumWrapper.py   [line:68] --> INFO --> 以[id]方式定位[verify_code11]元素
2022-07-18 23:07:50,929 --> SeleniumWrapper.py   [line:71] --> ERROR --> 找不到元素，以[id]方式定位[verify_code11]元素定位失败！
2022-07-18 23:08:01,017 --> SeleniumWrapper.py   [line:99] --> INFO --> 截图成功存放路径：[./picture/error_输入验证码_50311369.png]
2022-07-18 23:08:01,346 --> SeleniumWrapper.py   [line:68] --> INFO --> 以[id]方式定位[password]元素
2022-07-18 23:08:02,229 --> SeleniumWrapper.py   [line:68] --> INFO --> 以[id]方式定位[password]元素
2022-07-18 23:08:03,192 --> ReadExcel.py         [line:58] --> ERROR --> Traceback (most recent call last):
  File "E:\UIAutomation\common\ReadExcel.py", line 43, in excel_ruuner
    actions(excel, sheet_temp, data, path, values, driver)
  File "E:\UIAutomation\biz\PageAction.py", line 35, in actions
    getattr(driver, branch(values[1]))(**data)
  File "E:\UIAutomation\base\SeleniumWrapper.py", line 85, in input_element
    self.locator_element(name, value).send_keys(text)
  File "E:\UIAutomation\base\SeleniumWrapper.py", line 73, in locator_element
    element = self.driver.find_element(name, value)
  File "E:\ITWork\Python365\lib\site-packages\selenium\webdriver\remote\webdriver.py", line 978, in find_element
    'value': value})['value']
  File "E:\ITWork\Python365\lib\site-packages\selenium\webdriver\remote\webdriver.py", line 321, in execute
    self.error_handler.check_response(response)
  File "E:\ITWork\Python365\lib\site-packages\selenium\webdriver\remote\errorhandler.py", line 242, in check_response
    raise exception_class(message, screen, stacktrace)
selenium.common.exceptions.NoSuchElementException: Message: no such element: Unable to locate element: {"method":"css selector","selector":"[id="verify_code11"]"}
  (Session info: chrome=99.0.4844.74)


During handling of the above exception, another exception occurred:

Traceback (most recent call last):
  File "E:\UIAutomation\common\ReadExcel.py", line 46, in excel_ruuner
    error_loc(sheet_temp,values,driver)
  File "E:\UIAutomation\common\PictureDispose.py", line 25, in error_loc
    draw(errorImg,element)
  File "E:\UIAutomation\common\PictureDispose.py", line 43, in draw
    return cv2.imwrite(path, image)
cv2.error: OpenCV(4.6.0) D:\a\opencv-python\opencv-python\opencv\modules\imgcodecs\src\loadsave.cpp:801: error: (-215:Assertion failed) !_img.empty() in function 'cv::imwrite'


2022-07-18 23:08:45,251 --> Main.py              [line:20] --> INFO --> 运行./case/testcase.xlsx测试用例
2022-07-18 23:08:45,283 --> ReadExcel.py         [line:20] --> INFO --> ---------------Sheet1---------------
2022-07-18 23:08:45,283 --> ReadExcel.py         [line:24] --> INFO --> 执行用例第1步骤：创建Chrome浏览器
2022-07-18 23:08:46,483 --> WebDriverWrapper.py  [line:59] --> INFO --> 启动浏览器 --> Chrome
2022-07-18 23:08:46,485 --> ReadExcel.py         [line:24] --> INFO --> 执行用例第2步骤：访问电商系统
2022-07-18 23:08:46,485 --> SeleniumWrapper.py   [line:62] --> INFO --> 访问[http://www.testingedu.com.cn:8000/Home/User/login.html]地址
2022-07-18 23:08:50,530 --> ReadExcel.py         [line:24] --> INFO --> 执行用例第3步骤：输入账号
2022-07-18 23:08:50,530 --> SeleniumWrapper.py   [line:68] --> INFO --> 以[name]方式定位[username]元素
2022-07-18 23:08:51,508 --> SeleniumWrapper.py   [line:86] --> INFO --> 以[name]方式定位[username]元素并输入[13800138006]文本
2022-07-18 23:08:51,509 --> ReadExcel.py         [line:24] --> INFO --> 执行用例第4步骤：输入密码
2022-07-18 23:08:51,509 --> SeleniumWrapper.py   [line:68] --> INFO --> 以[id]方式定位[password]元素
2022-07-18 23:08:52,433 --> SeleniumWrapper.py   [line:86] --> INFO --> 以[id]方式定位[password]元素并输入[0000]文本
2022-07-18 23:08:52,434 --> ReadExcel.py         [line:24] --> INFO --> 执行用例第5步骤：输入验证码
2022-07-18 23:08:52,434 --> SeleniumWrapper.py   [line:68] --> INFO --> 以[id]方式定位[verify_code11]元素
2022-07-18 23:09:03,005 --> SeleniumWrapper.py   [line:71] --> ERROR --> 找不到元素，以[id]方式定位[verify_code11]元素定位失败！
2022-07-18 23:09:13,045 --> SeleniumWrapper.py   [line:99] --> INFO --> 截图成功存放路径：[./picture/error_1.png]
2022-07-18 23:09:13,323 --> SeleniumWrapper.py   [line:68] --> INFO --> 以[id]方式定位[password]元素
2022-07-18 23:09:14,214 --> SeleniumWrapper.py   [line:68] --> INFO --> 以[id]方式定位[password]元素
2022-07-18 23:09:52,546 --> Main.py              [line:20] --> INFO --> 运行./case/testcase.xlsx测试用例
2022-07-18 23:09:52,579 --> ReadExcel.py         [line:20] --> INFO --> ---------------Sheet1---------------
2022-07-18 23:09:52,580 --> ReadExcel.py         [line:24] --> INFO --> 执行用例第1步骤：创建Chrome浏览器
2022-07-18 23:09:53,791 --> WebDriverWrapper.py  [line:59] --> INFO --> 启动浏览器 --> Chrome
2022-07-18 23:09:53,793 --> ReadExcel.py         [line:24] --> INFO --> 执行用例第2步骤：访问电商系统
2022-07-18 23:09:53,793 --> SeleniumWrapper.py   [line:62] --> INFO --> 访问[http://www.testingedu.com.cn:8000/Home/User/login.html]地址
2022-07-18 23:09:57,517 --> ReadExcel.py         [line:24] --> INFO --> 执行用例第3步骤：输入账号
2022-07-18 23:09:57,518 --> SeleniumWrapper.py   [line:68] --> INFO --> 以[name]方式定位[username]元素
2022-07-18 23:09:58,523 --> SeleniumWrapper.py   [line:86] --> INFO --> 以[name]方式定位[username]元素并输入[13800138006]文本
2022-07-18 23:09:58,524 --> ReadExcel.py         [line:24] --> INFO --> 执行用例第4步骤：输入密码
2022-07-18 23:09:58,524 --> SeleniumWrapper.py   [line:68] --> INFO --> 以[id]方式定位[password]元素
2022-07-18 23:09:59,445 --> SeleniumWrapper.py   [line:86] --> INFO --> 以[id]方式定位[password]元素并输入[0000]文本
2022-07-18 23:09:59,445 --> ReadExcel.py         [line:24] --> INFO --> 执行用例第5步骤：输入验证码
2022-07-18 23:09:59,445 --> SeleniumWrapper.py   [line:68] --> INFO --> 以[id]方式定位[verify_code11]元素
2022-07-18 23:10:10,031 --> SeleniumWrapper.py   [line:71] --> ERROR --> 找不到元素，以[id]方式定位[verify_code11]元素定位失败！
2022-07-18 23:10:20,116 --> SeleniumWrapper.py   [line:99] --> INFO --> 截图成功存放路径：[60576568.png]
2022-07-18 23:10:20,468 --> SeleniumWrapper.py   [line:68] --> INFO --> 以[id]方式定位[password]元素
2022-07-18 23:10:21,341 --> SeleniumWrapper.py   [line:68] --> INFO --> 以[id]方式定位[password]元素
2022-07-18 23:10:22,373 --> ReadExcel.py         [line:58] --> ERROR --> Traceback (most recent call last):
  File "E:\UIAutomation\common\ReadExcel.py", line 43, in excel_ruuner
    actions(excel, sheet_temp, data, path, values, driver)
  File "E:\UIAutomation\biz\PageAction.py", line 35, in actions
    getattr(driver, branch(values[1]))(**data)
  File "E:\UIAutomation\base\SeleniumWrapper.py", line 85, in input_element
    self.locator_element(name, value).send_keys(text)
  File "E:\UIAutomation\base\SeleniumWrapper.py", line 73, in locator_element
    element = self.driver.find_element(name, value)
  File "E:\ITWork\Python365\lib\site-packages\selenium\webdriver\remote\webdriver.py", line 978, in find_element
    'value': value})['value']
  File "E:\ITWork\Python365\lib\site-packages\selenium\webdriver\remote\webdriver.py", line 321, in execute
    self.error_handler.check_response(response)
  File "E:\ITWork\Python365\lib\site-packages\selenium\webdriver\remote\errorhandler.py", line 242, in check_response
    raise exception_class(message, screen, stacktrace)
selenium.common.exceptions.NoSuchElementException: Message: no such element: Unable to locate element: {"method":"css selector","selector":"[id="verify_code11"]"}
  (Session info: chrome=99.0.4844.74)


During handling of the above exception, another exception occurred:

Traceback (most recent call last):
  File "E:\UIAutomation\common\ReadExcel.py", line 46, in excel_ruuner
    error_loc(sheet_temp,values,driver)
  File "E:\UIAutomation\common\PictureDispose.py", line 26, in error_loc
    hyperlink_(sheet.cell, values[0] + 1, 8, errorImg, 'FF0000')
  File "E:\UIAutomation\common\ExcelConf.py", line 42, in hyperlink_
    name = str(path)[str(path).rindex('/') + 1:]
ValueError: substring not found

2022-07-18 23:10:55,835 --> Main.py              [line:20] --> INFO --> 运行./case/testcase.xlsx测试用例
2022-07-18 23:10:55,872 --> ReadExcel.py         [line:20] --> INFO --> ---------------Sheet1---------------
2022-07-18 23:10:55,872 --> ReadExcel.py         [line:24] --> INFO --> 执行用例第1步骤：创建Chrome浏览器
2022-07-18 23:10:57,073 --> WebDriverWrapper.py  [line:59] --> INFO --> 启动浏览器 --> Chrome
2022-07-18 23:10:57,075 --> ReadExcel.py         [line:24] --> INFO --> 执行用例第2步骤：访问电商系统
2022-07-18 23:10:57,075 --> SeleniumWrapper.py   [line:62] --> INFO --> 访问[http://www.testingedu.com.cn:8000/Home/User/login.html]地址
2022-07-18 23:11:00,483 --> ReadExcel.py         [line:24] --> INFO --> 执行用例第3步骤：输入账号
2022-07-18 23:11:00,484 --> SeleniumWrapper.py   [line:68] --> INFO --> 以[name]方式定位[username]元素
2022-07-18 23:11:01,473 --> SeleniumWrapper.py   [line:86] --> INFO --> 以[name]方式定位[username]元素并输入[13800138006]文本
2022-07-18 23:11:01,474 --> ReadExcel.py         [line:24] --> INFO --> 执行用例第4步骤：输入密码
2022-07-18 23:11:01,474 --> SeleniumWrapper.py   [line:68] --> INFO --> 以[id]方式定位[password]元素
2022-07-18 23:11:02,383 --> SeleniumWrapper.py   [line:86] --> INFO --> 以[id]方式定位[password]元素并输入[0000]文本
2022-07-18 23:11:02,384 --> ReadExcel.py         [line:24] --> INFO --> 执行用例第5步骤：输入验证码
2022-07-18 23:11:02,384 --> SeleniumWrapper.py   [line:68] --> INFO --> 以[id]方式定位[verify_code11]元素
2022-07-18 23:11:14,467 --> connectionpool.py    [line:811] --> WARNING --> Retrying (Retry(total=2, connect=None, read=None, redirect=None, status=None)) after connection broken by 'NewConnectionError('<urllib3.connection.HTTPConnection object at 0x000001B7B810B9E8>: Failed to establish a new connection: [WinError 10061] 由于目标计算机积极拒绝，无法连接。',)': /session/ba1a30cadc5a8b58f9e876414c63ec74/element
2022-07-18 23:11:25,066 --> Main.py              [line:20] --> INFO --> 运行./case/testcase.xlsx测试用例
2022-07-18 23:11:25,100 --> ReadExcel.py         [line:20] --> INFO --> ---------------Sheet1---------------
2022-07-18 23:11:25,100 --> ReadExcel.py         [line:24] --> INFO --> 执行用例第1步骤：创建Chrome浏览器
2022-07-18 23:11:26,283 --> WebDriverWrapper.py  [line:59] --> INFO --> 启动浏览器 --> Chrome
2022-07-18 23:11:26,285 --> ReadExcel.py         [line:24] --> INFO --> 执行用例第2步骤：访问电商系统
2022-07-18 23:11:26,286 --> SeleniumWrapper.py   [line:62] --> INFO --> 访问[http://www.testingedu.com.cn:8000/Home/User/login.html]地址
2022-07-18 23:11:29,550 --> ReadExcel.py         [line:24] --> INFO --> 执行用例第3步骤：输入账号
2022-07-18 23:11:29,550 --> SeleniumWrapper.py   [line:68] --> INFO --> 以[name]方式定位[username]元素
2022-07-18 23:11:30,536 --> SeleniumWrapper.py   [line:86] --> INFO --> 以[name]方式定位[username]元素并输入[13800138006]文本
2022-07-18 23:11:30,537 --> ReadExcel.py         [line:24] --> INFO --> 执行用例第4步骤：输入密码
2022-07-18 23:11:30,537 --> SeleniumWrapper.py   [line:68] --> INFO --> 以[id]方式定位[password]元素
2022-07-18 23:11:31,471 --> SeleniumWrapper.py   [line:86] --> INFO --> 以[id]方式定位[password]元素并输入[0000]文本
2022-07-18 23:11:31,472 --> ReadExcel.py         [line:24] --> INFO --> 执行用例第5步骤：输入验证码
2022-07-18 23:11:31,472 --> SeleniumWrapper.py   [line:68] --> INFO --> 以[id]方式定位[verify_code11]元素
2022-07-18 23:11:42,034 --> SeleniumWrapper.py   [line:71] --> ERROR --> 找不到元素，以[id]方式定位[verify_code11]元素定位失败！
2022-07-18 23:11:52,071 --> SeleniumWrapper.py   [line:99] --> INFO --> 截图成功存放路径：[./输入验证码_46567185.png]
2022-07-18 23:11:52,410 --> SeleniumWrapper.py   [line:68] --> INFO --> 以[id]方式定位[password]元素
2022-07-18 23:11:53,299 --> SeleniumWrapper.py   [line:68] --> INFO --> 以[id]方式定位[password]元素
2022-07-18 23:11:54,235 --> ReadExcel.py         [line:58] --> ERROR --> Traceback (most recent call last):
  File "E:\UIAutomation\common\ReadExcel.py", line 43, in excel_ruuner
    actions(excel, sheet_temp, data, path, values, driver)
  File "E:\UIAutomation\biz\PageAction.py", line 35, in actions
    getattr(driver, branch(values[1]))(**data)
  File "E:\UIAutomation\base\SeleniumWrapper.py", line 85, in input_element
    self.locator_element(name, value).send_keys(text)
  File "E:\UIAutomation\base\SeleniumWrapper.py", line 73, in locator_element
    element = self.driver.find_element(name, value)
  File "E:\ITWork\Python365\lib\site-packages\selenium\webdriver\remote\webdriver.py", line 978, in find_element
    'value': value})['value']
  File "E:\ITWork\Python365\lib\site-packages\selenium\webdriver\remote\webdriver.py", line 321, in execute
    self.error_handler.check_response(response)
  File "E:\ITWork\Python365\lib\site-packages\selenium\webdriver\remote\errorhandler.py", line 242, in check_response
    raise exception_class(message, screen, stacktrace)
selenium.common.exceptions.NoSuchElementException: Message: no such element: Unable to locate element: {"method":"css selector","selector":"[id="verify_code11"]"}
  (Session info: chrome=99.0.4844.74)


During handling of the above exception, another exception occurred:

Traceback (most recent call last):
  File "E:\UIAutomation\common\ReadExcel.py", line 46, in excel_ruuner
    error_loc(sheet_temp,values,driver)
  File "E:\UIAutomation\common\PictureDispose.py", line 25, in error_loc
    draw(errorImg,element)
  File "E:\UIAutomation\common\PictureDispose.py", line 41, in draw
    return cv2.imwrite(path, image)
cv2.error: OpenCV(4.6.0) D:\a\opencv-python\opencv-python\opencv\modules\imgcodecs\src\loadsave.cpp:801: error: (-215:Assertion failed) !_img.empty() in function 'cv::imwrite'


2022-07-18 23:13:01,599 --> Main.py              [line:20] --> INFO --> 运行./case/testcase.xlsx测试用例
2022-07-18 23:13:01,633 --> ReadExcel.py         [line:20] --> INFO --> ---------------Sheet1---------------
2022-07-18 23:13:01,633 --> ReadExcel.py         [line:24] --> INFO --> 执行用例第1步骤：创建Chrome浏览器
2022-07-18 23:13:02,827 --> WebDriverWrapper.py  [line:59] --> INFO --> 启动浏览器 --> Chrome
2022-07-18 23:13:02,829 --> ReadExcel.py         [line:24] --> INFO --> 执行用例第2步骤：访问电商系统
2022-07-18 23:13:02,829 --> SeleniumWrapper.py   [line:62] --> INFO --> 访问[http://www.testingedu.com.cn:8000/Home/User/login.html]地址
2022-07-18 23:13:06,570 --> ReadExcel.py         [line:24] --> INFO --> 执行用例第3步骤：输入账号
2022-07-18 23:13:06,571 --> SeleniumWrapper.py   [line:68] --> INFO --> 以[name]方式定位[username]元素
2022-07-18 23:13:07,601 --> SeleniumWrapper.py   [line:86] --> INFO --> 以[name]方式定位[username]元素并输入[13800138006]文本
2022-07-18 23:13:07,601 --> ReadExcel.py         [line:24] --> INFO --> 执行用例第4步骤：输入密码
2022-07-18 23:13:07,602 --> SeleniumWrapper.py   [line:68] --> INFO --> 以[id]方式定位[password]元素
2022-07-18 23:13:08,530 --> SeleniumWrapper.py   [line:86] --> INFO --> 以[id]方式定位[password]元素并输入[0000]文本
2022-07-18 23:13:08,530 --> ReadExcel.py         [line:24] --> INFO --> 执行用例第5步骤：输入验证码
2022-07-18 23:13:08,530 --> SeleniumWrapper.py   [line:68] --> INFO --> 以[id]方式定位[verify_code11]元素
2022-07-18 23:13:19,090 --> SeleniumWrapper.py   [line:71] --> ERROR --> 找不到元素，以[id]方式定位[verify_code11]元素定位失败！
2022-07-18 23:13:29,129 --> SeleniumWrapper.py   [line:99] --> INFO --> 截图成功存放路径：[./输入验证码_26609934.png]
2022-07-18 23:13:29,463 --> SeleniumWrapper.py   [line:68] --> INFO --> 以[id]方式定位[password]元素
2022-07-18 23:13:30,341 --> SeleniumWrapper.py   [line:68] --> INFO --> 以[id]方式定位[password]元素
2022-07-18 23:13:31,300 --> ReadExcel.py         [line:58] --> ERROR --> Traceback (most recent call last):
  File "E:\UIAutomation\common\ReadExcel.py", line 43, in excel_ruuner
    actions(excel, sheet_temp, data, path, values, driver)
  File "E:\UIAutomation\biz\PageAction.py", line 35, in actions
    getattr(driver, branch(values[1]))(**data)
  File "E:\UIAutomation\base\SeleniumWrapper.py", line 85, in input_element
    self.locator_element(name, value).send_keys(text)
  File "E:\UIAutomation\base\SeleniumWrapper.py", line 73, in locator_element
    element = self.driver.find_element(name, value)
  File "E:\ITWork\Python365\lib\site-packages\selenium\webdriver\remote\webdriver.py", line 978, in find_element
    'value': value})['value']
  File "E:\ITWork\Python365\lib\site-packages\selenium\webdriver\remote\webdriver.py", line 321, in execute
    self.error_handler.check_response(response)
  File "E:\ITWork\Python365\lib\site-packages\selenium\webdriver\remote\errorhandler.py", line 242, in check_response
    raise exception_class(message, screen, stacktrace)
selenium.common.exceptions.NoSuchElementException: Message: no such element: Unable to locate element: {"method":"css selector","selector":"[id="verify_code11"]"}
  (Session info: chrome=99.0.4844.74)


During handling of the above exception, another exception occurred:

Traceback (most recent call last):
  File "E:\UIAutomation\common\ReadExcel.py", line 46, in excel_ruuner
    error_loc(sheet_temp,values,driver)
  File "E:\UIAutomation\common\PictureDispose.py", line 26, in error_loc
    draw(errorImg,element)
  File "E:\UIAutomation\common\PictureDispose.py", line 42, in draw
    return cv2.imwrite(path, image)
cv2.error: OpenCV(4.6.0) D:\a\opencv-python\opencv-python\opencv\modules\imgcodecs\src\loadsave.cpp:801: error: (-215:Assertion failed) !_img.empty() in function 'cv::imwrite'


2022-07-18 23:14:05,092 --> Main.py              [line:20] --> INFO --> 运行./case/testcase.xlsx测试用例
2022-07-18 23:14:05,128 --> ReadExcel.py         [line:20] --> INFO --> ---------------Sheet1---------------
2022-07-18 23:14:05,129 --> ReadExcel.py         [line:24] --> INFO --> 执行用例第1步骤：创建Chrome浏览器
2022-07-18 23:14:06,335 --> WebDriverWrapper.py  [line:59] --> INFO --> 启动浏览器 --> Chrome
2022-07-18 23:14:06,337 --> ReadExcel.py         [line:24] --> INFO --> 执行用例第2步骤：访问电商系统
2022-07-18 23:14:06,337 --> SeleniumWrapper.py   [line:62] --> INFO --> 访问[http://www.testingedu.com.cn:8000/Home/User/login.html]地址
2022-07-18 23:14:10,598 --> ReadExcel.py         [line:24] --> INFO --> 执行用例第3步骤：输入账号
2022-07-18 23:14:10,599 --> SeleniumWrapper.py   [line:68] --> INFO --> 以[name]方式定位[username]元素
2022-07-18 23:14:11,621 --> SeleniumWrapper.py   [line:86] --> INFO --> 以[name]方式定位[username]元素并输入[13800138006]文本
2022-07-18 23:14:11,622 --> ReadExcel.py         [line:24] --> INFO --> 执行用例第4步骤：输入密码
2022-07-18 23:14:11,622 --> SeleniumWrapper.py   [line:68] --> INFO --> 以[id]方式定位[password]元素
2022-07-18 23:14:12,568 --> SeleniumWrapper.py   [line:86] --> INFO --> 以[id]方式定位[password]元素并输入[0000]文本
2022-07-18 23:14:12,568 --> ReadExcel.py         [line:24] --> INFO --> 执行用例第5步骤：输入验证码
2022-07-18 23:14:12,569 --> SeleniumWrapper.py   [line:68] --> INFO --> 以[id]方式定位[verify_code11]元素
2022-07-18 23:14:23,125 --> SeleniumWrapper.py   [line:71] --> ERROR --> 找不到元素，以[id]方式定位[verify_code11]元素定位失败！
2022-07-18 23:14:33,199 --> SeleniumWrapper.py   [line:99] --> INFO --> 截图成功存放路径：[../输入验证码_78252670.png]
2022-07-18 23:14:33,555 --> SeleniumWrapper.py   [line:68] --> INFO --> 以[id]方式定位[password]元素
2022-07-18 23:14:34,430 --> SeleniumWrapper.py   [line:68] --> INFO --> 以[id]方式定位[password]元素
2022-07-18 23:14:35,411 --> ReadExcel.py         [line:58] --> ERROR --> Traceback (most recent call last):
  File "E:\UIAutomation\common\ReadExcel.py", line 43, in excel_ruuner
    actions(excel, sheet_temp, data, path, values, driver)
  File "E:\UIAutomation\biz\PageAction.py", line 35, in actions
    getattr(driver, branch(values[1]))(**data)
  File "E:\UIAutomation\base\SeleniumWrapper.py", line 85, in input_element
    self.locator_element(name, value).send_keys(text)
  File "E:\UIAutomation\base\SeleniumWrapper.py", line 73, in locator_element
    element = self.driver.find_element(name, value)
  File "E:\ITWork\Python365\lib\site-packages\selenium\webdriver\remote\webdriver.py", line 978, in find_element
    'value': value})['value']
  File "E:\ITWork\Python365\lib\site-packages\selenium\webdriver\remote\webdriver.py", line 321, in execute
    self.error_handler.check_response(response)
  File "E:\ITWork\Python365\lib\site-packages\selenium\webdriver\remote\errorhandler.py", line 242, in check_response
    raise exception_class(message, screen, stacktrace)
selenium.common.exceptions.NoSuchElementException: Message: no such element: Unable to locate element: {"method":"css selector","selector":"[id="verify_code11"]"}
  (Session info: chrome=99.0.4844.74)


During handling of the above exception, another exception occurred:

Traceback (most recent call last):
  File "E:\UIAutomation\common\ReadExcel.py", line 46, in excel_ruuner
    error_loc(sheet_temp,values,driver)
  File "E:\UIAutomation\common\PictureDispose.py", line 26, in error_loc
    draw(errorImg,element)
  File "E:\UIAutomation\common\PictureDispose.py", line 42, in draw
    return cv2.imwrite(path, image)
cv2.error: OpenCV(4.6.0) D:\a\opencv-python\opencv-python\opencv\modules\imgcodecs\src\loadsave.cpp:801: error: (-215:Assertion failed) !_img.empty() in function 'cv::imwrite'


2022-07-18 23:15:00,410 --> Main.py              [line:20] --> INFO --> 运行./case/testcase.xlsx测试用例
2022-07-18 23:15:00,443 --> ReadExcel.py         [line:20] --> INFO --> ---------------Sheet1---------------
2022-07-18 23:15:00,443 --> ReadExcel.py         [line:24] --> INFO --> 执行用例第1步骤：创建Chrome浏览器
2022-07-18 23:15:01,721 --> WebDriverWrapper.py  [line:59] --> INFO --> 启动浏览器 --> Chrome
2022-07-18 23:15:01,724 --> ReadExcel.py         [line:24] --> INFO --> 执行用例第2步骤：访问电商系统
2022-07-18 23:15:01,724 --> SeleniumWrapper.py   [line:62] --> INFO --> 访问[http://www.testingedu.com.cn:8000/Home/User/login.html]地址
2022-07-18 23:15:05,523 --> ReadExcel.py         [line:24] --> INFO --> 执行用例第3步骤：输入账号
2022-07-18 23:15:05,523 --> SeleniumWrapper.py   [line:68] --> INFO --> 以[name]方式定位[username]元素
2022-07-18 23:15:06,457 --> SeleniumWrapper.py   [line:86] --> INFO --> 以[name]方式定位[username]元素并输入[13800138006]文本
2022-07-18 23:15:06,457 --> ReadExcel.py         [line:24] --> INFO --> 执行用例第4步骤：输入密码
2022-07-18 23:15:06,458 --> SeleniumWrapper.py   [line:68] --> INFO --> 以[id]方式定位[password]元素
2022-07-18 23:15:07,389 --> SeleniumWrapper.py   [line:86] --> INFO --> 以[id]方式定位[password]元素并输入[0000]文本
2022-07-18 23:15:07,389 --> ReadExcel.py         [line:24] --> INFO --> 执行用例第5步骤：输入验证码
2022-07-18 23:15:07,389 --> SeleniumWrapper.py   [line:68] --> INFO --> 以[id]方式定位[verify_code11]元素
2022-07-18 23:15:17,946 --> SeleniumWrapper.py   [line:71] --> ERROR --> 找不到元素，以[id]方式定位[verify_code11]元素定位失败！
2022-07-18 23:15:28,010 --> SeleniumWrapper.py   [line:99] --> INFO --> 截图成功存放路径：[./picture/输入验证码_14790255.png]
2022-07-18 23:15:28,351 --> SeleniumWrapper.py   [line:68] --> INFO --> 以[id]方式定位[password]元素
2022-07-18 23:15:29,240 --> SeleniumWrapper.py   [line:68] --> INFO --> 以[id]方式定位[password]元素
2022-07-18 23:15:30,199 --> ReadExcel.py         [line:58] --> ERROR --> Traceback (most recent call last):
  File "E:\UIAutomation\common\ReadExcel.py", line 43, in excel_ruuner
    actions(excel, sheet_temp, data, path, values, driver)
  File "E:\UIAutomation\biz\PageAction.py", line 35, in actions
    getattr(driver, branch(values[1]))(**data)
  File "E:\UIAutomation\base\SeleniumWrapper.py", line 85, in input_element
    self.locator_element(name, value).send_keys(text)
  File "E:\UIAutomation\base\SeleniumWrapper.py", line 73, in locator_element
    element = self.driver.find_element(name, value)
  File "E:\ITWork\Python365\lib\site-packages\selenium\webdriver\remote\webdriver.py", line 978, in find_element
    'value': value})['value']
  File "E:\ITWork\Python365\lib\site-packages\selenium\webdriver\remote\webdriver.py", line 321, in execute
    self.error_handler.check_response(response)
  File "E:\ITWork\Python365\lib\site-packages\selenium\webdriver\remote\errorhandler.py", line 242, in check_response
    raise exception_class(message, screen, stacktrace)
selenium.common.exceptions.NoSuchElementException: Message: no such element: Unable to locate element: {"method":"css selector","selector":"[id="verify_code11"]"}
  (Session info: chrome=99.0.4844.74)


During handling of the above exception, another exception occurred:

Traceback (most recent call last):
  File "E:\UIAutomation\common\ReadExcel.py", line 46, in excel_ruuner
    error_loc(sheet_temp,values,driver)
  File "E:\UIAutomation\common\PictureDispose.py", line 26, in error_loc
    draw(errorImg,element)
  File "E:\UIAutomation\common\PictureDispose.py", line 42, in draw
    return cv2.imwrite(path, image)
cv2.error: OpenCV(4.6.0) D:\a\opencv-python\opencv-python\opencv\modules\imgcodecs\src\loadsave.cpp:801: error: (-215:Assertion failed) !_img.empty() in function 'cv::imwrite'


2022-07-18 23:16:06,351 --> Main.py              [line:20] --> INFO --> 运行./case/testcase.xlsx测试用例
2022-07-18 23:16:06,384 --> ReadExcel.py         [line:20] --> INFO --> ---------------Sheet1---------------
2022-07-18 23:16:06,384 --> ReadExcel.py         [line:24] --> INFO --> 执行用例第1步骤：创建Chrome浏览器
2022-07-18 23:16:07,646 --> WebDriverWrapper.py  [line:59] --> INFO --> 启动浏览器 --> Chrome
2022-07-18 23:16:07,647 --> ReadExcel.py         [line:24] --> INFO --> 执行用例第2步骤：访问电商系统
2022-07-18 23:16:07,647 --> SeleniumWrapper.py   [line:62] --> INFO --> 访问[http://www.testingedu.com.cn:8000/Home/User/login.html]地址
2022-07-18 23:16:11,405 --> ReadExcel.py         [line:24] --> INFO --> 执行用例第3步骤：输入账号
2022-07-18 23:16:11,405 --> SeleniumWrapper.py   [line:68] --> INFO --> 以[name]方式定位[username]元素
2022-07-18 23:16:12,371 --> SeleniumWrapper.py   [line:86] --> INFO --> 以[name]方式定位[username]元素并输入[13800138006]文本
2022-07-18 23:16:12,371 --> ReadExcel.py         [line:24] --> INFO --> 执行用例第4步骤：输入密码
2022-07-18 23:16:12,371 --> SeleniumWrapper.py   [line:68] --> INFO --> 以[id]方式定位[password]元素
2022-07-18 23:16:13,318 --> SeleniumWrapper.py   [line:86] --> INFO --> 以[id]方式定位[password]元素并输入[0000]文本
2022-07-18 23:16:13,319 --> ReadExcel.py         [line:24] --> INFO --> 执行用例第5步骤：输入验证码
2022-07-18 23:16:13,319 --> SeleniumWrapper.py   [line:68] --> INFO --> 以[id]方式定位[verify_code11]元素
2022-07-18 23:16:23,845 --> SeleniumWrapper.py   [line:71] --> ERROR --> 找不到元素，以[id]方式定位[verify_code11]元素定位失败！
2022-07-18 23:16:33,876 --> SeleniumWrapper.py   [line:99] --> INFO --> 截图成功存放路径：[./picture/输入验证码_86258734.png]
2022-07-18 23:16:34,227 --> SeleniumWrapper.py   [line:68] --> INFO --> 以[id]方式定位[password]元素
2022-07-18 23:16:35,102 --> SeleniumWrapper.py   [line:68] --> INFO --> 以[id]方式定位[password]元素
2022-07-18 23:16:36,043 --> ReadExcel.py         [line:58] --> ERROR --> Traceback (most recent call last):
  File "E:\UIAutomation\common\ReadExcel.py", line 43, in excel_ruuner
    actions(excel, sheet_temp, data, path, values, driver)
  File "E:\UIAutomation\biz\PageAction.py", line 35, in actions
    getattr(driver, branch(values[1]))(**data)
  File "E:\UIAutomation\base\SeleniumWrapper.py", line 85, in input_element
    self.locator_element(name, value).send_keys(text)
  File "E:\UIAutomation\base\SeleniumWrapper.py", line 73, in locator_element
    element = self.driver.find_element(name, value)
  File "E:\ITWork\Python365\lib\site-packages\selenium\webdriver\remote\webdriver.py", line 978, in find_element
    'value': value})['value']
  File "E:\ITWork\Python365\lib\site-packages\selenium\webdriver\remote\webdriver.py", line 321, in execute
    self.error_handler.check_response(response)
  File "E:\ITWork\Python365\lib\site-packages\selenium\webdriver\remote\errorhandler.py", line 242, in check_response
    raise exception_class(message, screen, stacktrace)
selenium.common.exceptions.NoSuchElementException: Message: no such element: Unable to locate element: {"method":"css selector","selector":"[id="verify_code11"]"}
  (Session info: chrome=99.0.4844.74)


During handling of the above exception, another exception occurred:

Traceback (most recent call last):
  File "E:\UIAutomation\common\ReadExcel.py", line 46, in excel_ruuner
    error_loc(sheet_temp,values,driver)
  File "E:\UIAutomation\common\PictureDispose.py", line 26, in error_loc
    draw(errorImg,element)
  File "E:\UIAutomation\common\PictureDispose.py", line 43, in draw
    return cv2.imwrite(path, image)
cv2.error: OpenCV(4.6.0) D:\a\opencv-python\opencv-python\opencv\modules\imgcodecs\src\loadsave.cpp:801: error: (-215:Assertion failed) !_img.empty() in function 'cv::imwrite'


2022-07-18 23:17:17,239 --> Main.py              [line:20] --> INFO --> 运行./case/testcase.xlsx测试用例
2022-07-18 23:17:17,272 --> ReadExcel.py         [line:20] --> INFO --> ---------------Sheet1---------------
2022-07-18 23:17:17,273 --> ReadExcel.py         [line:24] --> INFO --> 执行用例第1步骤：创建Chrome浏览器
2022-07-18 23:17:18,488 --> WebDriverWrapper.py  [line:59] --> INFO --> 启动浏览器 --> Chrome
2022-07-18 23:17:18,490 --> ReadExcel.py         [line:24] --> INFO --> 执行用例第2步骤：访问电商系统
2022-07-18 23:17:18,491 --> SeleniumWrapper.py   [line:62] --> INFO --> 访问[http://www.testingedu.com.cn:8000/Home/User/login.html]地址
2022-07-18 23:17:22,505 --> ReadExcel.py         [line:24] --> INFO --> 执行用例第3步骤：输入账号
2022-07-18 23:17:22,505 --> SeleniumWrapper.py   [line:68] --> INFO --> 以[name]方式定位[username]元素
2022-07-18 23:17:23,445 --> SeleniumWrapper.py   [line:86] --> INFO --> 以[name]方式定位[username]元素并输入[13800138006]文本
2022-07-18 23:17:23,445 --> ReadExcel.py         [line:24] --> INFO --> 执行用例第4步骤：输入密码
2022-07-18 23:17:23,446 --> SeleniumWrapper.py   [line:68] --> INFO --> 以[id]方式定位[password]元素
2022-07-18 23:17:24,375 --> SeleniumWrapper.py   [line:86] --> INFO --> 以[id]方式定位[password]元素并输入[0000]文本
2022-07-18 23:17:24,376 --> ReadExcel.py         [line:24] --> INFO --> 执行用例第5步骤：输入验证码
2022-07-18 23:17:24,376 --> SeleniumWrapper.py   [line:68] --> INFO --> 以[id]方式定位[verify_code11]元素
2022-07-18 23:17:34,942 --> SeleniumWrapper.py   [line:71] --> ERROR --> 找不到元素，以[id]方式定位[verify_code11]元素定位失败！
2022-07-18 23:17:44,958 --> SeleniumWrapper.py   [line:99] --> INFO --> 截图成功存放路径：[./picture/输入验证码_48123534.png]
2022-07-18 23:17:50,239 --> SeleniumWrapper.py   [line:68] --> INFO --> 以[id]方式定位[password]元素
2022-07-18 23:17:51,144 --> SeleniumWrapper.py   [line:68] --> INFO --> 以[id]方式定位[password]元素
2022-07-18 23:17:52,103 --> ReadExcel.py         [line:58] --> ERROR --> Traceback (most recent call last):
  File "E:\UIAutomation\common\ReadExcel.py", line 43, in excel_ruuner
    actions(excel, sheet_temp, data, path, values, driver)
  File "E:\UIAutomation\biz\PageAction.py", line 35, in actions
    getattr(driver, branch(values[1]))(**data)
  File "E:\UIAutomation\base\SeleniumWrapper.py", line 85, in input_element
    self.locator_element(name, value).send_keys(text)
  File "E:\UIAutomation\base\SeleniumWrapper.py", line 73, in locator_element
    element = self.driver.find_element(name, value)
  File "E:\ITWork\Python365\lib\site-packages\selenium\webdriver\remote\webdriver.py", line 978, in find_element
    'value': value})['value']
  File "E:\ITWork\Python365\lib\site-packages\selenium\webdriver\remote\webdriver.py", line 321, in execute
    self.error_handler.check_response(response)
  File "E:\ITWork\Python365\lib\site-packages\selenium\webdriver\remote\errorhandler.py", line 242, in check_response
    raise exception_class(message, screen, stacktrace)
selenium.common.exceptions.NoSuchElementException: Message: no such element: Unable to locate element: {"method":"css selector","selector":"[id="verify_code11"]"}
  (Session info: chrome=99.0.4844.74)


During handling of the above exception, another exception occurred:

Traceback (most recent call last):
  File "E:\UIAutomation\common\ReadExcel.py", line 46, in excel_ruuner
    error_loc(sheet_temp,values,driver)
  File "E:\UIAutomation\common\PictureDispose.py", line 29, in error_loc
    draw(errorImg,element)
  File "E:\UIAutomation\common\PictureDispose.py", line 46, in draw
    return cv2.imwrite(path, image)
cv2.error: OpenCV(4.6.0) D:\a\opencv-python\opencv-python\opencv\modules\imgcodecs\src\loadsave.cpp:801: error: (-215:Assertion failed) !_img.empty() in function 'cv::imwrite'


2022-07-18 23:19:21,060 --> Main.py              [line:20] --> INFO --> 运行./case/testcase.xlsx测试用例
2022-07-18 23:19:21,094 --> ReadExcel.py         [line:20] --> INFO --> ---------------Sheet1---------------
2022-07-18 23:19:21,094 --> ReadExcel.py         [line:24] --> INFO --> 执行用例第1步骤：创建Chrome浏览器
2022-07-18 23:19:22,349 --> WebDriverWrapper.py  [line:59] --> INFO --> 启动浏览器 --> Chrome
2022-07-18 23:19:22,351 --> ReadExcel.py         [line:24] --> INFO --> 执行用例第2步骤：访问电商系统
2022-07-18 23:19:22,351 --> SeleniumWrapper.py   [line:62] --> INFO --> 访问[http://www.testingedu.com.cn:8000/Home/User/login.html]地址
2022-07-18 23:19:26,606 --> ReadExcel.py         [line:24] --> INFO --> 执行用例第3步骤：输入账号
2022-07-18 23:19:26,606 --> SeleniumWrapper.py   [line:68] --> INFO --> 以[name]方式定位[username]元素
2022-07-18 23:19:27,519 --> SeleniumWrapper.py   [line:86] --> INFO --> 以[name]方式定位[username]元素并输入[13800138006]文本
2022-07-18 23:19:27,520 --> ReadExcel.py         [line:24] --> INFO --> 执行用例第4步骤：输入密码
2022-07-18 23:19:27,520 --> SeleniumWrapper.py   [line:68] --> INFO --> 以[id]方式定位[password]元素
2022-07-18 23:19:28,487 --> SeleniumWrapper.py   [line:86] --> INFO --> 以[id]方式定位[password]元素并输入[0000]文本
2022-07-18 23:19:28,488 --> ReadExcel.py         [line:24] --> INFO --> 执行用例第5步骤：输入验证码
2022-07-18 23:19:28,488 --> SeleniumWrapper.py   [line:68] --> INFO --> 以[id]方式定位[verify_code11]元素
2022-07-18 23:19:39,925 --> connectionpool.py    [line:811] --> WARNING --> Retrying (Retry(total=2, connect=None, read=None, redirect=None, status=None)) after connection broken by 'NewConnectionError('<urllib3.connection.HTTPConnection object at 0x00000173D11FC0B8>: Failed to establish a new connection: [WinError 10061] 由于目标计算机积极拒绝，无法连接。',)': /session/cbae7cd9a79a86cf09208a50274f92fc/element
2022-07-18 23:19:41,959 --> connectionpool.py    [line:811] --> WARNING --> Retrying (Retry(total=1, connect=None, read=None, redirect=None, status=None)) after connection broken by 'NewConnectionError('<urllib3.connection.HTTPConnection object at 0x00000173D11FC898>: Failed to establish a new connection: [WinError 10061] 由于目标计算机积极拒绝，无法连接。',)': /session/cbae7cd9a79a86cf09208a50274f92fc/element
2022-07-18 23:19:44,009 --> connectionpool.py    [line:811] --> WARNING --> Retrying (Retry(total=0, connect=None, read=None, redirect=None, status=None)) after connection broken by 'NewConnectionError('<urllib3.connection.HTTPConnection object at 0x00000173D11FCC50>: Failed to establish a new connection: [WinError 10061] 由于目标计算机积极拒绝，无法连接。',)': /session/cbae7cd9a79a86cf09208a50274f92fc/element
2022-07-18 23:19:46,849 --> Main.py              [line:20] --> INFO --> 运行./case/testcase.xlsx测试用例
2022-07-18 23:19:46,891 --> ReadExcel.py         [line:20] --> INFO --> ---------------Sheet1---------------
2022-07-18 23:19:46,891 --> ReadExcel.py         [line:24] --> INFO --> 执行用例第1步骤：创建Chrome浏览器
2022-07-18 23:19:48,094 --> WebDriverWrapper.py  [line:59] --> INFO --> 启动浏览器 --> Chrome
2022-07-18 23:19:48,095 --> ReadExcel.py         [line:24] --> INFO --> 执行用例第2步骤：访问电商系统
2022-07-18 23:19:48,095 --> SeleniumWrapper.py   [line:62] --> INFO --> 访问[http://www.testingedu.com.cn:8000/Home/User/login.html]地址
2022-07-18 23:19:48,740 --> SeleniumWrapper.py   [line:99] --> INFO --> 截图成功存放路径：[./picture/error_访问电商系统_422513.png]
2022-07-18 23:19:59,558 --> Main.py              [line:20] --> INFO --> 运行./case/testcase.xlsx测试用例
2022-07-18 23:19:59,593 --> ReadExcel.py         [line:20] --> INFO --> ---------------Sheet1---------------
2022-07-18 23:19:59,593 --> ReadExcel.py         [line:24] --> INFO --> 执行用例第1步骤：创建Chrome浏览器
2022-07-18 23:20:00,778 --> WebDriverWrapper.py  [line:59] --> INFO --> 启动浏览器 --> Chrome
2022-07-18 23:20:00,779 --> ReadExcel.py         [line:24] --> INFO --> 执行用例第2步骤：访问电商系统
2022-07-18 23:20:00,780 --> SeleniumWrapper.py   [line:62] --> INFO --> 访问[http://www.testingedu.com.cn:8000/Home/User/login.html]地址
2022-07-18 23:20:04,508 --> ReadExcel.py         [line:24] --> INFO --> 执行用例第3步骤：输入账号
2022-07-18 23:20:04,508 --> SeleniumWrapper.py   [line:68] --> INFO --> 以[name]方式定位[username]元素
2022-07-18 23:20:05,518 --> SeleniumWrapper.py   [line:86] --> INFO --> 以[name]方式定位[username]元素并输入[13800138006]文本
2022-07-18 23:20:05,519 --> ReadExcel.py         [line:24] --> INFO --> 执行用例第4步骤：输入密码
2022-07-18 23:20:05,519 --> SeleniumWrapper.py   [line:68] --> INFO --> 以[id]方式定位[password]元素
2022-07-18 23:20:06,501 --> SeleniumWrapper.py   [line:86] --> INFO --> 以[id]方式定位[password]元素并输入[0000]文本
2022-07-18 23:20:06,501 --> ReadExcel.py         [line:24] --> INFO --> 执行用例第5步骤：输入验证码
2022-07-18 23:20:06,501 --> SeleniumWrapper.py   [line:68] --> INFO --> 以[id]方式定位[verify_code11]元素
2022-07-18 23:20:17,012 --> SeleniumWrapper.py   [line:71] --> ERROR --> 找不到元素，以[id]方式定位[verify_code11]元素定位失败！
2022-07-18 23:20:27,040 --> SeleniumWrapper.py   [line:99] --> INFO --> 截图成功存放路径：[./picture/error_输入验证码_598010.png]
2022-07-18 23:20:27,350 --> SeleniumWrapper.py   [line:99] --> INFO --> 截图成功存放路径：[./picture/error_输入验证码_598010.png]
2022-07-18 23:20:27,616 --> SeleniumWrapper.py   [line:68] --> INFO --> 以[id]方式定位[password]元素
2022-07-18 23:20:28,497 --> SeleniumWrapper.py   [line:68] --> INFO --> 以[id]方式定位[password]元素
2022-07-18 23:20:29,480 --> ReadExcel.py         [line:61] --> ERROR --> Traceback (most recent call last):
  File "E:\UIAutomation\common\ReadExcel.py", line 43, in excel_ruuner
    actions(excel, sheet_temp, data, path, values, driver)
  File "E:\UIAutomation\biz\PageAction.py", line 35, in actions
    getattr(driver, branch(values[1]))(**data)
  File "E:\UIAutomation\base\SeleniumWrapper.py", line 85, in input_element
    self.locator_element(name, value).send_keys(text)
  File "E:\UIAutomation\base\SeleniumWrapper.py", line 73, in locator_element
    element = self.driver.find_element(name, value)
  File "E:\ITWork\Python365\lib\site-packages\selenium\webdriver\remote\webdriver.py", line 978, in find_element
    'value': value})['value']
  File "E:\ITWork\Python365\lib\site-packages\selenium\webdriver\remote\webdriver.py", line 321, in execute
    self.error_handler.check_response(response)
  File "E:\ITWork\Python365\lib\site-packages\selenium\webdriver\remote\errorhandler.py", line 242, in check_response
    raise exception_class(message, screen, stacktrace)
selenium.common.exceptions.NoSuchElementException: Message: no such element: Unable to locate element: {"method":"css selector","selector":"[id="verify_code11"]"}
  (Session info: chrome=99.0.4844.74)


During handling of the above exception, another exception occurred:

Traceback (most recent call last):
  File "E:\UIAutomation\common\ReadExcel.py", line 49, in excel_ruuner
    error_loc(sheet_temp,values,driver,errorImg)
  File "E:\UIAutomation\common\PictureDispose.py", line 29, in error_loc
    draw(path,element)
  File "E:\UIAutomation\common\PictureDispose.py", line 46, in draw
    return cv2.imwrite(path, image)
cv2.error: OpenCV(4.6.0) D:\a\opencv-python\opencv-python\opencv\modules\imgcodecs\src\loadsave.cpp:801: error: (-215:Assertion failed) !_img.empty() in function 'cv::imwrite'


2022-07-18 23:22:45,714 --> Main.py              [line:20] --> INFO --> 运行./case/testcase.xlsx测试用例
2022-07-18 23:22:45,746 --> ReadExcel.py         [line:20] --> INFO --> ---------------Sheet1---------------
2022-07-18 23:22:45,746 --> ReadExcel.py         [line:24] --> INFO --> 执行用例第1步骤：创建Chrome浏览器
2022-07-18 23:22:46,972 --> WebDriverWrapper.py  [line:59] --> INFO --> 启动浏览器 --> Chrome
2022-07-18 23:22:46,974 --> ReadExcel.py         [line:24] --> INFO --> 执行用例第2步骤：访问电商系统
2022-07-18 23:22:46,974 --> SeleniumWrapper.py   [line:62] --> INFO --> 访问[http://www.testingedu.com.cn:8000/Home/User/login.html]地址
2022-07-18 23:22:50,523 --> ReadExcel.py         [line:24] --> INFO --> 执行用例第3步骤：输入账号
2022-07-18 23:22:50,523 --> SeleniumWrapper.py   [line:68] --> INFO --> 以[name]方式定位[username]元素
2022-07-18 23:22:51,514 --> SeleniumWrapper.py   [line:86] --> INFO --> 以[name]方式定位[username]元素并输入[13800138006]文本
2022-07-18 23:22:51,515 --> ReadExcel.py         [line:24] --> INFO --> 执行用例第4步骤：输入密码
2022-07-18 23:22:51,515 --> SeleniumWrapper.py   [line:68] --> INFO --> 以[id]方式定位[password]元素
2022-07-18 23:22:52,441 --> SeleniumWrapper.py   [line:86] --> INFO --> 以[id]方式定位[password]元素并输入[0000]文本
2022-07-18 23:22:52,441 --> ReadExcel.py         [line:24] --> INFO --> 执行用例第5步骤：输入验证码
2022-07-18 23:22:52,441 --> SeleniumWrapper.py   [line:68] --> INFO --> 以[id]方式定位[verify_code11]元素
2022-07-18 23:23:02,993 --> SeleniumWrapper.py   [line:71] --> ERROR --> 找不到元素，以[id]方式定位[verify_code11]元素定位失败！
2022-07-18 23:23:13,033 --> SeleniumWrapper.py   [line:99] --> INFO --> 截图成功存放路径：[./picture/error_600168.png]
2022-07-18 23:23:13,337 --> SeleniumWrapper.py   [line:99] --> INFO --> 截图成功存放路径：[./picture/error_600168.png]
2022-07-18 23:23:13,602 --> SeleniumWrapper.py   [line:68] --> INFO --> 以[id]方式定位[password]元素
2022-07-18 23:23:14,494 --> SeleniumWrapper.py   [line:68] --> INFO --> 以[id]方式定位[password]元素
2022-07-18 23:35:21,404 --> Main.py              [line:20] --> INFO --> 运行./case/testcase.xlsx测试用例
2022-07-18 23:35:21,436 --> ReadExcel.py         [line:20] --> INFO --> ---------------Sheet1---------------
2022-07-18 23:35:21,436 --> ReadExcel.py         [line:24] --> INFO --> 执行用例第1步骤：创建Chrome浏览器
2022-07-18 23:35:22,665 --> WebDriverWrapper.py  [line:59] --> INFO --> 启动浏览器 --> Chrome
2022-07-18 23:35:22,666 --> ReadExcel.py         [line:24] --> INFO --> 执行用例第2步骤：访问电商系统
2022-07-18 23:35:22,666 --> SeleniumWrapper.py   [line:62] --> INFO --> 访问[http://www.testingedu.com.cn:8000/Home/User/login.html]地址
2022-07-18 23:35:26,470 --> ReadExcel.py         [line:24] --> INFO --> 执行用例第3步骤：输入账号
2022-07-18 23:35:26,470 --> SeleniumWrapper.py   [line:68] --> INFO --> 以[name]方式定位[username]元素
2022-07-18 23:35:27,451 --> SeleniumWrapper.py   [line:86] --> INFO --> 以[name]方式定位[username]元素并输入[13800138006]文本
2022-07-18 23:35:27,452 --> ReadExcel.py         [line:24] --> INFO --> 执行用例第4步骤：输入密码
2022-07-18 23:35:27,452 --> SeleniumWrapper.py   [line:68] --> INFO --> 以[id]方式定位[password]元素
2022-07-18 23:35:28,375 --> SeleniumWrapper.py   [line:86] --> INFO --> 以[id]方式定位[password]元素并输入[0000]文本
2022-07-18 23:35:28,375 --> ReadExcel.py         [line:24] --> INFO --> 执行用例第5步骤：输入验证码
2022-07-18 23:35:28,375 --> SeleniumWrapper.py   [line:68] --> INFO --> 以[id]方式定位[verify_code11]元素
2022-07-18 23:35:38,934 --> SeleniumWrapper.py   [line:71] --> ERROR --> 找不到元素，以[id]方式定位[verify_code11]元素定位失败！
2022-07-18 23:35:49,004 --> SeleniumWrapper.py   [line:99] --> INFO --> 截图成功存放路径：[./picture/error_Sheet1_5_742086.png]
2022-07-18 23:35:49,276 --> SeleniumWrapper.py   [line:99] --> INFO --> 截图成功存放路径：[./picture/error_Sheet1_5_742086.png]
2022-07-18 23:35:49,533 --> SeleniumWrapper.py   [line:68] --> INFO --> 以[id]方式定位[password]元素
2022-07-18 23:35:50,416 --> SeleniumWrapper.py   [line:68] --> INFO --> 以[id]方式定位[password]元素
2022-07-18 23:36:27,654 --> Main.py              [line:20] --> INFO --> 运行./case/testcase.xlsx测试用例
2022-07-18 23:36:27,695 --> ReadExcel.py         [line:20] --> INFO --> ---------------Sheet1---------------
2022-07-18 23:36:27,695 --> ReadExcel.py         [line:24] --> INFO --> 执行用例第1步骤：创建Chrome浏览器
2022-07-18 23:36:28,864 --> WebDriverWrapper.py  [line:59] --> INFO --> 启动浏览器 --> Chrome
2022-07-18 23:36:28,865 --> ReadExcel.py         [line:24] --> INFO --> 执行用例第2步骤：访问电商系统
2022-07-18 23:36:28,865 --> SeleniumWrapper.py   [line:62] --> INFO --> 访问[http://www.testingedu.com.cn:8000/Home/User/login.html]地址
2022-07-18 23:36:32,489 --> ReadExcel.py         [line:24] --> INFO --> 执行用例第3步骤：输入账号
2022-07-18 23:36:32,489 --> SeleniumWrapper.py   [line:68] --> INFO --> 以[name]方式定位[username]元素
2022-07-18 23:36:33,448 --> SeleniumWrapper.py   [line:86] --> INFO --> 以[name]方式定位[username]元素并输入[13800138006]文本
2022-07-18 23:36:33,449 --> ReadExcel.py         [line:24] --> INFO --> 执行用例第4步骤：输入密码
2022-07-18 23:36:33,449 --> SeleniumWrapper.py   [line:68] --> INFO --> 以[id]方式定位[password]元素
2022-07-18 23:36:34,381 --> SeleniumWrapper.py   [line:86] --> INFO --> 以[id]方式定位[password]元素并输入[0000]文本
2022-07-18 23:36:34,382 --> ReadExcel.py         [line:24] --> INFO --> 执行用例第5步骤：输入验证码
2022-07-18 23:36:34,382 --> SeleniumWrapper.py   [line:68] --> INFO --> 以[id]方式定位[verify_code11]元素
2022-07-18 23:36:44,927 --> SeleniumWrapper.py   [line:71] --> ERROR --> 找不到元素，以[id]方式定位[verify_code11]元素定位失败！
2022-07-18 23:36:54,957 --> SeleniumWrapper.py   [line:99] --> INFO --> 截图成功存放路径：[./picture/error_Sheet1_5_553847.png]
2022-07-18 23:36:55,291 --> SeleniumWrapper.py   [line:99] --> INFO --> 截图成功存放路径：[./picture/error_Sheet1_5_553847.png]
2022-07-18 23:36:55,554 --> SeleniumWrapper.py   [line:68] --> INFO --> 以[id]方式定位[password]元素
2022-07-18 23:36:56,429 --> SeleniumWrapper.py   [line:68] --> INFO --> 以[id]方式定位[password]元素
2022-07-18 23:38:12,098 --> Main.py              [line:20] --> INFO --> 运行./case/testcase.xlsx测试用例
2022-07-18 23:38:12,130 --> ReadExcel.py         [line:20] --> INFO --> ---------------Sheet1---------------
2022-07-18 23:38:12,130 --> ReadExcel.py         [line:24] --> INFO --> 执行用例第1步骤：创建Chrome浏览器
2022-07-18 23:38:13,340 --> WebDriverWrapper.py  [line:59] --> INFO --> 启动浏览器 --> Chrome
2022-07-18 23:38:13,341 --> ReadExcel.py         [line:24] --> INFO --> 执行用例第2步骤：访问电商系统
2022-07-18 23:38:13,341 --> SeleniumWrapper.py   [line:62] --> INFO --> 访问[http://www.testingedu.com.cn:8000/Home/User/login.html]地址
2022-07-18 23:38:17,477 --> ReadExcel.py         [line:24] --> INFO --> 执行用例第3步骤：输入账号
2022-07-18 23:38:17,477 --> SeleniumWrapper.py   [line:68] --> INFO --> 以[name]方式定位[username]元素
2022-07-18 23:38:18,417 --> SeleniumWrapper.py   [line:86] --> INFO --> 以[name]方式定位[username]元素并输入[13800138006]文本
2022-07-18 23:38:18,418 --> ReadExcel.py         [line:24] --> INFO --> 执行用例第4步骤：输入密码
2022-07-18 23:38:18,418 --> SeleniumWrapper.py   [line:68] --> INFO --> 以[id]方式定位[password]元素
2022-07-18 23:38:19,363 --> SeleniumWrapper.py   [line:86] --> INFO --> 以[id]方式定位[password]元素并输入[0000]文本
2022-07-18 23:38:19,363 --> ReadExcel.py         [line:24] --> INFO --> 执行用例第5步骤：输入验证码
2022-07-18 23:38:19,363 --> SeleniumWrapper.py   [line:68] --> INFO --> 以[id]方式定位[verify_code11]元素
2022-07-18 23:38:29,891 --> SeleniumWrapper.py   [line:71] --> ERROR --> 找不到元素，以[id]方式定位[verify_code11]元素定位失败！
2022-07-18 23:38:39,937 --> SeleniumWrapper.py   [line:99] --> INFO --> 截图成功存放路径：[./picture/error_输入验证码_705482.png]
2022-07-18 23:38:40,204 --> SeleniumWrapper.py   [line:68] --> INFO --> 以[id]方式定位[password]元素
2022-07-18 23:38:41,064 --> SeleniumWrapper.py   [line:68] --> INFO --> 以[id]方式定位[password]元素
2022-07-18 23:39:40,996 --> Main.py              [line:20] --> INFO --> 运行./case/testcase.xlsx测试用例
2022-07-18 23:39:41,029 --> ReadExcel.py         [line:20] --> INFO --> ---------------Sheet1---------------
2022-07-18 23:39:41,030 --> ReadExcel.py         [line:24] --> INFO --> 执行用例第1步骤：创建Chrome浏览器
2022-07-18 23:39:42,273 --> WebDriverWrapper.py  [line:59] --> INFO --> 启动浏览器 --> Chrome
2022-07-18 23:39:42,274 --> ReadExcel.py         [line:24] --> INFO --> 执行用例第2步骤：访问电商系统
2022-07-18 23:39:42,274 --> SeleniumWrapper.py   [line:62] --> INFO --> 访问[http://www.testingedu.com.cn:8000/Home/User/login.html]地址
2022-07-18 23:39:45,492 --> ReadExcel.py         [line:24] --> INFO --> 执行用例第3步骤：输入账号
2022-07-18 23:39:45,492 --> SeleniumWrapper.py   [line:68] --> INFO --> 以[name]方式定位[username]元素
2022-07-18 23:39:46,506 --> SeleniumWrapper.py   [line:86] --> INFO --> 以[name]方式定位[username]元素并输入[13800138006]文本
2022-07-18 23:39:46,527 --> ReadExcel.py         [line:24] --> INFO --> 执行用例第4步骤：输入密码
2022-07-18 23:39:46,527 --> SeleniumWrapper.py   [line:68] --> INFO --> 以[id]方式定位[password]元素
2022-07-18 23:39:47,458 --> SeleniumWrapper.py   [line:86] --> INFO --> 以[id]方式定位[password]元素并输入[0000]文本
2022-07-18 23:39:47,477 --> ReadExcel.py         [line:24] --> INFO --> 执行用例第5步骤：输入验证码
2022-07-18 23:39:47,477 --> SeleniumWrapper.py   [line:68] --> INFO --> 以[id]方式定位[verify_code11]元素
2022-07-18 23:39:58,015 --> SeleniumWrapper.py   [line:71] --> ERROR --> 找不到元素，以[id]方式定位[verify_code11]元素定位失败！
2022-07-18 23:40:08,029 --> SeleniumWrapper.py   [line:99] --> INFO --> 截图成功存放路径：[./picture/error_输入验证码_680372.png]
2022-07-18 23:40:08,405 --> SeleniumWrapper.py   [line:68] --> INFO --> 以[id]方式定位[password]元素
2022-07-18 23:40:09,312 --> SeleniumWrapper.py   [line:68] --> INFO --> 以[id]方式定位[password]元素
2022-07-18 23:41:21,022 --> Main.py              [line:20] --> INFO --> 运行./case/testcase.xlsx测试用例
2022-07-18 23:41:21,055 --> ReadExcel.py         [line:20] --> INFO --> ---------------Sheet1---------------
2022-07-18 23:41:21,055 --> ReadExcel.py         [line:24] --> INFO --> 执行用例第1步骤：创建Chrome浏览器
2022-07-18 23:41:22,262 --> WebDriverWrapper.py  [line:59] --> INFO --> 启动浏览器 --> Chrome
2022-07-18 23:41:22,263 --> ReadExcel.py         [line:24] --> INFO --> 执行用例第2步骤：访问电商系统
2022-07-18 23:41:22,263 --> SeleniumWrapper.py   [line:62] --> INFO --> 访问[http://www.testingedu.com.cn:8000/Home/User/login.html]地址
2022-07-18 23:41:25,479 --> ReadExcel.py         [line:24] --> INFO --> 执行用例第3步骤：输入账号
2022-07-18 23:41:25,479 --> SeleniumWrapper.py   [line:68] --> INFO --> 以[name]方式定位[username]元素
2022-07-18 23:41:26,459 --> SeleniumWrapper.py   [line:86] --> INFO --> 以[name]方式定位[username]元素并输入[13800138006]文本
2022-07-18 23:41:26,478 --> ReadExcel.py         [line:24] --> INFO --> 执行用例第4步骤：输入密码
2022-07-18 23:41:26,479 --> SeleniumWrapper.py   [line:68] --> INFO --> 以[id]方式定位[password]元素
2022-07-18 23:41:27,445 --> SeleniumWrapper.py   [line:86] --> INFO --> 以[id]方式定位[password]元素并输入[0000]文本
2022-07-18 23:41:27,465 --> ReadExcel.py         [line:24] --> INFO --> 执行用例第5步骤：输入验证码
2022-07-18 23:41:27,465 --> SeleniumWrapper.py   [line:68] --> INFO --> 以[id]方式定位[verify_code11]元素
2022-07-18 23:41:38,020 --> SeleniumWrapper.py   [line:71] --> ERROR --> 找不到元素，以[id]方式定位[verify_code11]元素定位失败！
2022-07-18 23:41:48,050 --> SeleniumWrapper.py   [line:99] --> INFO --> 截图成功存放路径：[./picture/error_输入验证码_675521.png]
2022-07-18 23:41:48,374 --> SeleniumWrapper.py   [line:68] --> INFO --> 以[id]方式定位[password]元素
2022-07-18 23:41:49,263 --> SeleniumWrapper.py   [line:68] --> INFO --> 以[id]方式定位[password]元素
